[UNIMARC] Starting Enhanced Universal Product Scraper
[UNIMARC] Store: unimarc
[UNIMARC] Categories: bebidas, snacks, lacteos, carnes, panaderia, aseo
[UNIMARC] Max products: 999999
[UNIMARC] Max pages per category: 100000
[UNIMARC] Dry run: false
[UNIMARC] Navigating to https://www.unimarc.cl
[UNIMARC] Request failed: https://www.googletagmanager.com/gtm.js?id=GTM-TSJPRBR net::ERR_FAILED
[UNIMARC] Request failed: https://www.googletagmanager.com/gtm.js?id=GTM-TSJPRBR net::ERR_FAILED
[UNIMARC] Discovered 6 category URLs from homepage navigation
[UNIMARC] Starting category 1/6: bebidas
[UNIMARC] Scraping category: bebidas with 1 URL patterns
[UNIMARC] Attempting to load: https://www.unimarc.cl/category/bebidas-y-licores/bebidas?volume=3-l&categories=bebidas-y-licores&categories=bebidas&orderBy=OrderByBestDiscountDESC?page=1
[UNIMARC] Request failed: https://maps.googleapis.com/maps-api-v3/api/js/61/14/intl/es_419/util.js net::ERR_ABORTED
[UNIMARC] Request failed: https://images.ctfassets.net/un6yvtd6uq5z/7ju8W2L3B5moRCW9DAr15x/ec3ed3f3f40eb9d710604df05690202d/Unipay_Desktop.png net::ERR_ABORTED
[UNIMARC] Request failed: https://www.google.com/recaptcha/enterprise.js?render=6Lf0bhIqAAAAAEYqidelSGgsW0Eh76BIu1F0LCtO&hl=es-419 net::ERR_ABORTED
[UNIMARC] Request failed: https://maps.googleapis.com/maps-api-v3/api/js/61/14/intl/es_419/common.js net::ERR_ABORTED
[UNIMARC] Request failed: https://images.ctfassets.net/un6yvtd6uq5z/6gCVoT8ujvWI89KhGkTAUh/ae04ae236a3098ae0d54174557fb0819/Carrusel_720_560_px_LP-2.webp net::ERR_ABORTED
[UNIMARC] Request failed: https://images.ctfassets.net/un6yvtd6uq5z/4OqwOnDFUEfhH1AHIrLjjs/b3744d1aea846a0c1c81600f764b60d2/Carrusel_720_560_px_TENTO-2.webp net::ERR_ABORTED
[UNIMARC] Request failed: https://images.ctfassets.net/un6yvtd6uq5z/7IO62LP1YvhV2Gpxbn0PWv/e2190dd0e1b4db21076c95e1de35bb1b/Unired_desktop.png net::ERR_ABORTED
[UNIMARC] Request failed: https://images.ctfassets.net/un6yvtd6uq5z/511Whm072KvjyRCQfS0y1b/2a582ffd38ec7af31aa065a9a7d309fd/Carrusel_720_560_px_DK-2.webp net::ERR_ABORTED
[UNIMARC] Request failed: https://maps.googleapis.com/maps-api-v3/api/js/61/14/intl/es_419/controls.js net::ERR_ABORTED
[UNIMARC] Request failed: https://images.ctfassets.net/un6yvtd6uq5z/4xnR1vD5ubVygSXe1qouDx/888dd63a27db966977fcbdf84ef526b7/Carrusel_720_560_px_FRA-2.webp net::ERR_ABORTED
[UNIMARC] Request failed: https://images.ctfassets.net/un6yvtd6uq5z/3pWLXAYwNvpMUoBYv6gxwO/fb4e7ea406e5426c7a08bff61f1289ca/Carrusel_720_560_px_NC-2.webp net::ERR_ABORTED
[UNIMARC] Request failed: https://images.ctfassets.net/un6yvtd6uq5z/5r4FTDRHPwYycQvoBRuZTr/cfef68bf2f39d6a615c66746e4e0d123/Carrusel_720_560_px_SC-2.webp net::ERR_ABORTED
[UNIMARC] Request failed: https://www.unimarc.cl/_next/static/chunks/896.fad07675fac767a1.js net::ERR_ABORTED
[UNIMARC] Request failed: https://images.ctfassets.net/un6yvtd6uq5z/2oROAJqNlLJEcH4vNcqNIo/cd32d87eefc38ccbfe80459d5272f205/Carrusel_720_560_px_NB-2.webp net::ERR_ABORTED
[UNIMARC] Request failed: https://images.ctfassets.net/un6yvtd6uq5z/2o9r5CggGB5CN3ScuCoAfr/7773409539b2aef5302b6602fa8ab29f/Carrusel_720_560_px_AP-2.webp net::ERR_ABORTED
[UNIMARC] Request failed: https://images.ctfassets.net/un6yvtd6uq5z/1ABxkhdd355PG0WNECcIYa/11689a862cb63c42db8106d67bf4a490/Asistencia_desktop.png net::ERR_ABORTED
[UNIMARC] Request failed: https://images.ctfassets.net/un6yvtd6uq5z/1110mKnHCjD4qYhBnIEAbk/df3afec82d6f046533a2c8b64cdee3c6/Descubreme_desktop.png net::ERR_ABORTED
[UNIMARC] Request failed: https://images.ctfassets.net/un6yvtd6uq5z/3QRyMim2mrxtDolN3B5jbD/3d0e222cfc6cb35f20912e9bd36d1fc4/Carrusel_720_560_px_WT-2.webp net::ERR_ABORTED
[UNIMARC] Request failed: https://www.unimarc.cl/rb_bf86935lnw?type=js3&sn=v_4_srv_8_sn_050BF47C5E4B8B168D85778C6941F59A_perc_100000_ol_0_mul_1_app-3A342883faf8721018_1&svrid=8&flavor=post&vi=AAKRJUSJMQCPCKAUBHGARUWGTUASMMTB-0&modifiedSince=1754955535673&bp=3&app=342883faf8721018&crc=4255728517&en=vj319xci&end=1 net::ERR_ABORTED
[UNIMARC] Request failed: https://images.ctfassets.net/un6yvtd6uq5z/79v2Ra1z0nUsbgRWmnWvdp/9b3710da5d989b8a95980f8f827c971b/Desktop_-_Descarga_la_App.png net::ERR_ABORTED
[UNIMARC] Request failed: https://config.ff.harness.io/api/1.0/stream?cluster=2 net::ERR_ABORTED
[UNIMARC] Request failed: https://images.ctfassets.net/un6yvtd6uq5z/fEv2XV8M19HnoK1oFtx6q/102b3161dd466c4bbc7cb5fc3ca9b30e/Carrusel_720_560_px_CC-2.webp net::ERR_ABORTED
[UNIMARC] Request failed: https://www.unimarc.cl/rb_bf86935lnw?type=js3&sn=v_4_srv_8_sn_050BF47C5E4B8B168D85778C6941F59A_perc_100000_ol_0_mul_1_app-3A342883faf8721018_1&svrid=8&flavor=post&vi=AAKRJUSJMQCPCKAUBHGARUWGTUASMMTB-0&modifiedSince=1754955535673&bp=3&app=342883faf8721018&crc=378267114&en=vj319xci&end=1 net::ERR_ABORTED
[UNIMARC] Request failed: https://www.unimarc.cl/rb_bf86935lnw?type=js3&sn=v_4_srv_8_sn_050BF47C5E4B8B168D85778C6941F59A_perc_100000_ol_0_mul_1_app-3A342883faf8721018_1&svrid=8&flavor=post&vi=AAKRJUSJMQCPCKAUBHGARUWGTUASMMTB-0&modifiedSince=1754955535673&bp=3&app=342883faf8721018&crc=4255728517&en=vj319xci&end=1 net::ERR_ABORTED
[UNIMARC] Request failed: https://images.ctfassets.net/un6yvtd6uq5z/5HgP9dmygVmwF3DU3Dhy0w/296c03fb7efdaccb286bbb490a1bc68b/Carrusel_720_560_px_AM-2.webp net::ERR_ABORTED
[UNIMARC] Request failed: https://www.unimarc.cl/_next/static/chunks/944.c25618e6d601e0c6.js net::ERR_ABORTED
[UNIMARC] Request failed: https://maps.googleapis.com/maps-api-v3/api/js/61/14/intl/es_419/places_impl.js net::ERR_ABORTED
[UNIMARC] Request failed: https://unimarc.vtexassets.com/arquivos/ids/250472/000000000000053809-UN-01.jpg?v=638900893335670000 net::ERR_ABORTED
[UNIMARC] Request failed: https://images.ctfassets.net/un6yvtd6uq5z/2oIAaFliM7vu0jcds1oGSZ/01de85f964a2b6592717800bc4bafd5a/Quesos__2_.png net::ERR_ABORTED
[UNIMARC] Request failed: https://unimarc.vtexassets.com/arquivos/ids/234989/000000000000665517-UN-01.jpg?v=638264238985800000 net::ERR_ABORTED
[UNIMARC] Request failed: https://images.ctfassets.net/un6yvtd6uq5z/3kGrzP7axD6YDSQpJSi73K/c2960761734cd5a3dc421a615f8cd2ab/Frutas__2_.png net::ERR_ABORTED
[UNIMARC] Request failed: https://unimarc.vtexassets.com/arquivos/ids/236705/000000000666404004-UN-01.jpg?v=638368595605530000 net::ERR_ABORTED
[UNIMARC] Request failed: https://images.ctfassets.net/un6yvtd6uq5z/5xgjobVrs85FFgQSzneBEC/5c2fdb36ff1258336ba921f72174b534/lacteos.png net::ERR_ABORTED
[UNIMARC] Request failed: https://unimarc.vtexassets.com/arquivos/ids/249532/000000000000047585-UN-PROMO.jpg?v=638852575120100000 net::ERR_ABORTED
[UNIMARC] Request failed: https://unimarc.vtexassets.com/arquivos/ids/228044/000000000000265090-UN-01.jpg?v=637932365175670000 net::ERR_ABORTED
[UNIMARC] Request failed: https://unimarc.vtexassets.com/arquivos/ids/234987/000000000000665516-UN-01.jpg?v=638264233806900000 net::ERR_ABORTED
[UNIMARC] Request failed: https://images.ctfassets.net/un6yvtd6uq5z/1Sjb1QH0Btb10JCoQ41Tug/5751a21cc0a4fe5884a939df259c3e7c/Panaderia__3_.png net::ERR_ABORTED
[UNIMARC] Request failed: https://unimarc.vtexassets.com/arquivos/ids/218245/000000000000024157-UN-01.jpg?v=637631029068070000 net::ERR_ABORTED
[UNIMARC] Request failed: https://unimarc.vtexassets.com/arquivos/ids/247489/000000000647370007-UN-01.jpg?v=638775643073930000 net::ERR_ABORTED
[UNIMARC] Request failed: https://unimarc.vtexassets.com/arquivos/ids/247869/000000000666414001-UN-01.jpg.jpg?v=638793106063500000 net::ERR_ABORTED
[UNIMARC] Request failed: https://unimarc.vtexassets.com/arquivos/ids/230096/000000000000662371-UN-01.jpg?v=638024139122530000 net::ERR_ABORTED
[UNIMARC] Request failed: https://images.ctfassets.net/un6yvtd6uq5z/1O6ylGecBNWdnZ6G7FF3Tl/07a7c7af43e454ae2aa2cf70d0e467ad/Congelados__3_.png net::ERR_ABORTED
[UNIMARC] Request failed: https://unimarc.vtexassets.com/arquivos/ids/245048/000000000000008892-DIS-01.jpg?v=638663281578500000 net::ERR_ABORTED
[UNIMARC] Request failed: https://unimarc.vtexassets.com/arquivos/ids/250131/000000000000673614-UN-01.jpg?v=638884495986030000 net::ERR_ABORTED
[UNIMARC] Request failed: https://unimarc.vtexassets.com/arquivos/ids/246907/000000000000649867-UN-01.jpg.jpg?v=638753923790200000 net::ERR_ABORTED
[UNIMARC] Request failed: https://unimarc.vtexassets.com/arquivos/ids/204430/000000000000173117-UN-01.jpg?v=637402190037700000 net::ERR_ABORTED
[UNIMARC] Request failed: https://unimarc.vtexassets.com/arquivos/ids/204435/000000000000005959-UN-01.jpg?v=637402195489930000 net::ERR_ABORTED
[UNIMARC] Request failed: https://unimarc.vtexassets.com/arquivos/ids/250588/000000000000179959-UN-01.jpg?v=638902708407070000 net::ERR_ABORTED
[UNIMARC] Request failed: https://unimarc.vtexassets.com/arquivos/ids/221940/000000000000653425-UN-01.jpg?v=638563943722900000 net::ERR_ABORTED
[UNIMARC] Request failed: https://unimarc.vtexassets.com/arquivos/ids/218326/000000000000651989-UN-01.jpg?v=638312736320270000 net::ERR_ABORTED
[UNIMARC] Request failed: https://images.ctfassets.net/un6yvtd6uq5z/5mOAMPkY40xYuTKys0J5Ww/720946148afe4d00082e8298ed44c9b9/despensa.png net::ERR_ABORTED
[UNIMARC] Request failed: https://unimarc.vtexassets.com/arquivos/ids/236703/000000000666404002-UN-01.jpg?v=638368595595670000 net::ERR_ABORTED
[UNIMARC] Request failed: https://unimarc.vtexassets.com/arquivos/ids/223517/000000000000179965-UN-01.jpg?v=637787229539270000 net::ERR_ABORTED
[UNIMARC] Request failed: https://unimarc.vtexassets.com/arquivos/ids/246256/000000000000666430-1.jpg?v=638720480073500000 net::ERR_ABORTED
[UNIMARC] Request failed: https://unimarc.vtexassets.com/arquivos/ids/213086/000000000000650071-UN-01.jpg?v=637532444624800000 net::ERR_ABORTED
[UNIMARC] Request failed: https://images.ctfassets.net/un6yvtd6uq5z/7Kqgo3WUt7EDaPoVNCZqvY/20152eafa03f5eb272a521ef44a864f1/Carnes.png net::ERR_ABORTED
[UNIMARC] Request failed: https://unimarc.vtexassets.com/arquivos/ids/246284/000000000636520007-1.jpg?v=638720494178000000 net::ERR_ABORTED
[UNIMARC] Request failed: https://unimarc.vtexassets.com/arquivos/ids/231887/000000000000211130-UN-01.jpg?v=638094988624870000 net::ERR_ABORTED
[UNIMARC] Request failed: https://unimarc.vtexassets.com/arquivos/ids/232101/000000000000137434-UN.jpg?v=638114873726400000 net::ERR_ABORTED
[UNIMARC] Request failed: https://unimarc.vtexassets.com/arquivos/ids/231118/000000000000038087-KG-01.jpg?v=638054313231530000 net::ERR_ABORTED
[UNIMARC] Request failed: https://images.ctfassets.net/un6yvtd6uq5z/3KsF8CJVJWBVpqOykXGv3i/e2a1265416d41c3830aba50461fc65b8/medios_de_pago.png net::ERR_ABORTED
[UNIMARC] Request failed: https://unimarc.vtexassets.com/arquivos/ids/197222/000000000000639787-UN-01.jpg?v=637280187415500000 net::ERR_ABORTED
[UNIMARC] Request failed: https://unimarc.vtexassets.com/arquivos/ids/236669/000000000000666403-UN-01.jpg?v=638368595470970000 net::ERR_ABORTED
[UNIMARC] Request failed: https://unimarc.vtexassets.com/arquivos/ids/233909/000000000000023985-KGV-01.jpg?v=638218397513500000 net::ERR_ABORTED
[UNIMARC] Request failed: https://unimarc.vtexassets.com/arquivos/ids/236666/000000000000666400-UN-01.jpg?v=638368595461230000 net::ERR_ABORTED
[UNIMARC] Request failed: https://www.googletagmanager.com/gtm.js?id=GTM-TSJPRBR net::ERR_FAILED
[UNIMARC] Request failed: https://www.googletagmanager.com/gtm.js?id=GTM-TSJPRBR net::ERR_FAILED
[UNIMARC] Request failed: https://www.gstatic.com/recaptcha/releases/07cvpCr3Xe3g2ttJNUkC6W0J/recaptcha__es_419.js net::ERR_FAILED
[UNIMARC] Request failed: https://www.googletagmanager.com/gtm.js?id=GTM-TSJPRBR net::ERR_FAILED
[UNIMARC] Scroll error: page.evaluate: SyntaxError: Failed to execute 'querySelectorAll' on 'Document': 'button:has-text("Cargar"), button:has-text("Ver más"), button:has-text("Mostrar más"), .load-more, .show-more' is not a valid selector.
    at eval (eval at evaluate (:291:30), <anonymous>:7:44)
    at UtilityScript.evaluate (<anonymous>:293:16)
    at UtilityScript.<anonymous> (<anonymous>:1:44)
[UNIMARC] Scrolling complete: 0 scrolls, final height: 0
[UNIMARC] Attempting to load: https://www.unimarc.cl/category/bebidas-y-licores/bebidas?volume=3-l&categories=bebidas-y-licores&categories=bebidas&orderBy=OrderByBestDiscountDESC?p=1
[UNIMARC] Request failed: https://www.unimarc.cl/rb_bf86935lnw?type=js3&sn=v_4_srv_8_sn_050BF47C5E4B8B168D85778C6941F59A_perc_100000_ol_0_mul_1_app-3A342883faf8721018_1&svrid=8&flavor=post&vi=AAKRJUSJMQCPCKAUBHGARUWGTUASMMTB-0&modifiedSince=1754955535673&bp=3&app=342883faf8721018&crc=2764876172&en=vj319xci&end=1 net::ERR_ABORTED
[UNIMARC] Request failed: https://config.ff.harness.io/api/1.0/stream?cluster=2 net::ERR_ABORTED
[UNIMARC] Request failed: https://www.googletagmanager.com/gtm.js?id=GTM-TSJPRBR net::ERR_FAILED
[UNIMARC] Request failed: https://www.gstatic.com/recaptcha/releases/07cvpCr3Xe3g2ttJNUkC6W0J/recaptcha__es_419.js net::ERR_FAILED
[UNIMARC] Request failed: https://www.googletagmanager.com/gtm.js?id=GTM-TSJPRBR net::ERR_FAILED
[UNIMARC] Request failed: https://www.googletagmanager.com/gtm.js?id=GTM-TSJPRBR net::ERR_FAILED
[UNIMARC] Scroll error: page.evaluate: SyntaxError: Failed to execute 'querySelectorAll' on 'Document': 'button:has-text("Cargar"), button:has-text("Ver más"), button:has-text("Mostrar más"), .load-more, .show-more' is not a valid selector.
    at eval (eval at evaluate (:291:30), <anonymous>:7:44)
    at UtilityScript.evaluate (<anonymous>:293:16)
    at UtilityScript.<anonymous> (<anonymous>:1:44)
[UNIMARC] Scrolling complete: 0 scrolls, final height: 0
[UNIMARC] Attempting to load: https://www.unimarc.cl/category/bebidas-y-licores/bebidas?volume=3-l&categories=bebidas-y-licores&categories=bebidas&orderBy=OrderByBestDiscountDESC/1
[UNIMARC] Request failed: https://config.ff.harness.io/api/1.0/stream?cluster=2 net::ERR_ABORTED
[UNIMARC] Request failed: https://www.unimarc.cl/rb_bf86935lnw?type=js3&sn=v_4_srv_8_sn_050BF47C5E4B8B168D85778C6941F59A_perc_100000_ol_0_mul_1_app-3A342883faf8721018_1&svrid=8&flavor=post&vi=AAKRJUSJMQCPCKAUBHGARUWGTUASMMTB-0&modifiedSince=1754955535673&bp=3&app=342883faf8721018&crc=3703342772&en=vj319xci&end=1 net::ERR_ABORTED
[UNIMARC] Request failed: https://cdn.contentful.com/spaces/un6yvtd6uq5z/environments/master/entries?fields.platform=Web+Unimarc+eComm&fields.referenceId=407&fields.referenceType=category&content_type=landingpagesParaLaWeb net::ERR_ABORTED
[UNIMARC] Request failed: https://www.unimarc.cl/rb_bf86935lnw?type=js3&sn=v_4_srv_8_sn_050BF47C5E4B8B168D85778C6941F59A_perc_100000_ol_0_mul_1_app-3A342883faf8721018_1&svrid=8&flavor=post&vi=AAKRJUSJMQCPCKAUBHGARUWGTUASMMTB-0&modifiedSince=1754955535673&bp=3&app=342883faf8721018&crc=477906263&en=vj319xci&end=1 net::ERR_ABORTED
[UNIMARC] Request failed: https://www.googletagmanager.com/gtm.js?id=GTM-TSJPRBR net::ERR_FAILED
[UNIMARC] Request failed: https://www.gstatic.com/recaptcha/releases/07cvpCr3Xe3g2ttJNUkC6W0J/recaptcha__es_419.js net::ERR_FAILED
[UNIMARC] Request failed: https://www.googletagmanager.com/gtm.js?id=GTM-TSJPRBR net::ERR_FAILED
[UNIMARC] Request failed: https://www.googletagmanager.com/gtm.js?id=GTM-TSJPRBR net::ERR_FAILED
[UNIMARC] Scroll error: page.evaluate: SyntaxError: Failed to execute 'querySelectorAll' on 'Document': 'button:has-text("Cargar"), button:has-text("Ver más"), button:has-text("Mostrar más"), .load-more, .show-more' is not a valid selector.
    at eval (eval at evaluate (:291:30), <anonymous>:7:44)
    at UtilityScript.evaluate (<anonymous>:293:16)
    at UtilityScript.<anonymous> (<anonymous>:1:44)
[UNIMARC] Scrolling complete: 0 scrolls, final height: 0
[UNIMARC] Attempting to load: https://www.unimarc.cl/category/bebidas-y-licores/bebidas?volume=3-l&categories=bebidas-y-licores&categories=bebidas&orderBy=OrderByBestDiscountDESC&page=1
[UNIMARC] Request failed: https://www.unimarc.cl/rb_bf86935lnw?type=js3&sn=v_4_srv_8_sn_050BF47C5E4B8B168D85778C6941F59A_perc_100000_ol_0_mul_1_app-3A342883faf8721018_1&svrid=8&flavor=post&vi=AAKRJUSJMQCPCKAUBHGARUWGTUASMMTB-0&modifiedSince=1754955535673&bp=3&app=342883faf8721018&crc=4280505871&en=vj319xci&end=1 net::ERR_ABORTED
[UNIMARC] Request failed: https://config.ff.harness.io/api/1.0/stream?cluster=2 net::ERR_ABORTED
[UNIMARC] Request failed: https://www.googletagmanager.com/gtm.js?id=GTM-TSJPRBR net::ERR_FAILED
[UNIMARC] Request failed: https://www.gstatic.com/recaptcha/releases/07cvpCr3Xe3g2ttJNUkC6W0J/recaptcha__es_419.js net::ERR_FAILED
[UNIMARC] Request failed: https://www.googletagmanager.com/gtm.js?id=GTM-TSJPRBR net::ERR_FAILED
[UNIMARC] Request failed: https://www.googletagmanager.com/gtm.js?id=GTM-TSJPRBR net::ERR_FAILED
[UNIMARC] Scroll error: page.evaluate: SyntaxError: Failed to execute 'querySelectorAll' on 'Document': 'button:has-text("Cargar"), button:has-text("Ver más"), button:has-text("Mostrar más"), .load-more, .show-more' is not a valid selector.
    at eval (eval at evaluate (:291:30), <anonymous>:7:44)
    at UtilityScript.evaluate (<anonymous>:293:16)
    at UtilityScript.<anonymous> (<anonymous>:1:44)
[UNIMARC] Scrolling complete: 0 scrolls, final height: 0
[UNIMARC] Attempting to load: https://www.unimarc.cl/category/bebidas-y-licores/bebidas?volume=3-l&categories=bebidas-y-licores&categories=bebidas&orderBy=OrderByBestDiscountDESC
[UNIMARC] Request failed: https://config.ff.harness.io/api/1.0/stream?cluster=2 net::ERR_ABORTED
[UNIMARC] Request failed: https://www.unimarc.cl/rb_bf86935lnw?type=js3&sn=v_4_srv_8_sn_050BF47C5E4B8B168D85778C6941F59A_perc_100000_ol_0_mul_1_app-3A342883faf8721018_1&svrid=8&flavor=post&vi=AAKRJUSJMQCPCKAUBHGARUWGTUASMMTB-0&modifiedSince=1754955535673&bp=3&app=342883faf8721018&crc=785095614&en=vj319xci&end=1 net::ERR_ABORTED
[UNIMARC] Request failed: https://www.googletagmanager.com/gtm.js?id=GTM-TSJPRBR net::ERR_FAILED
[UNIMARC] Request failed: https://www.gstatic.com/recaptcha/releases/07cvpCr3Xe3g2ttJNUkC6W0J/recaptcha__es_419.js net::ERR_FAILED
[UNIMARC] Request failed: https://www.googletagmanager.com/gtm.js?id=GTM-TSJPRBR net::ERR_FAILED
[UNIMARC] Request failed: https://www.googletagmanager.com/gtm.js?id=GTM-TSJPRBR net::ERR_FAILED
[UNIMARC] Scroll error: page.evaluate: SyntaxError: Failed to execute 'querySelectorAll' on 'Document': 'button:has-text("Cargar"), button:has-text("Ver más"), button:has-text("Mostrar más"), .load-more, .show-more' is not a valid selector.
    at eval (eval at evaluate (:291:30), <anonymous>:7:44)
    at UtilityScript.evaluate (<anonymous>:293:16)
    at UtilityScript.<anonymous> (<anonymous>:1:44)
[UNIMARC] Scrolling complete: 0 scrolls, final height: 0
[UNIMARC] No valid URL pattern worked for page 1 of bebidas
[UNIMARC] Completed scraping category bebidas: 0 total products
[UNIMARC] Category bebidas completed. Estimated remaining time: 10 minutes
[UNIMARC] Starting category 2/6: snacks
[UNIMARC] Scraping category: snacks with 1 URL patterns
[UNIMARC] Attempting to load: https://www.unimarc.cl/ofertas/galletas-chocolate-seleccion-110825?page=1
[UNIMARC] Request failed: https://www.unimarc.cl/rb_bf86935lnw?type=js3&sn=v_4_srv_8_sn_050BF47C5E4B8B168D85778C6941F59A_perc_100000_ol_0_mul_1_app-3A342883faf8721018_1&svrid=8&flavor=post&vi=AAKRJUSJMQCPCKAUBHGARUWGTUASMMTB-0&modifiedSince=1754955535673&bp=3&app=342883faf8721018&crc=3120007540&en=vj319xci&end=1 net::ERR_ABORTED
[UNIMARC] Request failed: https://config.ff.harness.io/api/1.0/stream?cluster=2 net::ERR_ABORTED
[UNIMARC] Request failed: https://www.googletagmanager.com/gtm.js?id=GTM-TSJPRBR net::ERR_FAILED
[UNIMARC] Request failed: https://www.gstatic.com/recaptcha/releases/07cvpCr3Xe3g2ttJNUkC6W0J/recaptcha__es_419.js net::ERR_FAILED
[UNIMARC] Request failed: https://www.googletagmanager.com/gtm.js?id=GTM-TSJPRBR net::ERR_FAILED
[UNIMARC] Scroll error: page.evaluate: SyntaxError: Failed to execute 'querySelectorAll' on 'Document': 'button:has-text("Cargar"), button:has-text("Ver más"), button:has-text("Mostrar más"), .load-more, .show-more' is not a valid selector.
    at eval (eval at evaluate (:291:30), <anonymous>:7:44)
    at UtilityScript.evaluate (<anonymous>:293:16)
    at UtilityScript.<anonymous> (<anonymous>:1:44)
[UNIMARC] Scrolling complete: 0 scrolls, final height: 0
[UNIMARC] Attempting to load: https://www.unimarc.cl/ofertas/galletas-chocolate-seleccion-110825?p=1
[UNIMARC] Request failed: https://config.ff.harness.io/api/1.0/stream?cluster=2 net::ERR_ABORTED
[UNIMARC] Request failed: https://www.unimarc.cl/rb_bf86935lnw?type=js3&sn=v_4_srv_8_sn_050BF47C5E4B8B168D85778C6941F59A_perc_100000_ol_0_mul_1_app-3A342883faf8721018_1&svrid=8&flavor=post&vi=AAKRJUSJMQCPCKAUBHGARUWGTUASMMTB-0&modifiedSince=1754955535673&bp=3&app=342883faf8721018&crc=1060799652&en=vj319xci&end=1 net::ERR_ABORTED
[UNIMARC] Request failed: https://www.googletagmanager.com/gtm.js?id=GTM-TSJPRBR net::ERR_FAILED
[UNIMARC] Request failed: https://www.gstatic.com/recaptcha/releases/07cvpCr3Xe3g2ttJNUkC6W0J/recaptcha__es_419.js net::ERR_FAILED
[UNIMARC] Request failed: https://www.googletagmanager.com/gtm.js?id=GTM-TSJPRBR net::ERR_FAILED
[UNIMARC] Request failed: https://www.googletagmanager.com/gtm.js?id=GTM-TSJPRBR net::ERR_FAILED
[UNIMARC] Scroll error: page.evaluate: SyntaxError: Failed to execute 'querySelectorAll' on 'Document': 'button:has-text("Cargar"), button:has-text("Ver más"), button:has-text("Mostrar más"), .load-more, .show-more' is not a valid selector.
    at eval (eval at evaluate (:291:30), <anonymous>:7:44)
    at UtilityScript.evaluate (<anonymous>:293:16)
    at UtilityScript.<anonymous> (<anonymous>:1:44)
[UNIMARC] Scrolling complete: 0 scrolls, final height: 0
[UNIMARC] Attempting to load: https://www.unimarc.cl/ofertas/galletas-chocolate-seleccion-110825/1
[UNIMARC] Request failed: https://config.ff.harness.io/api/1.0/stream?cluster=2 net::ERR_ABORTED
[UNIMARC] Request failed: https://www.unimarc.cl/rb_bf86935lnw?type=js3&sn=v_4_srv_8_sn_050BF47C5E4B8B168D85778C6941F59A_perc_100000_ol_0_mul_1_app-3A342883faf8721018_1&svrid=8&flavor=post&vi=AAKRJUSJMQCPCKAUBHGARUWGTUASMMTB-0&modifiedSince=1754955535673&bp=3&app=342883faf8721018&crc=779354352&en=vj319xci&end=1 net::ERR_ABORTED
[UNIMARC] Request failed: https://www.googletagmanager.com/gtm.js?id=GTM-TSJPRBR net::ERR_FAILED
[UNIMARC] Request failed: https://www.gstatic.com/recaptcha/releases/07cvpCr3Xe3g2ttJNUkC6W0J/recaptcha__es_419.js net::ERR_FAILED
[UNIMARC] Request failed: https://www.googletagmanager.com/gtm.js?id=GTM-TSJPRBR net::ERR_FAILED
[UNIMARC] Scroll error: page.evaluate: SyntaxError: Failed to execute 'querySelectorAll' on 'Document': 'button:has-text("Cargar"), button:has-text("Ver más"), button:has-text("Mostrar más"), .load-more, .show-more' is not a valid selector.
    at eval (eval at evaluate (:291:30), <anonymous>:7:44)
    at UtilityScript.evaluate (<anonymous>:293:16)
    at UtilityScript.<anonymous> (<anonymous>:1:44)
[UNIMARC] Scrolling complete: 0 scrolls, final height: 0
[UNIMARC] Attempting to load: https://www.unimarc.cl/ofertas/galletas-chocolate-seleccion-110825&page=1
[UNIMARC] Request failed: https://www.unimarc.cl/rb_bf86935lnw?type=js3&sn=v_4_srv_8_sn_050BF47C5E4B8B168D85778C6941F59A_perc_100000_ol_0_mul_1_app-3A342883faf8721018_1&svrid=8&flavor=post&vi=AAKRJUSJMQCPCKAUBHGARUWGTUASMMTB-0&modifiedSince=1754955535673&bp=3&app=342883faf8721018&crc=3487859048&en=vj319xci&end=1 net::ERR_ABORTED
[UNIMARC] Request failed: https://config.ff.harness.io/api/1.0/stream?cluster=2 net::ERR_ABORTED
[UNIMARC] Page returned 404: https://www.unimarc.cl/ofertas/galletas-chocolate-seleccion-110825&page=1
[UNIMARC] Attempting to load: https://www.unimarc.cl/ofertas/galletas-chocolate-seleccion-110825
[UNIMARC] Request failed: https://www.googletagmanager.com/gtm.js?id=GTM-TSJPRBR net::ERR_FAILED
[UNIMARC] Request failed: https://www.gstatic.com/recaptcha/releases/07cvpCr3Xe3g2ttJNUkC6W0J/recaptcha__es_419.js net::ERR_FAILED
[UNIMARC] Request failed: https://www.googletagmanager.com/gtm.js?id=GTM-TSJPRBR net::ERR_FAILED
[UNIMARC] Request failed: https://config.ff.harness.io/api/1.0/stream?cluster=2 net::ERR_ABORTED
[UNIMARC] Request failed: https://www.unimarc.cl/rb_bf86935lnw?type=js3&sn=v_4_srv_8_sn_050BF47C5E4B8B168D85778C6941F59A_perc_100000_ol_0_mul_1_app-3A342883faf8721018_1&svrid=8&flavor=post&vi=AAKRJUSJMQCPCKAUBHGARUWGTUASMMTB-0&modifiedSince=1754955535673&bp=3&app=342883faf8721018&crc=2185788518&en=vj319xci&end=1 net::ERR_ABORTED
[UNIMARC] Request failed: https://bff-unimarc-web.unimarc.cl/bff-api/categories/2 net::ERR_ABORTED
[UNIMARC] Request failed: https://www.googletagmanager.com/gtm.js?id=GTM-TSJPRBR net::ERR_FAILED
[UNIMARC] Request failed: https://www.gstatic.com/recaptcha/releases/07cvpCr3Xe3g2ttJNUkC6W0J/recaptcha__es_419.js net::ERR_FAILED
[UNIMARC] Request failed: https://www.googletagmanager.com/gtm.js?id=GTM-TSJPRBR net::ERR_FAILED
[UNIMARC] Scroll error: page.evaluate: SyntaxError: Failed to execute 'querySelectorAll' on 'Document': 'button:has-text("Cargar"), button:has-text("Ver más"), button:has-text("Mostrar más"), .load-more, .show-more' is not a valid selector.
    at eval (eval at evaluate (:291:30), <anonymous>:7:44)
    at UtilityScript.evaluate (<anonymous>:293:16)
    at UtilityScript.<anonymous> (<anonymous>:1:44)
[UNIMARC] Scrolling complete: 0 scrolls, final height: 0
[UNIMARC] No valid URL pattern worked for page 1 of snacks
[UNIMARC] Completed scraping category snacks: 0 total products
[UNIMARC] Category snacks completed. Estimated remaining time: 5 minutes
[UNIMARC] Starting category 3/6: lacteos
[UNIMARC] Scraping category: lacteos with 1 URL patterns
[UNIMARC] Attempting to load: https://www.unimarc.cl/search?q=leche?page=1
[UNIMARC] Request failed: https://config.ff.harness.io/api/1.0/stream?cluster=2 net::ERR_ABORTED
[UNIMARC] Request failed: https://www.unimarc.cl/rb_bf86935lnw?type=js3&sn=v_4_srv_8_sn_050BF47C5E4B8B168D85778C6941F59A_perc_100000_ol_0_mul_1_app-3A342883faf8721018_1&svrid=8&flavor=post&vi=AAKRJUSJMQCPCKAUBHGARUWGTUASMMTB-0&modifiedSince=1754955535673&bp=3&app=342883faf8721018&crc=3802193334&en=vj319xci&end=1 net::ERR_ABORTED
[UNIMARC] Request failed: https://www.unimarc.cl/rb_bf86935lnw?type=js3&sn=v_4_srv_8_sn_050BF47C5E4B8B168D85778C6941F59A_perc_100000_ol_0_mul_1_app-3A342883faf8721018_1&svrid=8&flavor=post&vi=AAKRJUSJMQCPCKAUBHGARUWGTUASMMTB-0&modifiedSince=1754955535673&bp=3&app=342883faf8721018&crc=296911109&en=vj319xci&end=1 net::ERR_ABORTED
[UNIMARC] Request failed: https://www.googletagmanager.com/gtm.js?id=GTM-TSJPRBR net::ERR_FAILED
[UNIMARC] Request failed: https://www.gstatic.com/recaptcha/releases/07cvpCr3Xe3g2ttJNUkC6W0J/recaptcha__es_419.js net::ERR_FAILED
[UNIMARC] Request failed: https://www.googletagmanager.com/gtm.js?id=GTM-TSJPRBR net::ERR_FAILED
[UNIMARC] Request failed: https://www.googletagmanager.com/gtm.js?id=GTM-TSJPRBR net::ERR_FAILED
[UNIMARC] Scroll error: page.evaluate: SyntaxError: Failed to execute 'querySelectorAll' on 'Document': 'button:has-text("Cargar"), button:has-text("Ver más"), button:has-text("Mostrar más"), .load-more, .show-more' is not a valid selector.
    at eval (eval at evaluate (:291:30), <anonymous>:7:44)
    at UtilityScript.evaluate (<anonymous>:293:16)
    at UtilityScript.<anonymous> (<anonymous>:1:44)
[UNIMARC] Scrolling complete: 0 scrolls, final height: 0
[UNIMARC] Attempting to load: https://www.unimarc.cl/search?q=leche?p=1
[UNIMARC] Request failed: https://config.ff.harness.io/api/1.0/stream?cluster=2 net::ERR_ABORTED
[UNIMARC] Request failed: https://www.unimarc.cl/rb_bf86935lnw?type=js3&sn=v_4_srv_8_sn_050BF47C5E4B8B168D85778C6941F59A_perc_100000_ol_0_mul_1_app-3A342883faf8721018_1&svrid=8&flavor=post&vi=AAKRJUSJMQCPCKAUBHGARUWGTUASMMTB-0&modifiedSince=1754955535673&bp=3&app=342883faf8721018&crc=2677198423&en=vj319xci&end=1 net::ERR_ABORTED
[UNIMARC] Request failed: https://www.googletagmanager.com/gtm.js?id=GTM-TSJPRBR net::ERR_FAILED
[UNIMARC] Request failed: https://www.gstatic.com/recaptcha/releases/07cvpCr3Xe3g2ttJNUkC6W0J/recaptcha__es_419.js net::ERR_FAILED
[UNIMARC] Request failed: https://www.googletagmanager.com/gtm.js?id=GTM-TSJPRBR net::ERR_FAILED
[UNIMARC] Scroll error: page.evaluate: SyntaxError: Failed to execute 'querySelectorAll' on 'Document': 'button:has-text("Cargar"), button:has-text("Ver más"), button:has-text("Mostrar más"), .load-more, .show-more' is not a valid selector.
    at eval (eval at evaluate (:291:30), <anonymous>:7:44)
    at UtilityScript.evaluate (<anonymous>:293:16)
    at UtilityScript.<anonymous> (<anonymous>:1:44)
[UNIMARC] Scrolling complete: 0 scrolls, final height: 0
[UNIMARC] Attempting to load: https://www.unimarc.cl/search?q=leche/1
[UNIMARC] Request failed: https://www.unimarc.cl/rb_bf86935lnw?type=js3&sn=v_4_srv_8_sn_050BF47C5E4B8B168D85778C6941F59A_perc_100000_ol_0_mul_1_app-3A342883faf8721018_1&svrid=8&flavor=post&vi=AAKRJUSJMQCPCKAUBHGARUWGTUASMMTB-0&modifiedSince=1754955535673&bp=3&app=342883faf8721018&crc=1823142591&en=vj319xci&end=1 net::ERR_ABORTED
[UNIMARC] Request failed: https://config.ff.harness.io/api/1.0/stream?cluster=2 net::ERR_ABORTED
[UNIMARC] Request failed: https://www.googletagmanager.com/gtm.js?id=GTM-TSJPRBR net::ERR_FAILED
[UNIMARC] Request failed: https://www.gstatic.com/recaptcha/releases/07cvpCr3Xe3g2ttJNUkC6W0J/recaptcha__es_419.js net::ERR_FAILED
[UNIMARC] Request failed: https://www.googletagmanager.com/gtm.js?id=GTM-TSJPRBR net::ERR_FAILED
[UNIMARC] Scroll error: page.evaluate: SyntaxError: Failed to execute 'querySelectorAll' on 'Document': 'button:has-text("Cargar"), button:has-text("Ver más"), button:has-text("Mostrar más"), .load-more, .show-more' is not a valid selector.
    at eval (eval at evaluate (:291:30), <anonymous>:7:44)
    at UtilityScript.evaluate (<anonymous>:293:16)
    at UtilityScript.<anonymous> (<anonymous>:1:44)
[UNIMARC] Scrolling complete: 0 scrolls, final height: 0
[UNIMARC] Attempting to load: https://www.unimarc.cl/search?q=leche&page=1
[UNIMARC] Request failed: https://www.unimarc.cl/rb_bf86935lnw?type=js3&sn=v_4_srv_8_sn_050BF47C5E4B8B168D85778C6941F59A_perc_100000_ol_0_mul_1_app-3A342883faf8721018_1&svrid=8&flavor=post&vi=AAKRJUSJMQCPCKAUBHGARUWGTUASMMTB-0&modifiedSince=1754955535673&bp=3&app=342883faf8721018&crc=4127359901&en=vj319xci&end=1 net::ERR_ABORTED
[UNIMARC] Request failed: https://www.unimarc.cl/rb_bf86935lnw?type=js3&sn=v_4_srv_8_sn_050BF47C5E4B8B168D85778C6941F59A_perc_100000_ol_0_mul_1_app-3A342883faf8721018_1&svrid=8&flavor=post&vi=AAKRJUSJMQCPCKAUBHGARUWGTUASMMTB-0&modifiedSince=1754955535673&bp=3&app=342883faf8721018&crc=2281118096&en=vj319xci&end=1 net::ERR_ABORTED
[UNIMARC] Request failed: https://config.ff.harness.io/api/1.0/stream?cluster=2 net::ERR_ABORTED
[UNIMARC] Request failed: https://www.googletagmanager.com/gtm.js?id=GTM-TSJPRBR net::ERR_FAILED
[UNIMARC] Request failed: https://www.googletagmanager.com/gtm.js?id=GTM-TSJPRBR net::ERR_FAILED
[UNIMARC] Request failed: https://www.gstatic.com/recaptcha/releases/07cvpCr3Xe3g2ttJNUkC6W0J/recaptcha__es_419.js net::ERR_FAILED
[UNIMARC] Request failed: https://www.googletagmanager.com/gtm.js?id=GTM-TSJPRBR net::ERR_FAILED
[UNIMARC] Scroll error: page.evaluate: SyntaxError: Failed to execute 'querySelectorAll' on 'Document': 'button:has-text("Cargar"), button:has-text("Ver más"), button:has-text("Mostrar más"), .load-more, .show-more' is not a valid selector.
    at eval (eval at evaluate (:291:30), <anonymous>:7:44)
    at UtilityScript.evaluate (<anonymous>:293:16)
    at UtilityScript.<anonymous> (<anonymous>:1:44)
[UNIMARC] Scrolling complete: 0 scrolls, final height: 0
[UNIMARC] Attempting to load: https://www.unimarc.cl/search?q=leche
[UNIMARC] Request failed: https://config.ff.harness.io/api/1.0/stream?cluster=2 net::ERR_ABORTED
[UNIMARC] Request failed: https://www.unimarc.cl/rb_bf86935lnw?type=js3&sn=v_4_srv_8_sn_050BF47C5E4B8B168D85778C6941F59A_perc_100000_ol_0_mul_1_app-3A342883faf8721018_1&svrid=8&flavor=post&vi=AAKRJUSJMQCPCKAUBHGARUWGTUASMMTB-0&modifiedSince=1754955535673&bp=3&app=342883faf8721018&crc=850111898&en=vj319xci&end=1 net::ERR_ABORTED
[UNIMARC] Request failed: https://www.unimarc.cl/rb_bf86935lnw?type=js3&sn=v_4_srv_8_sn_050BF47C5E4B8B168D85778C6941F59A_perc_100000_ol_0_mul_1_app-3A342883faf8721018_1&svrid=8&flavor=post&vi=AAKRJUSJMQCPCKAUBHGARUWGTUASMMTB-0&modifiedSince=1754955535673&bp=3&app=342883faf8721018&crc=850111898&en=vj319xci&end=1 net::ERR_ABORTED
[UNIMARC] Request failed: https://www.unimarc.cl/rb_bf86935lnw?type=js3&sn=v_4_srv_8_sn_050BF47C5E4B8B168D85778C6941F59A_perc_100000_ol_0_mul_1_app-3A342883faf8721018_1&svrid=8&flavor=post&vi=AAKRJUSJMQCPCKAUBHGARUWGTUASMMTB-0&modifiedSince=1754955535673&bp=3&app=342883faf8721018&crc=8364262&en=vj319xci&end=1 net::ERR_ABORTED
[UNIMARC] Request failed: https://www.googletagmanager.com/gtm.js?id=GTM-TSJPRBR net::ERR_FAILED
[UNIMARC] Request failed: https://www.gstatic.com/recaptcha/releases/07cvpCr3Xe3g2ttJNUkC6W0J/recaptcha__es_419.js net::ERR_FAILED
[UNIMARC] Request failed: https://www.googletagmanager.com/gtm.js?id=GTM-TSJPRBR net::ERR_FAILED
[UNIMARC] Request failed: https://www.googletagmanager.com/gtm.js?id=GTM-TSJPRBR net::ERR_FAILED
[UNIMARC] Scroll error: page.evaluate: SyntaxError: Failed to execute 'querySelectorAll' on 'Document': 'button:has-text("Cargar"), button:has-text("Ver más"), button:has-text("Mostrar más"), .load-more, .show-more' is not a valid selector.
    at eval (eval at evaluate (:291:30), <anonymous>:7:44)
    at UtilityScript.evaluate (<anonymous>:293:16)
    at UtilityScript.<anonymous> (<anonymous>:1:44)
[UNIMARC] Scrolling complete: 0 scrolls, final height: 0
[UNIMARC] No valid URL pattern worked for page 1 of lacteos
[UNIMARC] Completed scraping category lacteos: 0 total products
[UNIMARC] Category lacteos completed. Estimated remaining time: 3 minutes
[UNIMARC] Starting category 4/6: carnes
[UNIMARC] Scraping category: carnes with 1 URL patterns
[UNIMARC] Attempting to load: https://www.unimarc.cl/category/carnes/vacuno/molida-bistec-y-otros?page=1
[UNIMARC] Request failed: https://config.ff.harness.io/api/1.0/stream?cluster=2 net::ERR_ABORTED
[UNIMARC] Request failed: https://www.unimarc.cl/rb_bf86935lnw?type=js3&sn=v_4_srv_8_sn_050BF47C5E4B8B168D85778C6941F59A_perc_100000_ol_0_mul_1_app-3A342883faf8721018_1&svrid=8&flavor=post&vi=AAKRJUSJMQCPCKAUBHGARUWGTUASMMTB-0&modifiedSince=1754955535673&bp=3&app=342883faf8721018&crc=3327506950&en=vj319xci&end=1 net::ERR_ABORTED
[UNIMARC] Request failed: https://www.googletagmanager.com/gtm.js?id=GTM-TSJPRBR net::ERR_FAILED
[UNIMARC] Request failed: https://www.gstatic.com/recaptcha/releases/07cvpCr3Xe3g2ttJNUkC6W0J/recaptcha__es_419.js net::ERR_FAILED
[UNIMARC] Request failed: https://www.googletagmanager.com/gtm.js?id=GTM-TSJPRBR net::ERR_FAILED
[UNIMARC] Scroll error: page.evaluate: SyntaxError: Failed to execute 'querySelectorAll' on 'Document': 'button:has-text("Cargar"), button:has-text("Ver más"), button:has-text("Mostrar más"), .load-more, .show-more' is not a valid selector.
    at eval (eval at evaluate (:291:30), <anonymous>:7:44)
    at UtilityScript.evaluate (<anonymous>:293:16)
    at UtilityScript.<anonymous> (<anonymous>:1:44)
[UNIMARC] Scrolling complete: 0 scrolls, final height: 0
[UNIMARC] Attempting to load: https://www.unimarc.cl/category/carnes/vacuno/molida-bistec-y-otros?p=1
[UNIMARC] Request failed: https://www.unimarc.cl/rb_bf86935lnw?type=js3&sn=v_4_srv_8_sn_050BF47C5E4B8B168D85778C6941F59A_perc_100000_ol_0_mul_1_app-3A342883faf8721018_1&svrid=8&flavor=post&vi=AAKRJUSJMQCPCKAUBHGARUWGTUASMMTB-0&modifiedSince=1754955535673&bp=3&app=342883faf8721018&crc=1303450402&en=vj319xci&end=1 net::ERR_ABORTED
[UNIMARC] Request failed: https://config.ff.harness.io/api/1.0/stream?cluster=2 net::ERR_ABORTED
[UNIMARC] Request failed: https://www.googletagmanager.com/gtm.js?id=GTM-TSJPRBR net::ERR_FAILED
[UNIMARC] Request failed: https://www.gstatic.com/recaptcha/releases/07cvpCr3Xe3g2ttJNUkC6W0J/recaptcha__es_419.js net::ERR_FAILED
[UNIMARC] Request failed: https://www.googletagmanager.com/gtm.js?id=GTM-TSJPRBR net::ERR_FAILED
[UNIMARC] Request failed: https://www.googletagmanager.com/gtm.js?id=GTM-TSJPRBR net::ERR_FAILED
[UNIMARC] Scroll error: page.evaluate: SyntaxError: Failed to execute 'querySelectorAll' on 'Document': 'button:has-text("Cargar"), button:has-text("Ver más"), button:has-text("Mostrar más"), .load-more, .show-more' is not a valid selector.
    at eval (eval at evaluate (:291:30), <anonymous>:7:44)
    at UtilityScript.evaluate (<anonymous>:293:16)
    at UtilityScript.<anonymous> (<anonymous>:1:44)
[UNIMARC] Scrolling complete: 0 scrolls, final height: 0
[UNIMARC] Attempting to load: https://www.unimarc.cl/category/carnes/vacuno/molida-bistec-y-otros/1
[UNIMARC] Request failed: https://www.unimarc.cl/rb_bf86935lnw?type=js3&sn=v_4_srv_8_sn_050BF47C5E4B8B168D85778C6941F59A_perc_100000_ol_0_mul_1_app-3A342883faf8721018_1&svrid=8&flavor=post&vi=AAKRJUSJMQCPCKAUBHGARUWGTUASMMTB-0&modifiedSince=1754955535673&bp=3&app=342883faf8721018&crc=1677408196&en=vj319xci&end=1 net::ERR_ABORTED
[UNIMARC] Request failed: https://config.ff.harness.io/api/1.0/stream?cluster=2 net::ERR_ABORTED
[UNIMARC] Page returned 404: https://www.unimarc.cl/category/carnes/vacuno/molida-bistec-y-otros/1
[UNIMARC] Attempting to load: https://www.unimarc.cl/category/carnes/vacuno/molida-bistec-y-otros&page=1
[UNIMARC] Request failed: https://www.googletagmanager.com/gtm.js?id=GTM-TSJPRBR net::ERR_FAILED
[UNIMARC] Request failed: https://www.gstatic.com/recaptcha/releases/07cvpCr3Xe3g2ttJNUkC6W0J/recaptcha__es_419.js net::ERR_FAILED
[UNIMARC] Request failed: https://www.unimarc.cl/_next/data/MbvSQIyvKsVUOXRNlk4mo/category/carnes/vacuno/molida-bistec-y-otros/1.json?categories=carnes&categories=vacuno&categories=molida-bistec-y-otros&categories=1 net::ERR_ABORTED
[UNIMARC] Request failed: https://config.ff.harness.io/api/1.0/stream?cluster=2 net::ERR_ABORTED
[UNIMARC] Request failed: https://www.unimarc.cl/rb_bf86935lnw?type=js3&sn=v_4_srv_8_sn_050BF47C5E4B8B168D85778C6941F59A_perc_100000_ol_0_mul_1_app-3A342883faf8721018_1&svrid=8&flavor=post&vi=AAKRJUSJMQCPCKAUBHGARUWGTUASMMTB-0&modifiedSince=1754955535673&bp=3&app=342883faf8721018&crc=1405707585&en=vj319xci&end=1 net::ERR_ABORTED
[UNIMARC] Page returned 404: https://www.unimarc.cl/category/carnes/vacuno/molida-bistec-y-otros&page=1
[UNIMARC] Attempting to load: https://www.unimarc.cl/category/carnes/vacuno/molida-bistec-y-otros
[UNIMARC] Request failed: https://www.googletagmanager.com/gtm.js?id=GTM-TSJPRBR net::ERR_FAILED
[UNIMARC] Request failed: https://www.gstatic.com/recaptcha/releases/07cvpCr3Xe3g2ttJNUkC6W0J/recaptcha__es_419.js net::ERR_FAILED
[UNIMARC] Request failed: https://config.ff.harness.io/api/1.0/stream?cluster=2 net::ERR_ABORTED
[UNIMARC] Request failed: https://www.unimarc.cl/_next/data/MbvSQIyvKsVUOXRNlk4mo/category/carnes/vacuno/molida-bistec-y-otros&page=1.json?categories=carnes&categories=vacuno&categories=molida-bistec-y-otros%26page%3D1 net::ERR_ABORTED
[UNIMARC] Request failed: https://www.unimarc.cl/rb_bf86935lnw?type=js3&sn=v_4_srv_8_sn_050BF47C5E4B8B168D85778C6941F59A_perc_100000_ol_0_mul_1_app-3A342883faf8721018_1&svrid=8&flavor=post&vi=AAKRJUSJMQCPCKAUBHGARUWGTUASMMTB-0&modifiedSince=1754955535673&bp=3&app=342883faf8721018&crc=1678135357&en=vj319xci&end=1 net::ERR_ABORTED
[UNIMARC] Request failed: https://www.googletagmanager.com/gtm.js?id=GTM-TSJPRBR net::ERR_FAILED
[UNIMARC] Request failed: https://www.gstatic.com/recaptcha/releases/07cvpCr3Xe3g2ttJNUkC6W0J/recaptcha__es_419.js net::ERR_FAILED
[UNIMARC] Request failed: https://www.googletagmanager.com/gtm.js?id=GTM-TSJPRBR net::ERR_FAILED
[UNIMARC] Scroll error: page.evaluate: SyntaxError: Failed to execute 'querySelectorAll' on 'Document': 'button:has-text("Cargar"), button:has-text("Ver más"), button:has-text("Mostrar más"), .load-more, .show-more' is not a valid selector.
    at eval (eval at evaluate (:291:30), <anonymous>:7:44)
    at UtilityScript.evaluate (<anonymous>:293:16)
    at UtilityScript.<anonymous> (<anonymous>:1:44)
[UNIMARC] Scrolling complete: 0 scrolls, final height: 0
[UNIMARC] No valid URL pattern worked for page 1 of carnes
[UNIMARC] Completed scraping category carnes: 0 total products
[UNIMARC] Category carnes completed. Estimated remaining time: 2 minutes
[UNIMARC] Starting category 5/6: panaderia
[UNIMARC] Scraping category: panaderia with 1 URL patterns
[UNIMARC] Attempting to load: https://www.unimarc.cl/category/bebes-y-ninos/panales-y-toallas-humedas/panales?page=1
[UNIMARC] Request failed: https://config.ff.harness.io/api/1.0/stream?cluster=2 net::ERR_ABORTED
[UNIMARC] Request failed: https://www.unimarc.cl/rb_bf86935lnw?type=js3&sn=v_4_srv_8_sn_050BF47C5E4B8B168D85778C6941F59A_perc_100000_ol_0_mul_1_app-3A342883faf8721018_1&svrid=8&flavor=post&vi=AAKRJUSJMQCPCKAUBHGARUWGTUASMMTB-0&modifiedSince=1754955535673&bp=3&app=342883faf8721018&crc=1195635058&en=vj319xci&end=1 net::ERR_ABORTED
[UNIMARC] Request failed: https://www.googletagmanager.com/gtm.js?id=GTM-TSJPRBR net::ERR_FAILED
[UNIMARC] Request failed: https://www.gstatic.com/recaptcha/releases/07cvpCr3Xe3g2ttJNUkC6W0J/recaptcha__es_419.js net::ERR_FAILED
[UNIMARC] Request failed: https://www.googletagmanager.com/gtm.js?id=GTM-TSJPRBR net::ERR_FAILED
[UNIMARC] Scroll error: page.evaluate: SyntaxError: Failed to execute 'querySelectorAll' on 'Document': 'button:has-text("Cargar"), button:has-text("Ver más"), button:has-text("Mostrar más"), .load-more, .show-more' is not a valid selector.
    at eval (eval at evaluate (:291:30), <anonymous>:7:44)
    at UtilityScript.evaluate (<anonymous>:293:16)
    at UtilityScript.<anonymous> (<anonymous>:1:44)
[UNIMARC] Scrolling complete: 0 scrolls, final height: 0
[UNIMARC] Attempting to load: https://www.unimarc.cl/category/bebes-y-ninos/panales-y-toallas-humedas/panales?p=1
[UNIMARC] Request failed: https://config.ff.harness.io/api/1.0/stream?cluster=2 net::ERR_ABORTED
[UNIMARC] Request failed: https://www.unimarc.cl/rb_bf86935lnw?type=js3&sn=v_4_srv_8_sn_050BF47C5E4B8B168D85778C6941F59A_perc_100000_ol_0_mul_1_app-3A342883faf8721018_1&svrid=8&flavor=post&vi=AAKRJUSJMQCPCKAUBHGARUWGTUASMMTB-0&modifiedSince=1754955535673&bp=3&app=342883faf8721018&crc=735004294&en=vj319xci&end=1 net::ERR_ABORTED
[UNIMARC] Request failed: https://www.googletagmanager.com/gtm.js?id=GTM-TSJPRBR net::ERR_FAILED
[UNIMARC] Request failed: https://www.gstatic.com/recaptcha/releases/07cvpCr3Xe3g2ttJNUkC6W0J/recaptcha__es_419.js net::ERR_FAILED
[UNIMARC] Request failed: https://www.googletagmanager.com/gtm.js?id=GTM-TSJPRBR net::ERR_FAILED
[UNIMARC] Request failed: https://www.googletagmanager.com/gtm.js?id=GTM-TSJPRBR net::ERR_FAILED
[UNIMARC] Scroll error: page.evaluate: SyntaxError: Failed to execute 'querySelectorAll' on 'Document': 'button:has-text("Cargar"), button:has-text("Ver más"), button:has-text("Mostrar más"), .load-more, .show-more' is not a valid selector.
    at eval (eval at evaluate (:291:30), <anonymous>:7:44)
    at UtilityScript.evaluate (<anonymous>:293:16)
    at UtilityScript.<anonymous> (<anonymous>:1:44)
[UNIMARC] Scrolling complete: 0 scrolls, final height: 0
[UNIMARC] Attempting to load: https://www.unimarc.cl/category/bebes-y-ninos/panales-y-toallas-humedas/panales/1
[UNIMARC] Request failed: https://www.unimarc.cl/rb_bf86935lnw?type=js3&sn=v_4_srv_8_sn_050BF47C5E4B8B168D85778C6941F59A_perc_100000_ol_0_mul_1_app-3A342883faf8721018_1&svrid=8&flavor=post&vi=AAKRJUSJMQCPCKAUBHGARUWGTUASMMTB-0&modifiedSince=1754955535673&bp=3&app=342883faf8721018&crc=1508030763&en=vj319xci&end=1 net::ERR_ABORTED
[UNIMARC] Request failed: https://config.ff.harness.io/api/1.0/stream?cluster=2 net::ERR_ABORTED
[UNIMARC] Page returned 404: https://www.unimarc.cl/category/bebes-y-ninos/panales-y-toallas-humedas/panales/1
[UNIMARC] Attempting to load: https://www.unimarc.cl/category/bebes-y-ninos/panales-y-toallas-humedas/panales&page=1
[UNIMARC] Request failed: https://www.googletagmanager.com/gtm.js?id=GTM-TSJPRBR net::ERR_FAILED
[UNIMARC] Request failed: https://www.gstatic.com/recaptcha/releases/07cvpCr3Xe3g2ttJNUkC6W0J/recaptcha__es_419.js net::ERR_FAILED
[UNIMARC] Request failed: https://www.unimarc.cl/rb_bf86935lnw?type=js3&sn=v_4_srv_8_sn_050BF47C5E4B8B168D85778C6941F59A_perc_100000_ol_0_mul_1_app-3A342883faf8721018_1&svrid=8&flavor=post&vi=AAKRJUSJMQCPCKAUBHGARUWGTUASMMTB-0&modifiedSince=1754955535673&bp=3&app=342883faf8721018&crc=1848416641&en=vj319xci&end=1 net::ERR_ABORTED
[UNIMARC] Request failed: https://config.ff.harness.io/api/1.0/stream?cluster=2 net::ERR_ABORTED
[UNIMARC] Request failed: https://www.unimarc.cl/_next/data/MbvSQIyvKsVUOXRNlk4mo/category/bebes-y-ninos/panales-y-toallas-humedas/panales/1.json?categories=bebes-y-ninos&categories=panales-y-toallas-humedas&categories=panales&categories=1 net::ERR_ABORTED
[UNIMARC] Page returned 404: https://www.unimarc.cl/category/bebes-y-ninos/panales-y-toallas-humedas/panales&page=1
[UNIMARC] Attempting to load: https://www.unimarc.cl/category/bebes-y-ninos/panales-y-toallas-humedas/panales
[UNIMARC] Request failed: https://www.googletagmanager.com/gtm.js?id=GTM-TSJPRBR net::ERR_FAILED
[UNIMARC] Request failed: https://www.gstatic.com/recaptcha/releases/07cvpCr3Xe3g2ttJNUkC6W0J/recaptcha__es_419.js net::ERR_FAILED
[UNIMARC] Request failed: https://www.unimarc.cl/_next/data/MbvSQIyvKsVUOXRNlk4mo/category/bebes-y-ninos/panales-y-toallas-humedas/panales&page=1.json?categories=bebes-y-ninos&categories=panales-y-toallas-humedas&categories=panales%26page%3D1 net::ERR_ABORTED
[UNIMARC] Request failed: https://config.ff.harness.io/api/1.0/stream?cluster=2 net::ERR_ABORTED
[UNIMARC] Request failed: https://www.unimarc.cl/rb_bf86935lnw?type=js3&sn=v_4_srv_8_sn_050BF47C5E4B8B168D85778C6941F59A_perc_100000_ol_0_mul_1_app-3A342883faf8721018_1&svrid=8&flavor=post&vi=AAKRJUSJMQCPCKAUBHGARUWGTUASMMTB-0&modifiedSince=1754955535673&bp=3&app=342883faf8721018&crc=3628176938&en=vj319xci&end=1 net::ERR_ABORTED
[UNIMARC] Request failed: https://www.googletagmanager.com/gtm.js?id=GTM-TSJPRBR net::ERR_FAILED
[UNIMARC] Request failed: https://www.gstatic.com/recaptcha/releases/07cvpCr3Xe3g2ttJNUkC6W0J/recaptcha__es_419.js net::ERR_FAILED
[UNIMARC] Request failed: https://www.googletagmanager.com/gtm.js?id=GTM-TSJPRBR net::ERR_FAILED
[UNIMARC] Scroll error: page.evaluate: SyntaxError: Failed to execute 'querySelectorAll' on 'Document': 'button:has-text("Cargar"), button:has-text("Ver más"), button:has-text("Mostrar más"), .load-more, .show-more' is not a valid selector.
    at eval (eval at evaluate (:291:30), <anonymous>:7:44)
    at UtilityScript.evaluate (<anonymous>:293:16)
    at UtilityScript.<anonymous> (<anonymous>:1:44)
[UNIMARC] Scrolling complete: 0 scrolls, final height: 0
[UNIMARC] No valid URL pattern worked for page 1 of panaderia
[UNIMARC] Completed scraping category panaderia: 0 total products
[UNIMARC] Category panaderia completed. Estimated remaining time: 1 minutes
[UNIMARC] Starting category 6/6: aseo
[UNIMARC] Scraping category: aseo with 1 URL patterns
[UNIMARC] Attempting to load: https://www.unimarc.cl/category/limpieza/detergente?categories=limpieza&categories=detergente&orderBy=OrderByPriceASC?page=1
[UNIMARC] Request failed: https://www.unimarc.cl/rb_bf86935lnw?type=js3&sn=v_4_srv_8_sn_050BF47C5E4B8B168D85778C6941F59A_perc_100000_ol_0_mul_1_app-3A342883faf8721018_1&svrid=8&flavor=post&vi=AAKRJUSJMQCPCKAUBHGARUWGTUASMMTB-0&modifiedSince=1754955535673&bp=3&app=342883faf8721018&crc=4227042963&en=vj319xci&end=1 net::ERR_ABORTED
[UNIMARC] Request failed: https://config.ff.harness.io/api/1.0/stream?cluster=2 net::ERR_ABORTED
[UNIMARC] Request failed: https://www.googletagmanager.com/gtm.js?id=GTM-TSJPRBR net::ERR_FAILED
[UNIMARC] Request failed: https://www.gstatic.com/recaptcha/releases/07cvpCr3Xe3g2ttJNUkC6W0J/recaptcha__es_419.js net::ERR_FAILED
[UNIMARC] Request failed: https://www.googletagmanager.com/gtm.js?id=GTM-TSJPRBR net::ERR_FAILED
[UNIMARC] Request failed: https://www.googletagmanager.com/gtm.js?id=GTM-TSJPRBR net::ERR_FAILED
[UNIMARC] Scroll error: page.evaluate: SyntaxError: Failed to execute 'querySelectorAll' on 'Document': 'button:has-text("Cargar"), button:has-text("Ver más"), button:has-text("Mostrar más"), .load-more, .show-more' is not a valid selector.
    at eval (eval at evaluate (:291:30), <anonymous>:7:44)
    at UtilityScript.evaluate (<anonymous>:293:16)
    at UtilityScript.<anonymous> (<anonymous>:1:44)
[UNIMARC] Scrolling complete: 0 scrolls, final height: 0
[UNIMARC] Attempting to load: https://www.unimarc.cl/category/limpieza/detergente?categories=limpieza&categories=detergente&orderBy=OrderByPriceASC?p=1
[UNIMARC] Request failed: https://config.ff.harness.io/api/1.0/stream?cluster=2 net::ERR_ABORTED
[UNIMARC] Request failed: https://www.unimarc.cl/rb_bf86935lnw?type=js3&sn=v_4_srv_8_sn_050BF47C5E4B8B168D85778C6941F59A_perc_100000_ol_0_mul_1_app-3A342883faf8721018_1&svrid=8&flavor=post&vi=AAKRJUSJMQCPCKAUBHGARUWGTUASMMTB-0&modifiedSince=1754955535673&bp=3&app=342883faf8721018&crc=3765178374&en=vj319xci&end=1 net::ERR_ABORTED
[UNIMARC] Request failed: https://www.googletagmanager.com/gtm.js?id=GTM-TSJPRBR net::ERR_FAILED
[UNIMARC] Request failed: https://www.gstatic.com/recaptcha/releases/07cvpCr3Xe3g2ttJNUkC6W0J/recaptcha__es_419.js net::ERR_FAILED
[UNIMARC] Request failed: https://www.googletagmanager.com/gtm.js?id=GTM-TSJPRBR net::ERR_FAILED
[UNIMARC] Request failed: https://www.googletagmanager.com/gtm.js?id=GTM-TSJPRBR net::ERR_FAILED
[UNIMARC] Scroll error: page.evaluate: SyntaxError: Failed to execute 'querySelectorAll' on 'Document': 'button:has-text("Cargar"), button:has-text("Ver más"), button:has-text("Mostrar más"), .load-more, .show-more' is not a valid selector.
    at eval (eval at evaluate (:291:30), <anonymous>:7:44)
    at UtilityScript.evaluate (<anonymous>:293:16)
    at UtilityScript.<anonymous> (<anonymous>:1:44)
[UNIMARC] Scrolling complete: 0 scrolls, final height: 0
[UNIMARC] Attempting to load: https://www.unimarc.cl/category/limpieza/detergente?categories=limpieza&categories=detergente&orderBy=OrderByPriceASC/1
[UNIMARC] Request failed: https://config.ff.harness.io/api/1.0/stream?cluster=2 net::ERR_ABORTED
[UNIMARC] Request failed: https://www.unimarc.cl/rb_bf86935lnw?type=js3&sn=v_4_srv_8_sn_050BF47C5E4B8B168D85778C6941F59A_perc_100000_ol_0_mul_1_app-3A342883faf8721018_1&svrid=8&flavor=post&vi=AAKRJUSJMQCPCKAUBHGARUWGTUASMMTB-0&modifiedSince=1754955535673&bp=3&app=342883faf8721018&crc=2451912926&en=vj319xci&end=1 net::ERR_ABORTED
[UNIMARC] Request failed: https://www.googletagmanager.com/gtm.js?id=GTM-TSJPRBR net::ERR_FAILED
[UNIMARC] Request failed: https://www.gstatic.com/recaptcha/releases/07cvpCr3Xe3g2ttJNUkC6W0J/recaptcha__es_419.js net::ERR_FAILED
[UNIMARC] Request failed: https://www.googletagmanager.com/gtm.js?id=GTM-TSJPRBR net::ERR_FAILED
[UNIMARC] Request failed: https://www.googletagmanager.com/gtm.js?id=GTM-TSJPRBR net::ERR_FAILED
[UNIMARC] Scroll error: page.evaluate: SyntaxError: Failed to execute 'querySelectorAll' on 'Document': 'button:has-text("Cargar"), button:has-text("Ver más"), button:has-text("Mostrar más"), .load-more, .show-more' is not a valid selector.
    at eval (eval at evaluate (:291:30), <anonymous>:7:44)
    at UtilityScript.evaluate (<anonymous>:293:16)
    at UtilityScript.<anonymous> (<anonymous>:1:44)
[UNIMARC] Scrolling complete: 0 scrolls, final height: 0
[UNIMARC] Attempting to load: https://www.unimarc.cl/category/limpieza/detergente?categories=limpieza&categories=detergente&orderBy=OrderByPriceASC&page=1
[UNIMARC] Request failed: https://www.unimarc.cl/rb_bf86935lnw?type=js3&sn=v_4_srv_8_sn_050BF47C5E4B8B168D85778C6941F59A_perc_100000_ol_0_mul_1_app-3A342883faf8721018_1&svrid=8&flavor=post&vi=AAKRJUSJMQCPCKAUBHGARUWGTUASMMTB-0&modifiedSince=1754955535673&bp=3&app=342883faf8721018&crc=961776718&en=vj319xci&end=1 net::ERR_ABORTED
[UNIMARC] Request failed: https://config.ff.harness.io/api/1.0/stream?cluster=2 net::ERR_ABORTED
[UNIMARC] Request failed: https://www.googletagmanager.com/gtm.js?id=GTM-TSJPRBR net::ERR_FAILED
[UNIMARC] Request failed: https://www.gstatic.com/recaptcha/releases/07cvpCr3Xe3g2ttJNUkC6W0J/recaptcha__es_419.js net::ERR_FAILED
[UNIMARC] Request failed: https://www.googletagmanager.com/gtm.js?id=GTM-TSJPRBR net::ERR_FAILED
[UNIMARC] Request failed: https://www.googletagmanager.com/gtm.js?id=GTM-TSJPRBR net::ERR_FAILED
[UNIMARC] Scroll error: page.evaluate: SyntaxError: Failed to execute 'querySelectorAll' on 'Document': 'button:has-text("Cargar"), button:has-text("Ver más"), button:has-text("Mostrar más"), .load-more, .show-more' is not a valid selector.
    at eval (eval at evaluate (:291:30), <anonymous>:7:44)
    at UtilityScript.evaluate (<anonymous>:293:16)
    at UtilityScript.<anonymous> (<anonymous>:1:44)
[UNIMARC] Scrolling complete: 0 scrolls, final height: 0
[UNIMARC] Attempting to load: https://www.unimarc.cl/category/limpieza/detergente?categories=limpieza&categories=detergente&orderBy=OrderByPriceASC
[UNIMARC] Request failed: https://www.unimarc.cl/rb_bf86935lnw?type=js3&sn=v_4_srv_8_sn_050BF47C5E4B8B168D85778C6941F59A_perc_100000_ol_0_mul_1_app-3A342883faf8721018_1&svrid=8&flavor=post&vi=AAKRJUSJMQCPCKAUBHGARUWGTUASMMTB-0&modifiedSince=1754955535673&bp=3&app=342883faf8721018&crc=2658860389&en=vj319xci&end=1 net::ERR_ABORTED
[UNIMARC] Request failed: https://config.ff.harness.io/api/1.0/stream?cluster=2 net::ERR_ABORTED
[UNIMARC] Request failed: https://www.googletagmanager.com/gtm.js?id=GTM-TSJPRBR net::ERR_FAILED
[UNIMARC] Request failed: https://www.gstatic.com/recaptcha/releases/07cvpCr3Xe3g2ttJNUkC6W0J/recaptcha__es_419.js net::ERR_FAILED
[UNIMARC] Request failed: https://www.googletagmanager.com/gtm.js?id=GTM-TSJPRBR net::ERR_FAILED
[UNIMARC] Request failed: https://www.googletagmanager.com/gtm.js?id=GTM-TSJPRBR net::ERR_FAILED
[UNIMARC] Scroll error: page.evaluate: SyntaxError: Failed to execute 'querySelectorAll' on 'Document': 'button:has-text("Cargar"), button:has-text("Ver más"), button:has-text("Mostrar más"), .load-more, .show-more' is not a valid selector.
    at eval (eval at evaluate (:291:30), <anonymous>:7:44)
    at UtilityScript.evaluate (<anonymous>:293:16)
    at UtilityScript.<anonymous> (<anonymous>:1:44)
[UNIMARC] Scrolling complete: 0 scrolls, final height: 0
[UNIMARC] No valid URL pattern worked for page 1 of aseo
[UNIMARC] Completed scraping category aseo: 0 total products
[UNIMARC] Category aseo completed. Estimated remaining time: 0 minutes
[UNIMARC] Updated global products: 0 total products across 0 stores
[UNIMARC] Removed old backup: products-backup-1755073874977.json
[UNIMARC] Saved 0 products to /home/kuromatsu/Documents/ΛRΛMΛC/Websites/Minimarket/data/products/unimarc/products.json
[UNIMARC] Scraping duration: 6 minutes
[UNIMARC] ============================================================
[UNIMARC] MASS SCRAPING COMPLETE
[UNIMARC] Store: unimarc
[UNIMARC] Total Duration: 6 minutes (342 seconds)
[UNIMARC] Categories scraped: 6/6
[UNIMARC] Pages visited: 0
[UNIMARC] Products found: 0
[UNIMARC] Images downloaded: 0
[UNIMARC] Retries: 0
[UNIMARC] Errors: 25
[UNIMARC] Success rate: -2500%
[UNIMARC] Average products per page: 0
[UNIMARC] Products per minute: 0
[UNIMARC] Warning: 25 errors occurred during scraping
[UNIMARC] ============================================================
