[JUMBO] Starting Enhanced Universal Product Scraper
[JUMBO] Store: jumbo
[JUMBO] Categories: bebidas, snacks, lacteos, carnes, panaderia, aseo
[JUMBO] Max products: 999999
[JUMBO] Max pages per category: 100000
[JUMBO] Dry run: false
[JUMBO] Navigating to https://www.jumbo.cl
[JUMBO] Request failed: https://dev.visualwebsiteoptimizer.com/j.php?a=642581&u=https%3A%2F%2Fwww.jumbo.cl%2F&f=1&vn=1.5 net::ERR_FAILED
[JUMBO] Request failed: https://securepubads.g.doubleclick.net/tag/js/gpt.js net::ERR_FAILED
[JUMBO] Discovered 5 category URLs from homepage navigation
[JUMBO] Starting category 1/6: bebidas
[JUMBO] Scraping category: bebidas with 1 URL patterns
[JUMBO] Attempting to load: https://www.jumbo.cl/busca?fq=H%3A23833&nombre_promo=home-vitrina-proveedor-andina-bebidas-120829025?page=1
[JUMBO] Request failed: https://pwcdauseo-zone.cnstrc.com/behavior?action=session_start&c=ciojs-2.1237.3&i=ae083a4d-c00e-44c7-b9bf-ccba7b7430f8&s=1&key=key_JopvNXKS61kwGkBe&origin_referrer=www.jumbo.cl%2F&_dt=1755076162533 net::ERR_ABORTED
[JUMBO] Request failed: https://assets-jumbo.ecomm.cencosud.com/7e5c4c5f57b718499d0e-2150.bundle.js net::ERR_ABORTED
[JUMBO] Request failed: https://dev.visualwebsiteoptimizer.com/j.php?a=642581&u=https%3A%2F%2Fwww.jumbo.cl%2Fbusca%3Ffq%3DH%253A23833%26nombre_promo%3Dhome-vitrina-proveedor-andina-bebidas-120829025%3Fpage%3D1&f=1&vn=1.5 net::ERR_FAILED
[JUMBO] Request failed: https://securepubads.g.doubleclick.net/tag/js/gpt.js net::ERR_FAILED
[JUMBO] No products found on page, trying next URL pattern
[JUMBO] Attempting to load: https://www.jumbo.cl/busca?fq=H%3A23833&nombre_promo=home-vitrina-proveedor-andina-bebidas-120829025?p=1
[JUMBO] Request failed: https://sm-web-api.ecomm.cencosud.com/orderform/api/v1/orderForm net::ERR_ABORTED
[JUMBO] Request failed: https://assets-jumbo.ecomm.cencosud.com/a27f48d82321f389f108-Product.bundle.js net::ERR_ABORTED
[JUMBO] Request failed: https://assets.jumbo.cl/json/cms/page-57057.json net::ERR_ABORTED
[JUMBO] Request failed: https://dev.visualwebsiteoptimizer.com/j.php?a=642581&u=https%3A%2F%2Fwww.jumbo.cl%2Fbusca%3Ffq%3DH%253A23833%26nombre_promo%3Dhome-vitrina-proveedor-andina-bebidas-120829025%3Fp%3D1&f=1&vn=1.5 net::ERR_FAILED
[JUMBO] Request failed: https://securepubads.g.doubleclick.net/tag/js/gpt.js net::ERR_FAILED
[JUMBO] No products found on page, trying next URL pattern
[JUMBO] Attempting to load: https://www.jumbo.cl/busca?fq=H%3A23833&nombre_promo=home-vitrina-proveedor-andina-bebidas-120829025/1
[JUMBO] Request failed: https://assets-jumbo.ecomm.cencosud.com/7e5c4c5f57b718499d0e-2150.bundle.js net::ERR_ABORTED
[JUMBO] Request failed: https://dev.visualwebsiteoptimizer.com/j.php?a=642581&u=https%3A%2F%2Fwww.jumbo.cl%2Fbusca%3Ffq%3DH%253A23833%26nombre_promo%3Dhome-vitrina-proveedor-andina-bebidas-120829025%2F1&f=1&vn=1.5 net::ERR_FAILED
[JUMBO] Request failed: https://securepubads.g.doubleclick.net/tag/js/gpt.js net::ERR_FAILED
[JUMBO] No products found on page, trying next URL pattern
[JUMBO] Attempting to load: https://www.jumbo.cl/busca?fq=H%3A23833&nombre_promo=home-vitrina-proveedor-andina-bebidas-120829025&page=1
[JUMBO] Request failed: https://assets-jumbo.ecomm.cencosud.com/7e5c4c5f57b718499d0e-2150.bundle.js net::ERR_ABORTED
[JUMBO] Request failed: https://dev.visualwebsiteoptimizer.com/j.php?a=642581&u=https%3A%2F%2Fwww.jumbo.cl%2Fbusca%3Ffq%3DH%253A23833%26nombre_promo%3Dhome-vitrina-proveedor-andina-bebidas-120829025%26page%3D1&f=1&vn=1.5 net::ERR_FAILED
[JUMBO] Request failed: https://securepubads.g.doubleclick.net/tag/js/gpt.js net::ERR_FAILED
[JUMBO] No products found on page, trying next URL pattern
[JUMBO] Attempting to load: https://www.jumbo.cl/busca?fq=H%3A23833&nombre_promo=home-vitrina-proveedor-andina-bebidas-120829025
[JUMBO] Request failed: https://www.googletagmanager.com/gtm.js?id=GTM-5WWDCL8&gtm_auth=&gtm_preview=&gtm_cookies_win=x net::ERR_FAILED
[JUMBO] Request failed: https://js-agent.newrelic.com/nr-spa-1.261.1.min.js net::ERR_FAILED
[JUMBO] Request failed: https://js-agent.newrelic.com/nr-spa-1.261.1.min.js net::ERR_FAILED
[JUMBO] Request failed: https://assets.jumbo.cl/json/cms/page-11484.json net::ERR_ABORTED
[JUMBO] Request failed: https://sp.vtex.com/event-api/v1/jumbocl/event net::ERR_ABORTED
[JUMBO] Request failed: https://sm-web-api.ecomm.cencosud.com/orderform/api/v1/orderForm net::ERR_ABORTED
[JUMBO] Request failed: https://assets-jumbo.ecomm.cencosud.com/favicon/favicon-32.png net::ERR_ABORTED
[JUMBO] Request failed: https://dev.visualwebsiteoptimizer.com/j.php?a=642581&u=https%3A%2F%2Fwww.jumbo.cl%2Fbusca%3Ffq%3DH%253A23833%26nombre_promo%3Dhome-vitrina-proveedor-andina-bebidas-120829025&f=1&vn=1.5 net::ERR_FAILED
[JUMBO] Request failed: https://securepubads.g.doubleclick.net/tag/js/gpt.js net::ERR_FAILED
[JUMBO] No products found on page, trying next URL pattern
[JUMBO] No valid URL pattern worked for page 1 of bebidas
[JUMBO] Completed scraping category bebidas: 0 total products
[JUMBO] Category bebidas completed. Estimated remaining time: 3 minutes
[JUMBO] Starting category 2/6: snacks
[JUMBO] Scraping category: snacks with 1 URL patterns
[JUMBO] Attempting to load: https://www.jumbo.cl/chocolates-galletas-y-dulces/chocolates?page=1
[JUMBO] Request failed: https://www.googletagmanager.com/gtm.js?id=GTM-5WWDCL8&gtm_auth=&gtm_preview=&gtm_cookies_win=x net::ERR_FAILED
[JUMBO] Request failed: https://js-agent.newrelic.com/nr-spa-1.261.1.min.js net::ERR_FAILED
[JUMBO] Request failed: https://js-agent.newrelic.com/nr-spa-1.261.1.min.js net::ERR_FAILED
[JUMBO] Request failed: https://sm-web-api.ecomm.cencosud.com/orderform/api/v1/orderForm net::ERR_ABORTED
[JUMBO] Request failed: https://sm-web-api.ecomm.cencosud.com/cms/api/v1/cms/datetime net::ERR_ABORTED
[JUMBO] Request failed: https://ads01.groovinads.com/grv/track/bhpx.os?idc=7315&fgjs=1&sku=undefined&idcategory=busca net::ERR_ABORTED
[JUMBO] Request failed: https://assets-jumbo.ecomm.cencosud.com/bb6a8dff7718fb3fd24d-ModalGiftsProducts.bundle.js net::ERR_ABORTED
[JUMBO] Request failed: https://assets.jumbo.cl/json/cms/page-67845.json net::ERR_ABORTED
[JUMBO] Request failed: https://assets-jumbo.ecomm.cencosud.com/cb4cd7376aad2d5d68f6-9838.bundle.js net::ERR_ABORTED
[JUMBO] Request failed: https://assets-jumbo.ecomm.cencosud.com/favicon/favicon-32.png net::ERR_ABORTED
[JUMBO] Request failed: https://sp.vtex.com/event-api/v1/jumbocl/event net::ERR_ABORTED
[JUMBO] Request failed: https://assets.jumbo.cl/json/cms/list-collection.json net::ERR_ABORTED
[JUMBO] Request failed: https://assets-jumbo.ecomm.cencosud.com/d09ab9e01c2b36759dc0-800.bundle.js net::ERR_ABORTED
[JUMBO] Request failed: https://assets.jumbo.cl/json/cms/page-11732.json net::ERR_ABORTED
[JUMBO] Request failed: https://assets-jumbo.ecomm.cencosud.com/0e5c3fe4110c20355e59-5394.bundle.js net::ERR_ABORTED
[JUMBO] Request failed: https://bff.jumbo.cl/catalog/plp net::ERR_ABORTED
[JUMBO] Request failed: https://assets.jumbo.cl/json/cms/page-101453.json net::ERR_ABORTED
[JUMBO] Request failed: https://assets-jumbo.ecomm.cencosud.com/fe3275ac08d71221a4b2-2783.bundle.css net::ERR_ABORTED
[JUMBO] Request failed: https://fonts.gstatic.com/s/sourcesanspro/v22/6xKydSBYKcSV-LCoeQqfX1RYOo3ig4vwlxdu.woff2 net::ERR_ABORTED
[JUMBO] Request failed: https://assets-jumbo.ecomm.cencosud.com/627a44244b7af61ff751.svg net::ERR_ABORTED
[JUMBO] Request failed: https://assets-jumbo.ecomm.cencosud.com/7224fbda9c50559ae999.svg net::ERR_ABORTED
[JUMBO] Request failed: https://assets-jumbo.ecomm.cencosud.com/de0735c19a91b116c94b.svg net::ERR_ABORTED
[JUMBO] Request failed: https://fonts.gstatic.com/s/sourcesanspro/v22/6xKydSBYKcSV-LCoeQqfX1RYOo3i54rwlxdu.woff2 net::ERR_ABORTED
[JUMBO] Request failed: https://assets-jumbo.ecomm.cencosud.com/9fd77b6cacc4db7310cf.svg net::ERR_ABORTED
[JUMBO] Request failed: https://assets-jumbo.ecomm.cencosud.com/c8d9d3abe5e0362e6636-800.bundle.css net::ERR_ABORTED
[JUMBO] Request failed: https://assets-jumbo.ecomm.cencosud.com/f13a8dc5e4ed55aa01bc.svg net::ERR_ABORTED
[JUMBO] Request failed: https://assets-jumbo.ecomm.cencosud.com/92f783c6dbd7e73ba7a4.svg net::ERR_ABORTED
[JUMBO] Request failed: https://dev.visualwebsiteoptimizer.com/j.php?a=642581&u=https%3A%2F%2Fwww.jumbo.cl%2Fchocolates-galletas-y-dulces%2Fchocolates%3Fpage%3D1&f=1&vn=1.5 net::ERR_FAILED
[JUMBO] Request failed: https://securepubads.g.doubleclick.net/tag/js/gpt.js net::ERR_FAILED
[JUMBO] Request failed: https://www.googletagmanager.com/gtm.js?id=GTM-5WWDCL8&gtm_auth=&gtm_preview=&gtm_cookies_win=x net::ERR_FAILED
[JUMBO] Request failed: https://js-agent.newrelic.com/nr-spa-1.261.1.min.js net::ERR_FAILED
[JUMBO] Request failed: https://js-agent.newrelic.com/nr-spa-1.261.1.min.js net::ERR_FAILED
[JUMBO] Request failed: https://assets.jumbo.cl/json/jumbocl/promotions-v2.json net::ERR_FAILED
[JUMBO] Request failed: https://assets.jumbo.cl/json/jumbocl/promotions-v2.json net::ERR_FAILED
[JUMBO] Request failed: https://assets.jumbo.cl/json/jumbocl/promotions-v2.json net::ERR_FAILED
[JUMBO] Request failed: https://www.googletagmanager.com/gtag/js?id=AW-10844377008 net::ERR_FAILED
[JUMBO] No products found on page, trying next URL pattern
[JUMBO] Attempting to load: https://www.jumbo.cl/chocolates-galletas-y-dulces/chocolates?p=1
[JUMBO] Request failed: https://assets.jumbo.cl/json/jumbocl/promotions-v2.json net::ERR_FAILED
[JUMBO] Request failed: https://pwcdauseo-zone.cnstrc.com/v2/behavioral_action/browse_result_load?c=ciojs-2.1237.3&i=ae083a4d-c00e-44c7-b9bf-ccba7b7430f8&s=1&key=key_JopvNXKS61kwGkBe&origin_referrer=www.jumbo.cl%2Fchocolates-galletas-y-dulces%2Fchocolates&_dt=1755076194918 net::ERR_ABORTED
[JUMBO] Request failed: https://dev.visualwebsiteoptimizer.com/j.php?a=642581&u=https%3A%2F%2Fwww.jumbo.cl%2Fchocolates-galletas-y-dulces%2Fchocolates%3Fp%3D1&f=1&vn=1.5 net::ERR_FAILED
[JUMBO] Request failed: https://securepubads.g.doubleclick.net/tag/js/gpt.js net::ERR_FAILED
[JUMBO] No products found on page, trying next URL pattern
[JUMBO] Attempting to load: https://www.jumbo.cl/chocolates-galletas-y-dulces/chocolates/1
[JUMBO] Request failed: https://www.googletagmanager.com/gtm.js?id=GTM-5WWDCL8&gtm_auth=&gtm_preview=&gtm_cookies_win=x net::ERR_FAILED
[JUMBO] Request failed: https://js-agent.newrelic.com/nr-spa-1.261.1.min.js net::ERR_FAILED
[JUMBO] Request failed: https://js-agent.newrelic.com/nr-spa-1.261.1.min.js net::ERR_FAILED
[JUMBO] Request failed: https://sm-web-api.ecomm.cencosud.com/orderform/api/v1/orderform/9df2a81a71de47b7b4628f9090f7a462 net::ERR_ABORTED
[JUMBO] Request failed: https://sp.vtex.com/event-api/v1/jumbocl/event net::ERR_ABORTED
[JUMBO] Request failed: https://assets.jumbo.cl/json/cms/page-11484.json net::ERR_ABORTED
[JUMBO] Request failed: https://dev.visualwebsiteoptimizer.com/j.php?a=642581&u=https%3A%2F%2Fwww.jumbo.cl%2Fchocolates-galletas-y-dulces%2Fchocolates%2F1&f=1&vn=1.5 net::ERR_FAILED
[JUMBO] Request failed: https://securepubads.g.doubleclick.net/tag/js/gpt.js net::ERR_FAILED
[JUMBO] Request failed: https://www.googletagmanager.com/gtm.js?id=GTM-5WWDCL8&gtm_auth=&gtm_preview=&gtm_cookies_win=x net::ERR_FAILED
[JUMBO] Request failed: https://js-agent.newrelic.com/nr-spa-1.261.1.min.js net::ERR_FAILED
[JUMBO] Request failed: https://js-agent.newrelic.com/nr-spa-1.261.1.min.js net::ERR_FAILED
[JUMBO] Request failed: https://assets.jumbo.cl/json/jumbocl/promotions-v2.json net::ERR_FAILED
[JUMBO] No products found on page, trying next URL pattern
[JUMBO] Attempting to load: https://www.jumbo.cl/chocolates-galletas-y-dulces/chocolates&page=1
[JUMBO] Request failed: https://assets.jumbo.cl/json/jumbocl/promotions-v2.json net::ERR_FAILED
[JUMBO] Request failed: https://assets.jumbo.cl/json/jumbocl/promotions-v2.json net::ERR_FAILED
[JUMBO] Request failed: https://assets.jumbo.cl/json/jumbocl/promotions-v2.json net::ERR_FAILED
[JUMBO] Request failed: https://sm-web-api.ecomm.cencosud.com/catalog/api/v1/jumboclj512/products/recommended?sc=1&campaign=poc-jumbo-cart&filter=filter-cart-items net::ERR_ABORTED
[JUMBO] Request failed: https://dev.visualwebsiteoptimizer.com/j.php?a=642581&u=https%3A%2F%2Fwww.jumbo.cl%2Fchocolates-galletas-y-dulces%2Fchocolates%26page%3D1&f=1&vn=1.5 net::ERR_FAILED
[JUMBO] Request failed: https://securepubads.g.doubleclick.net/tag/js/gpt.js net::ERR_FAILED
[JUMBO] No products found on page, trying next URL pattern
[JUMBO] Attempting to load: https://www.jumbo.cl/chocolates-galletas-y-dulces/chocolates
[JUMBO] Request failed: https://www.googletagmanager.com/gtm.js?id=GTM-5WWDCL8&gtm_auth=&gtm_preview=&gtm_cookies_win=x net::ERR_FAILED
[JUMBO] Request failed: https://assets.jumbo.cl/json/jumbocl/promotions-v2.json net::ERR_FAILED
[JUMBO] Request failed: https://assets.jumbo.cl/json/jumbocl/promotions-v2.json net::ERR_FAILED
[JUMBO] Request failed: https://ads01.groovinads.com/grv/track/bhpx.os?idc=7315&fgjs=1&sku=undefined&idcategory=chocolates&page=1 net::ERR_ABORTED
[JUMBO] Request failed: https://assets.jumbo.cl/json/jumbocl/promotions-v2.json net::ERR_ABORTED
[JUMBO] Request failed: https://assets-jumbo.ecomm.cencosud.com/cb4cd7376aad2d5d68f6-9838.bundle.js net::ERR_ABORTED
[JUMBO] Request failed: https://assets-jumbo.ecomm.cencosud.com/0e5c3fe4110c20355e59-5394.bundle.js net::ERR_ABORTED
[JUMBO] Request failed: https://sm-web-api.ecomm.cencosud.com/cms/api/v1/cms/datetime net::ERR_ABORTED
[JUMBO] Request failed: https://bff.jumbo.cl/catalog/plp net::ERR_ABORTED
[JUMBO] Request failed: https://assets-jumbo.ecomm.cencosud.com/92f783c6dbd7e73ba7a4.svg net::ERR_ABORTED
[JUMBO] Request failed: https://assets-jumbo.ecomm.cencosud.com/627a44244b7af61ff751.svg net::ERR_ABORTED
[JUMBO] Request failed: https://assets-jumbo.ecomm.cencosud.com/9fd77b6cacc4db7310cf.svg net::ERR_ABORTED
[JUMBO] Request failed: https://fonts.gstatic.com/s/sourcesanspro/v22/6xKydSBYKcSV-LCoeQqfX1RYOo3ik4zwlxdu.woff2 net::ERR_ABORTED
[JUMBO] Request failed: https://assets-jumbo.ecomm.cencosud.com/de0735c19a91b116c94b.svg net::ERR_ABORTED
[JUMBO] Request failed: https://assets-jumbo.ecomm.cencosud.com/f13a8dc5e4ed55aa01bc.svg net::ERR_ABORTED
[JUMBO] Request failed: https://dev.visualwebsiteoptimizer.com/j.php?a=642581&u=https%3A%2F%2Fwww.jumbo.cl%2Fchocolates-galletas-y-dulces%2Fchocolates&f=1&vn=1.5 net::ERR_FAILED
[JUMBO] Request failed: https://securepubads.g.doubleclick.net/tag/js/gpt.js net::ERR_FAILED
[JUMBO] No products found on page, trying next URL pattern
[JUMBO] No valid URL pattern worked for page 1 of snacks
[JUMBO] Completed scraping category snacks: 0 total products
[JUMBO] Category snacks completed. Estimated remaining time: 2 minutes
[JUMBO] Starting category 3/6: lacteos
[JUMBO] Scraping category: lacteos with 1 URL patterns
[JUMBO] Attempting to load: https://www.jumbo.cl/lacteos-y-quesos/leches?page=1
[JUMBO] Request failed: https://www.googletagmanager.com/gtm.js?id=GTM-5WWDCL8&gtm_auth=&gtm_preview=&gtm_cookies_win=x net::ERR_FAILED
[JUMBO] Request failed: https://js-agent.newrelic.com/nr-spa-1.261.1.min.js net::ERR_FAILED
[JUMBO] Request failed: https://js-agent.newrelic.com/nr-spa-1.261.1.min.js net::ERR_FAILED
[JUMBO] Request failed: https://ads01.groovinads.com/grv/track/bhpx.os?idc=7315&fgjs=1&sku=undefined&idcategory=chocolates net::ERR_ABORTED
[JUMBO] Request failed: https://bff.jumbo.cl/catalog/plp net::ERR_ABORTED
[JUMBO] Request failed: https://sp.vtex.com/event-api/v1/jumbocl/event net::ERR_ABORTED
[JUMBO] Request failed: https://assets-jumbo.ecomm.cencosud.com/d09ab9e01c2b36759dc0-800.bundle.js net::ERR_ABORTED
[JUMBO] Request failed: https://sm-web-api.ecomm.cencosud.com/orderform/api/v1/orderform/9df2a81a71de47b7b4628f9090f7a462 net::ERR_ABORTED
[JUMBO] Request failed: https://assets.jumbo.cl/json/cms/page-11732.json net::ERR_ABORTED
[JUMBO] Request failed: https://assets.jumbo.cl/json/cms/page-101453.json net::ERR_ABORTED
[JUMBO] Request failed: https://sm-web-api.ecomm.cencosud.com/cms/api/v1/cms/datetime net::ERR_ABORTED
[JUMBO] Request failed: https://assets.jumbo.cl/json/cms/list-category.json net::ERR_ABORTED
[JUMBO] Request failed: https://assets-jumbo.ecomm.cencosud.com/cb4cd7376aad2d5d68f6-9838.bundle.js net::ERR_ABORTED
[JUMBO] Request failed: https://assets-jumbo.ecomm.cencosud.com/bb6a8dff7718fb3fd24d-ModalGiftsProducts.bundle.js net::ERR_ABORTED
[JUMBO] Request failed: https://assets-jumbo.ecomm.cencosud.com/0e5c3fe4110c20355e59-5394.bundle.js net::ERR_ABORTED
[JUMBO] Request failed: https://assets.jumbo.cl/json/cms/page-67845.json net::ERR_ABORTED
[JUMBO] Request failed: https://assets-jumbo.ecomm.cencosud.com/627a44244b7af61ff751.svg net::ERR_ABORTED
[JUMBO] Request failed: https://assets-jumbo.ecomm.cencosud.com/9fd77b6cacc4db7310cf.svg net::ERR_ABORTED
[JUMBO] Request failed: https://fonts.gstatic.com/s/sourcesanspro/v22/6xKydSBYKcSV-LCoeQqfX1RYOo3ig4vwlxdu.woff2 net::ERR_ABORTED
[JUMBO] Request failed: https://assets-jumbo.ecomm.cencosud.com/c8d9d3abe5e0362e6636-800.bundle.css net::ERR_ABORTED
[JUMBO] Request failed: https://fonts.gstatic.com/s/sourcesanspro/v22/6xKydSBYKcSV-LCoeQqfX1RYOo3i54rwlxdu.woff2 net::ERR_ABORTED
[JUMBO] Request failed: https://assets-jumbo.ecomm.cencosud.com/92f783c6dbd7e73ba7a4.svg net::ERR_ABORTED
[JUMBO] Request failed: https://assets-jumbo.ecomm.cencosud.com/7224fbda9c50559ae999.svg net::ERR_ABORTED
[JUMBO] Request failed: https://assets-jumbo.ecomm.cencosud.com/de0735c19a91b116c94b.svg net::ERR_ABORTED
[JUMBO] Request failed: https://assets-jumbo.ecomm.cencosud.com/fe3275ac08d71221a4b2-2783.bundle.css net::ERR_ABORTED
[JUMBO] Request failed: https://assets-jumbo.ecomm.cencosud.com/f13a8dc5e4ed55aa01bc.svg net::ERR_ABORTED
[JUMBO] Request failed: https://dev.visualwebsiteoptimizer.com/j.php?a=642581&u=https%3A%2F%2Fwww.jumbo.cl%2Flacteos-y-quesos%2Fleches%3Fpage%3D1&f=1&vn=1.5 net::ERR_FAILED
[JUMBO] Request failed: https://securepubads.g.doubleclick.net/tag/js/gpt.js net::ERR_FAILED
[JUMBO] Request failed: https://www.googletagmanager.com/gtm.js?id=GTM-5WWDCL8&gtm_auth=&gtm_preview=&gtm_cookies_win=x net::ERR_FAILED
[JUMBO] Request failed: https://js-agent.newrelic.com/nr-spa-1.261.1.min.js net::ERR_FAILED
[JUMBO] Request failed: https://js-agent.newrelic.com/nr-spa-1.261.1.min.js net::ERR_FAILED
[JUMBO] Request failed: https://assets.jumbo.cl/json/jumbocl/promotions-v2.json net::ERR_FAILED
[JUMBO] Request failed: https://assets.jumbo.cl/json/jumbocl/promotions-v2.json net::ERR_FAILED
[JUMBO] Request failed: https://assets.jumbo.cl/json/jumbocl/promotions-v2.json net::ERR_FAILED
[JUMBO] Request failed: https://assets.jumbo.cl/json/jumbocl/promotions-v2.json net::ERR_FAILED
[JUMBO] No products found on page, trying next URL pattern
[JUMBO] Attempting to load: https://www.jumbo.cl/lacteos-y-quesos/leches?p=1
[JUMBO] Request failed: https://sm-web-api.ecomm.cencosud.com/catalog/api/v1/reviews/ratings?ids=94566,94567,94568,94569,6643,81607,6609,134464,6602,6649,38813,44072,44085,144242,57639,89668,6604,96362,62932,44061,96363,6645,94562,72789,6646,96365,6744,115640,96364,6627,139639,6699,44070,89666,82240,44067,44093,150991,89302,68808 net::ERR_ABORTED
[JUMBO] Request failed: https://bff.jumbo.cl/catalog/personalize/top-sale-products net::ERR_ABORTED
[JUMBO] Request failed: https://jumbocl.vteximg.com.br/arquivos/ids/348511-250-250/Leche-descremada-1-L.jpg?v=638776485130400000 net::ERR_ABORTED
[JUMBO] Request failed: https://jumbocl.vteximg.com.br/arquivos/ids/369402-250-250/Pack-12-un-Leche-entera-1-L.jpg?v=638776777108000000 net::ERR_ABORTED
[JUMBO] Request failed: https://jumbocl.vteximg.com.br/arquivos/ids/361268-250-250/Leche-extra-proteina-1-L.jpg?v=638776736430030000 net::ERR_ABORTED
[JUMBO] Request failed: https://jumbocl.vteximg.com.br/arquivos/ids/459837-250-250/Pack-6-un-Leche-Soprole-Sin-Lactosa-Chocolate-200-ml.jpg?v=638864715808900000 net::ERR_ABORTED
[JUMBO] Request failed: https://jumbocl.vteximg.com.br/arquivos/ids/357501-250-250/Pack-leche-semidescremada-chocolate-6-un-200-ml-c-u.jpg?v=638776719392730000 net::ERR_ABORTED
[JUMBO] Request failed: https://jumbocl.vteximg.com.br/arquivos/ids/348510-250-250/Leche-semidescremada-1-L.jpg?v=638776485116600000 net::ERR_ABORTED
[JUMBO] Request failed: https://jumbocl.vteximg.com.br/arquivos/ids/369411-250-250/Pack-12-un-leche-descremada-1-L-c-u.jpg?v=638776777150830000 net::ERR_ABORTED
[JUMBO] Request failed: https://jumbocl.vteximg.com.br/arquivos/ids/341319-250-250/Leche-Soprole-Descremada-Sin-Lactosa-1-L.jpg?v=638776441620830000 net::ERR_ABORTED
[JUMBO] Request failed: https://jumbocl.vteximg.com.br/arquivos/ids/357509-250-250/Principal-42912.jpg?v=638776719417700000 net::ERR_ABORTED
[JUMBO] Request failed: https://jumbocl.vteximg.com.br/arquivos/ids/316375-250-250/Leche-en-Polvo-Nido-Entera-1350-g.jpg?v=638776408025770000 net::ERR_ABORTED
[JUMBO] Request failed: https://jumbocl.vteximg.com.br/arquivos/ids/367314-250-250/Pack-leche-sin-lactosa-descremada-6-un-200-ml-c-u-1-206981704.jpg?v=638776767339730000 net::ERR_ABORTED
[JUMBO] Request failed: https://jumbocl.vteximg.com.br/arquivos/ids/459468-250-250/Leche-Soprole-Sin-Lactosa-Chocolate-1-L.jpg?v=638863192739600000 net::ERR_ABORTED
[JUMBO] Request failed: https://jumbocl.vteximg.com.br/arquivos/ids/348530-250-250/Leche-semidescremada-natural-1-L.jpg?v=638776485382070000 net::ERR_ABORTED
[JUMBO] Request failed: https://jumbocl.vteximg.com.br/arquivos/ids/364796-250-250/Leche-descremada-sin-lactosa-1-L.jpg?v=638776755727000000 net::ERR_ABORTED
[JUMBO] Request failed: https://jumbocl.vteximg.com.br/arquivos/ids/408138-250-250/Leche-Loncoleche-Descremada-Sin-Lactosa-1-L.jpg?v=638785543548700000 net::ERR_ABORTED
[JUMBO] Request failed: https://jumbocl.vteximg.com.br/arquivos/ids/360034-250-250/Pack-6-un-Leche-semidescremada-chocolate-200-ml.jpg?v=638776730852230000 net::ERR_ABORTED
[JUMBO] Request failed: https://jumbocl.vteximg.com.br/arquivos/ids/348529-250-250/Leche-entera-natural-1-L.jpg?v=638854337705530000 net::ERR_ABORTED
[JUMBO] Request failed: https://jumbocl.vteximg.com.br/arquivos/ids/300350-250-250/Leche-Surlat-Descremada-Sin-Lactosa-1-L.jpg?v=638776373113230000 net::ERR_ABORTED
[JUMBO] Request failed: https://jumbocl.vteximg.com.br/arquivos/ids/369413-250-250/Pack-12-un-Leche-sin-lactosa-descremada-1-L.jpg?v=638776777151600000 net::ERR_ABORTED
[JUMBO] Request failed: https://jumbocl.vteximg.com.br/arquivos/ids/368614-250-250/Leche-proteina-semidescremada-natural-1-L.jpg?v=638776773516630000 net::ERR_ABORTED
[JUMBO] Request failed: https://assets-jumbo.ecomm.cencosud.com/d185990c3bfb5a0e6724.svg net::ERR_ABORTED
[JUMBO] Request failed: https://jumbocl.vteximg.com.br/arquivos/ids/357019-250-250/Leche-semidescremada-chocolate-Receta-original-1-L.jpg?v=638776715492000000 net::ERR_ABORTED
[JUMBO] Request failed: https://jumbocl.vteximg.com.br/arquivos/ids/369410-250-250/Pack-12-un-leche-semidescremada-1-L-c-u.jpg?v=638776777146930000 net::ERR_ABORTED
[JUMBO] Request failed: https://assets-jumbo.ecomm.cencosud.com/a6d4aa4296ecf6a801ba.svg net::ERR_ABORTED
[JUMBO] Request failed: https://jumbocl.vteximg.com.br/arquivos/ids/362612-250-250/Pack-leche-Soprole-Proteina-chocolate-6-unid-200-ml-c-u.jpg?v=638776743972900000 net::ERR_ABORTED
[JUMBO] Request failed: https://dev.visualwebsiteoptimizer.com/j.php?a=642581&u=https%3A%2F%2Fwww.jumbo.cl%2Flacteos-y-quesos%2Fleches%3Fp%3D1&f=1&vn=1.5 net::ERR_FAILED
[JUMBO] Request failed: https://securepubads.g.doubleclick.net/tag/js/gpt.js net::ERR_FAILED
[JUMBO] Request failed: https://pwcdauseo-zone.cnstrc.com/v2/behavioral_action/browse_result_load?c=ciojs-2.1237.3&i=ae083a4d-c00e-44c7-b9bf-ccba7b7430f8&s=1&key=key_JopvNXKS61kwGkBe&origin_referrer=www.jumbo.cl%2Flacteos-y-quesos%2Fleches&_dt=1755076223552 net::ERR_ABORTED
[JUMBO] Request failed: https://www.googletagmanager.com/gtm.js?id=GTM-5WWDCL8&gtm_auth=&gtm_preview=&gtm_cookies_win=x net::ERR_FAILED
[JUMBO] Request failed: https://js-agent.newrelic.com/nr-spa-1.261.1.min.js net::ERR_FAILED
[JUMBO] Request failed: https://js-agent.newrelic.com/nr-spa-1.261.1.min.js net::ERR_FAILED
[JUMBO] Request failed: https://assets.jumbo.cl/json/jumbocl/promotions-v2.json net::ERR_FAILED
[JUMBO] Request failed: https://assets.jumbo.cl/json/jumbocl/promotions-v2.json net::ERR_FAILED
[JUMBO] Request failed: https://assets.jumbo.cl/json/jumbocl/promotions-v2.json net::ERR_FAILED
[JUMBO] Request failed: https://assets.jumbo.cl/json/jumbocl/promotions-v2.json net::ERR_FAILED
[JUMBO] No products found on page, trying next URL pattern
[JUMBO] Attempting to load: https://www.jumbo.cl/lacteos-y-quesos/leches/1
[JUMBO] Request failed: https://sm-web-api.ecomm.cencosud.com/catalog/api/v1/reviews/ratings?ids=94566,94567,94568,94569,6643,81607,6609,134464,6602,6649,38813,44072,44085,144242,57639,89668,6604,96362,62932,44061,96363,6645,94562,72789,6646,96365,6744,115640,96364,6627,139639,6699,44070,89666,82240,44067,44093,150991,89302,68808 net::ERR_ABORTED
[JUMBO] Request failed: https://bff.jumbo.cl/catalog/personalize/top-sale-products net::ERR_ABORTED
[JUMBO] Request failed: https://sm-web-api.ecomm.cencosud.com/fidelity/api/v1/loyalty-events net::ERR_ABORTED
[JUMBO] Request failed: https://jumbocl.vteximg.com.br/arquivos/ids/369402-250-250/Pack-12-un-Leche-entera-1-L.jpg?v=638776777108000000 net::ERR_ABORTED
[JUMBO] Request failed: https://jumbocl.vteximg.com.br/arquivos/ids/367314-250-250/Pack-leche-sin-lactosa-descremada-6-un-200-ml-c-u-1-206981704.jpg?v=638776767339730000 net::ERR_ABORTED
[JUMBO] Request failed: https://jumbocl.vteximg.com.br/arquivos/ids/348530-250-250/Leche-semidescremada-natural-1-L.jpg?v=638776485382070000 net::ERR_ABORTED
[JUMBO] Request failed: https://jumbocl.vteximg.com.br/arquivos/ids/369410-250-250/Pack-12-un-leche-semidescremada-1-L-c-u.jpg?v=638776777146930000 net::ERR_ABORTED
[JUMBO] Request failed: https://jumbocl.vteximg.com.br/arquivos/ids/368614-250-250/Leche-proteina-semidescremada-natural-1-L.jpg?v=638776773516630000 net::ERR_ABORTED
[JUMBO] Request failed: https://jumbocl.vteximg.com.br/arquivos/ids/362612-250-250/Pack-leche-Soprole-Proteina-chocolate-6-unid-200-ml-c-u.jpg?v=638776743972900000 net::ERR_ABORTED
[JUMBO] Request failed: https://jumbocl.vteximg.com.br/arquivos/ids/357501-250-250/Pack-leche-semidescremada-chocolate-6-un-200-ml-c-u.jpg?v=638776719392730000 net::ERR_ABORTED
[JUMBO] Request failed: https://jumbocl.vteximg.com.br/arquivos/ids/360034-250-250/Pack-6-un-Leche-semidescremada-chocolate-200-ml.jpg?v=638776730852230000 net::ERR_ABORTED
[JUMBO] Request failed: https://jumbocl.vteximg.com.br/arquivos/ids/459837-250-250/Pack-6-un-Leche-Soprole-Sin-Lactosa-Chocolate-200-ml.jpg?v=638864715808900000 net::ERR_ABORTED
[JUMBO] Request failed: https://jumbocl.vteximg.com.br/arquivos/ids/316375-250-250/Leche-en-Polvo-Nido-Entera-1350-g.jpg?v=638776408025770000 net::ERR_ABORTED
[JUMBO] Request failed: https://jumbocl.vteximg.com.br/arquivos/ids/369411-250-250/Pack-12-un-leche-descremada-1-L-c-u.jpg?v=638776777150830000 net::ERR_ABORTED
[JUMBO] Request failed: https://jumbocl.vteximg.com.br/arquivos/ids/459468-250-250/Leche-Soprole-Sin-Lactosa-Chocolate-1-L.jpg?v=638863192739600000 net::ERR_ABORTED
[JUMBO] Request failed: https://jumbocl.vteximg.com.br/arquivos/ids/369413-250-250/Pack-12-un-Leche-sin-lactosa-descremada-1-L.jpg?v=638776777151600000 net::ERR_ABORTED
[JUMBO] Request failed: https://jumbocl.vteximg.com.br/arquivos/ids/408138-250-250/Leche-Loncoleche-Descremada-Sin-Lactosa-1-L.jpg?v=638785543548700000 net::ERR_ABORTED
[JUMBO] Request failed: https://jumbocl.vteximg.com.br/arquivos/ids/361268-250-250/Leche-extra-proteina-1-L.jpg?v=638776736430030000 net::ERR_ABORTED
[JUMBO] Request failed: https://jumbocl.vteximg.com.br/arquivos/ids/348529-250-250/Leche-entera-natural-1-L.jpg?v=638854337705530000 net::ERR_ABORTED
[JUMBO] Request failed: https://dev.visualwebsiteoptimizer.com/j.php?a=642581&u=https%3A%2F%2Fwww.jumbo.cl%2Flacteos-y-quesos%2Fleches%2F1&f=1&vn=1.5 net::ERR_FAILED
[JUMBO] Request failed: https://securepubads.g.doubleclick.net/tag/js/gpt.js net::ERR_FAILED
[JUMBO] Request failed: https://www.googletagmanager.com/gtm.js?id=GTM-5WWDCL8&gtm_auth=&gtm_preview=&gtm_cookies_win=x net::ERR_FAILED
[JUMBO] Request failed: https://js-agent.newrelic.com/nr-spa-1.261.1.min.js net::ERR_FAILED
[JUMBO] Request failed: https://js-agent.newrelic.com/nr-spa-1.261.1.min.js net::ERR_FAILED
[JUMBO] Request failed: https://pwcdauseo-zone.cnstrc.com/v2/behavioral_action/browse_result_load?c=ciojs-2.1237.3&i=ae083a4d-c00e-44c7-b9bf-ccba7b7430f8&s=1&key=key_JopvNXKS61kwGkBe&origin_referrer=www.jumbo.cl%2Flacteos-y-quesos%2Fleches&_dt=1755076228961 net::ERR_ABORTED
[JUMBO] Request failed: https://assets.jumbo.cl/json/jumbocl/promotions-v2.json net::ERR_FAILED
[JUMBO] Request failed: https://assets.jumbo.cl/json/jumbocl/promotions-v2.json net::ERR_FAILED
[JUMBO] No products found on page, trying next URL pattern
[JUMBO] Attempting to load: https://www.jumbo.cl/lacteos-y-quesos/leches&page=1
[JUMBO] Request failed: https://assets.jumbo.cl/json/jumbocl/promotions-v2.json net::ERR_FAILED
[JUMBO] Request failed: https://assets.jumbo.cl/json/jumbocl/promotions-v2.json net::ERR_FAILED
[JUMBO] Request failed: https://sm-web-api.ecomm.cencosud.com/catalog/api/v1/jumboclj512/products/recommended?sc=1&campaign=poc-jumbo-cart&filter=filter-cart-items net::ERR_ABORTED
[JUMBO] Request failed: https://dev.visualwebsiteoptimizer.com/j.php?a=642581&u=https%3A%2F%2Fwww.jumbo.cl%2Flacteos-y-quesos%2Fleches%26page%3D1&f=1&vn=1.5 net::ERR_FAILED
[JUMBO] Request failed: https://securepubads.g.doubleclick.net/tag/js/gpt.js net::ERR_FAILED
[JUMBO] Request failed: https://www.googletagmanager.com/gtm.js?id=GTM-5WWDCL8&gtm_auth=&gtm_preview=&gtm_cookies_win=x net::ERR_FAILED
[JUMBO] Request failed: https://js-agent.newrelic.com/nr-spa-1.261.1.min.js net::ERR_FAILED
[JUMBO] Request failed: https://js-agent.newrelic.com/nr-spa-1.261.1.min.js net::ERR_FAILED
[JUMBO] Request failed: https://assets.jumbo.cl/json/jumbocl/promotions-v2.json net::ERR_FAILED
[JUMBO] Request failed: https://assets.jumbo.cl/json/jumbocl/promotions-v2.json net::ERR_FAILED
[JUMBO] Request failed: https://assets.jumbo.cl/json/jumbocl/promotions-v2.json net::ERR_FAILED
[JUMBO] Request failed: https://assets.jumbo.cl/json/jumbocl/promotions-v2.json net::ERR_FAILED
[JUMBO] No products found on page, trying next URL pattern
[JUMBO] Attempting to load: https://www.jumbo.cl/lacteos-y-quesos/leches
[JUMBO] Request failed: https://bff.jumbo.cl/catalog/plp net::ERR_ABORTED
[JUMBO] Request failed: https://dev.visualwebsiteoptimizer.com/j.php?a=642581&u=https%3A%2F%2Fwww.jumbo.cl%2Flacteos-y-quesos%2Fleches&f=1&vn=1.5 net::ERR_FAILED
[JUMBO] Request failed: https://securepubads.g.doubleclick.net/tag/js/gpt.js net::ERR_FAILED
[JUMBO] Request failed: https://www.googletagmanager.com/gtm.js?id=GTM-5WWDCL8&gtm_auth=&gtm_preview=&gtm_cookies_win=x net::ERR_FAILED
[JUMBO] Request failed: https://js-agent.newrelic.com/nr-spa-1.261.1.min.js net::ERR_FAILED
[JUMBO] Request failed: https://js-agent.newrelic.com/nr-spa-1.261.1.min.js net::ERR_FAILED
[JUMBO] No products found on page, trying next URL pattern
[JUMBO] No valid URL pattern worked for page 1 of lacteos
[JUMBO] Completed scraping category lacteos: 0 total products
[JUMBO] Category lacteos completed. Estimated remaining time: 2 minutes
[JUMBO] Starting category 4/6: carnes
[JUMBO] Scraping category: carnes with 1 URL patterns
[JUMBO] Attempting to load: https://www.jumbo.cl/busca?fq=H%3A23463&nombre_promo=home-especial-tesoros-carnes-productos-farmers-05082025?page=1
[JUMBO] Request failed: https://assets.jumbo.cl/json/jumbocl/promotions-v2.json net::ERR_FAILED
[JUMBO] Request failed: https://assets.jumbo.cl/json/jumbocl/promotions-v2.json net::ERR_FAILED
[JUMBO] Request failed: https://assets-jumbo.ecomm.cencosud.com/d09ab9e01c2b36759dc0-800.bundle.js net::ERR_ABORTED
[JUMBO] Request failed: https://ads01.groovinads.com/grv/track/bhpx.os?idc=7315&fgjs=1&sku=undefined&idcategory=leches net::ERR_ABORTED
[JUMBO] Request failed: https://assets.jumbo.cl/json/cms/list-category.json net::ERR_ABORTED
[JUMBO] Request failed: https://assets.jumbo.cl/json/cms/page-11732.json net::ERR_ABORTED
[JUMBO] Request failed: https://bff.jumbo.cl/catalog/plp net::ERR_ABORTED
[JUMBO] Request failed: https://assets.jumbo.cl/json/cms/page-101453.json net::ERR_ABORTED
[JUMBO] Request failed: https://assets.jumbo.cl/json/jumbocl/promotions-v2.json net::ERR_ABORTED
[JUMBO] Request failed: https://assets-jumbo.ecomm.cencosud.com/cb4cd7376aad2d5d68f6-9838.bundle.js net::ERR_ABORTED
[JUMBO] Request failed: https://assets-jumbo.ecomm.cencosud.com/0e5c3fe4110c20355e59-5394.bundle.js net::ERR_ABORTED
[JUMBO] Request failed: https://assets.jumbo.cl/json/cms/page-67845.json net::ERR_ABORTED
[JUMBO] Request failed: https://sm-web-api.ecomm.cencosud.com/cms/api/v1/cms/datetime net::ERR_ABORTED
[JUMBO] Request failed: https://dev.visualwebsiteoptimizer.com/j.php?a=642581&u=https%3A%2F%2Fwww.jumbo.cl%2Fbusca%3Ffq%3DH%253A23463%26nombre_promo%3Dhome-especial-tesoros-carnes-productos-farmers-05082025%3Fpage%3D1&f=1&vn=1.5 net::ERR_FAILED
[JUMBO] Request failed: https://securepubads.g.doubleclick.net/tag/js/gpt.js net::ERR_FAILED
[JUMBO] Request failed: https://www.googletagmanager.com/gtm.js?id=GTM-5WWDCL8&gtm_auth=&gtm_preview=&gtm_cookies_win=x net::ERR_FAILED
[JUMBO] Request failed: https://js-agent.newrelic.com/nr-spa-1.261.1.min.js net::ERR_FAILED
[JUMBO] Request failed: https://js-agent.newrelic.com/nr-spa-1.261.1.min.js net::ERR_FAILED
[JUMBO] Request failed: https://assets.jumbo.cl/json/jumbocl/promotions-v2.json net::ERR_FAILED
[JUMBO] Request failed: https://assets.jumbo.cl/json/jumbocl/promotions-v2.json net::ERR_FAILED
[JUMBO] Request failed: https://assets.jumbo.cl/json/jumbocl/promotions-v2.json net::ERR_FAILED
[JUMBO] Request failed: https://assets.jumbo.cl/json/jumbocl/promotions-v2.json net::ERR_FAILED
[JUMBO] No products found on page, trying next URL pattern
[JUMBO] Attempting to load: https://www.jumbo.cl/busca?fq=H%3A23463&nombre_promo=home-especial-tesoros-carnes-productos-farmers-05082025?p=1
[JUMBO] Request failed: https://sm-web-api.ecomm.cencosud.com/catalog/api/v1/reviews/ratings?ids=138713,138717,138716,138714,138718,146055,146051,146054,138712,138715,140165,138711 net::ERR_ABORTED
[JUMBO] Request failed: https://bff.jumbo.cl/catalog/personalize/top-sale-products net::ERR_ABORTED
[JUMBO] Request failed: https://dev.visualwebsiteoptimizer.com/j.php?a=642581&u=https%3A%2F%2Fwww.jumbo.cl%2Fbusca%3Ffq%3DH%253A23463%26nombre_promo%3Dhome-especial-tesoros-carnes-productos-farmers-05082025%3Fp%3D1&f=1&vn=1.5 net::ERR_FAILED
[JUMBO] Request failed: https://securepubads.g.doubleclick.net/tag/js/gpt.js net::ERR_FAILED
[JUMBO] Request failed: https://www.googletagmanager.com/gtm.js?id=GTM-5WWDCL8&gtm_auth=&gtm_preview=&gtm_cookies_win=x net::ERR_FAILED
[JUMBO] Request failed: https://js-agent.newrelic.com/nr-spa-1.261.1.min.js net::ERR_FAILED
[JUMBO] Request failed: https://js-agent.newrelic.com/nr-spa-1.261.1.min.js net::ERR_FAILED
[JUMBO] Request failed: https://pwcdauseo-zone.cnstrc.com/v2/behavioral_action/browse_result_load?c=ciojs-2.1237.3&i=ae083a4d-c00e-44c7-b9bf-ccba7b7430f8&s=1&key=key_JopvNXKS61kwGkBe&origin_referrer=www.jumbo.cl%2Fbusca&_dt=1755076247195 net::ERR_ABORTED
[JUMBO] Request failed: https://assets.jumbo.cl/json/jumbocl/promotions-v2.json net::ERR_FAILED
[JUMBO] Request failed: https://assets.jumbo.cl/json/jumbocl/promotions-v2.json net::ERR_FAILED
[JUMBO] Request failed: https://assets.jumbo.cl/json/jumbocl/promotions-v2.json net::ERR_FAILED
[JUMBO] Request failed: https://assets.jumbo.cl/json/jumbocl/promotions-v2.json net::ERR_FAILED
[JUMBO] No products found on page, trying next URL pattern
[JUMBO] Attempting to load: https://www.jumbo.cl/busca?fq=H%3A23463&nombre_promo=home-especial-tesoros-carnes-productos-farmers-05082025/1
[JUMBO] Request failed: https://sm-web-api.ecomm.cencosud.com/catalog/api/v1/reviews/ratings?ids=138713,138717,138716,138714,138718,146055,146051,146054,138712,138715,140165,138711 net::ERR_ABORTED
[JUMBO] Request failed: https://bff.jumbo.cl/catalog/personalize/top-sale-products net::ERR_ABORTED
[JUMBO] Request failed: https://dev.visualwebsiteoptimizer.com/j.php?a=642581&u=https%3A%2F%2Fwww.jumbo.cl%2Fbusca%3Ffq%3DH%253A23463%26nombre_promo%3Dhome-especial-tesoros-carnes-productos-farmers-05082025%2F1&f=1&vn=1.5 net::ERR_FAILED
[JUMBO] Request failed: https://securepubads.g.doubleclick.net/tag/js/gpt.js net::ERR_FAILED
[JUMBO] Request failed: https://pwcdauseo-zone.cnstrc.com/v2/behavioral_action/browse_result_load?c=ciojs-2.1237.3&i=ae083a4d-c00e-44c7-b9bf-ccba7b7430f8&s=1&key=key_JopvNXKS61kwGkBe&origin_referrer=www.jumbo.cl%2Fbusca&_dt=1755076250102 net::ERR_ABORTED
[JUMBO] No products found on page, trying next URL pattern
[JUMBO] Attempting to load: https://www.jumbo.cl/busca?fq=H%3A23463&nombre_promo=home-especial-tesoros-carnes-productos-farmers-05082025&page=1
[JUMBO] Request failed: https://www.googletagmanager.com/gtm.js?id=GTM-5WWDCL8&gtm_auth=&gtm_preview=&gtm_cookies_win=x net::ERR_FAILED
[JUMBO] Request failed: https://js-agent.newrelic.com/nr-spa-1.261.1.min.js net::ERR_FAILED
[JUMBO] Request failed: https://js-agent.newrelic.com/nr-spa-1.261.1.min.js net::ERR_FAILED
[JUMBO] Request failed: https://assets-jumbo.ecomm.cencosud.com/bb6a8dff7718fb3fd24d-ModalGiftsProducts.bundle.js net::ERR_ABORTED
[JUMBO] Request failed: https://assets-jumbo.ecomm.cencosud.com/0e5c3fe4110c20355e59-5394.bundle.js net::ERR_ABORTED
[JUMBO] Request failed: https://sm-web-api.ecomm.cencosud.com/cms/api/v1/cms/datetime net::ERR_ABORTED
[JUMBO] Request failed: https://assets.jumbo.cl/json/cms/page-101453.json net::ERR_ABORTED
[JUMBO] Request failed: https://assets-jumbo.ecomm.cencosud.com/d09ab9e01c2b36759dc0-800.bundle.js net::ERR_ABORTED
[JUMBO] Request failed: https://assets.jumbo.cl/json/jumbocl/promotions-v2.json net::ERR_ABORTED
[JUMBO] Request failed: https://assets.jumbo.cl/json/cms/page-11732.json net::ERR_ABORTED
[JUMBO] Request failed: https://assets-jumbo.ecomm.cencosud.com/cb4cd7376aad2d5d68f6-9838.bundle.js net::ERR_ABORTED
[JUMBO] Request failed: https://assets.jumbo.cl/json/cms/page-67845.json net::ERR_ABORTED
[JUMBO] Request failed: https://ads01.groovinads.com/grv/track/bhpx.os?idc=7315&fgjs=1&sku=undefined&idcategory=busca net::ERR_ABORTED
[JUMBO] Request failed: https://bff.jumbo.cl/catalog/plp net::ERR_ABORTED
[JUMBO] Request failed: https://assets.jumbo.cl/json/cms/list-collection.json net::ERR_ABORTED
[JUMBO] Request failed: https://fonts.gstatic.com/s/sourcesanspro/v22/6xKydSBYKcSV-LCoeQqfX1RYOo3i54rwlxdu.woff2 net::ERR_ABORTED
[JUMBO] Request failed: https://assets-jumbo.ecomm.cencosud.com/627a44244b7af61ff751.svg net::ERR_ABORTED
[JUMBO] Request failed: https://assets-jumbo.ecomm.cencosud.com/92f783c6dbd7e73ba7a4.svg net::ERR_ABORTED
[JUMBO] Request failed: https://fonts.gstatic.com/s/sourcesanspro/v22/6xKydSBYKcSV-LCoeQqfX1RYOo3ig4vwlxdu.woff2 net::ERR_ABORTED
[JUMBO] Request failed: https://assets-jumbo.ecomm.cencosud.com/7224fbda9c50559ae999.svg net::ERR_ABORTED
[JUMBO] Request failed: https://assets-jumbo.ecomm.cencosud.com/f13a8dc5e4ed55aa01bc.svg net::ERR_ABORTED
[JUMBO] Request failed: https://assets-jumbo.ecomm.cencosud.com/fe3275ac08d71221a4b2-2783.bundle.css net::ERR_ABORTED
[JUMBO] Request failed: https://assets-jumbo.ecomm.cencosud.com/de0735c19a91b116c94b.svg net::ERR_ABORTED
[JUMBO] Request failed: https://assets-jumbo.ecomm.cencosud.com/9fd77b6cacc4db7310cf.svg net::ERR_ABORTED
[JUMBO] Request failed: https://dev.visualwebsiteoptimizer.com/j.php?a=642581&u=https%3A%2F%2Fwww.jumbo.cl%2Fbusca%3Ffq%3DH%253A23463%26nombre_promo%3Dhome-especial-tesoros-carnes-productos-farmers-05082025%26page%3D1&f=1&vn=1.5 net::ERR_FAILED
[JUMBO] Request failed: https://securepubads.g.doubleclick.net/tag/js/gpt.js net::ERR_FAILED
[JUMBO] Request failed: https://www.googletagmanager.com/gtm.js?id=GTM-5WWDCL8&gtm_auth=&gtm_preview=&gtm_cookies_win=x net::ERR_FAILED
[JUMBO] Request failed: https://js-agent.newrelic.com/nr-spa-1.261.1.min.js net::ERR_FAILED
[JUMBO] Request failed: https://js-agent.newrelic.com/nr-spa-1.261.1.min.js net::ERR_FAILED
[JUMBO] Request failed: https://assets.jumbo.cl/json/jumbocl/promotions-v2.json net::ERR_FAILED
[JUMBO] Request failed: https://assets.jumbo.cl/json/jumbocl/promotions-v2.json net::ERR_FAILED
[JUMBO] No products found on page, trying next URL pattern
[JUMBO] Attempting to load: https://www.jumbo.cl/busca?fq=H%3A23463&nombre_promo=home-especial-tesoros-carnes-productos-farmers-05082025
[JUMBO] Request failed: https://assets.jumbo.cl/json/jumbocl/promotions-v2.json net::ERR_FAILED
[JUMBO] Request failed: https://assets.jumbo.cl/json/jumbocl/promotions-v2.json net::ERR_FAILED
[JUMBO] Request failed: https://sm-web-api.ecomm.cencosud.com/fidelity/api/v1/loyalty-events net::ERR_ABORTED
[JUMBO] Request failed: https://bff.jumbo.cl/catalog/personalize/top-sale-products net::ERR_ABORTED
[JUMBO] Request failed: https://assets.jumbo.cl/json/cms/page-121827.json net::ERR_ABORTED
[JUMBO] Request failed: https://jumbocl.vteximg.com.br/arquivos/ids/331374-250-250/Lomo-Vetado-Americana-Farmers-Al-Vacio-kg.jpg?v=638787654087330000 net::ERR_ABORTED
[JUMBO] Request failed: https://jumbocl.vteximg.com.br/arquivos/ids/333420-250-250/Mollejas-vacuno-EEUU-Farmers-pote-congelado-500-kg.jpg?v=638776434882630000 net::ERR_ABORTED
[JUMBO] Request failed: https://jumbocl.vteximg.com.br/arquivos/ids/331282-250-250/Entra%C3%B1a-Americana-Farmers-Al-Vacio-kg.jpg?v=638776433029300000 net::ERR_ABORTED
[JUMBO] Request failed: https://jumbocl.vteximg.com.br/arquivos/ids/331326-250-250/Lomo-Liso-Americana-Farmers-Al-Vacio-kg.jpg?v=638787654238670000 net::ERR_ABORTED
[JUMBO] Request failed: https://jumbocl.vteximg.com.br/arquivos/ids/331240-250-250/Arrachera-Americana-Farmers-Al-Vacio-kg.jpg?v=638776432998000000 net::ERR_ABORTED
[JUMBO] Request failed: https://jumbocl.vteximg.com.br/arquivos/ids/331192-250-250/Abastero-Americana-Farmers-Al-Vacio-kg.jpg?v=638776432962400000 net::ERR_ABORTED
[JUMBO] Request failed: https://jumbocl.vteximg.com.br/arquivos/ids/331461-250-250/Punta-de-Ganso-Americana-Farmers-Al-Vacio-kg.jpg?v=638776433161500000 net::ERR_ABORTED
[JUMBO] Request failed: https://jumbocl.vteximg.com.br/arquivos/ids/331507-250-250/Punta-Picana-Americana-Farmers-Al-Vacio-kg.jpg?v=638776433204200000 net::ERR_ABORTED
[JUMBO] Request failed: https://jumbocl.vteximg.com.br/arquivos/ids/430005-250-250/Asado-de-Tira-EEUU-V-Farmers-kg.jpg?v=638814668454900000 net::ERR_ABORTED
[JUMBO] Request failed: https://jumbocl.vteximg.com.br/arquivos/ids/404254-250-250/Asado-de-Tira-Bandera-EEUU-V-Farmers-kg.jpg?v=638776917861030000 net::ERR_ABORTED
[JUMBO] Request failed: https://jumbocl.vteximg.com.br/arquivos/ids/331422-250-250/Palanca-Americana-Farmers-Al-Vacio-kg.jpg?v=638776433127770000 net::ERR_ABORTED
[JUMBO] Request failed: https://jumbocl.vteximg.com.br/arquivos/ids/430009-250-250/Asado-de-Tira-Ventana-EEUU-V-Farmers-kg.jpg?v=638814668472700000 net::ERR_ABORTED
[JUMBO] Request failed: https://dev.visualwebsiteoptimizer.com/j.php?a=642581&u=https%3A%2F%2Fwww.jumbo.cl%2Fbusca%3Ffq%3DH%253A23463%26nombre_promo%3Dhome-especial-tesoros-carnes-productos-farmers-05082025&f=1&vn=1.5 net::ERR_FAILED
[JUMBO] Request failed: https://securepubads.g.doubleclick.net/tag/js/gpt.js net::ERR_FAILED
[JUMBO] Request failed: https://www.googletagmanager.com/gtm.js?id=GTM-5WWDCL8&gtm_auth=&gtm_preview=&gtm_cookies_win=x net::ERR_FAILED
[JUMBO] Request failed: https://js-agent.newrelic.com/nr-spa-1.261.1.min.js net::ERR_FAILED
[JUMBO] Request failed: https://js-agent.newrelic.com/nr-spa-1.261.1.min.js net::ERR_FAILED
[JUMBO] Request failed: https://assets.jumbo.cl/json/jumbocl/promotions-v2.json net::ERR_FAILED
[JUMBO] Request failed: https://assets.jumbo.cl/json/jumbocl/promotions-v2.json net::ERR_FAILED
[JUMBO] Request failed: https://assets.jumbo.cl/json/jumbocl/promotions-v2.json net::ERR_FAILED
[JUMBO] No products found on page, trying next URL pattern
[JUMBO] No valid URL pattern worked for page 1 of carnes
[JUMBO] Completed scraping category carnes: 0 total products
[JUMBO] Category carnes completed. Estimated remaining time: 1 minutes
[JUMBO] Starting category 5/6: panaderia
[JUMBO] Scraping category: panaderia with 1 URL patterns
[JUMBO] Attempting to load: https://www.jumbo.cl/panaderia-y-pasteleria/pasteleria?page=1
[JUMBO] Request failed: https://assets.jumbo.cl/json/jumbocl/promotions-v2.json net::ERR_FAILED
[JUMBO] Request failed: https://pwcdauseo-zone.cnstrc.com/v2/behavioral_action/browse_result_load?c=ciojs-2.1237.3&i=ae083a4d-c00e-44c7-b9bf-ccba7b7430f8&s=1&key=key_JopvNXKS61kwGkBe&origin_referrer=www.jumbo.cl%2Fbusca&_dt=1755076259176 net::ERR_ABORTED
[JUMBO] Request failed: https://sm-web-api.ecomm.cencosud.com/catalog/api/v1/reviews/ratings?ids=138713,138717,138716,138714,138718,146055,146051,146054,138712,138715,140165,138711 net::ERR_ABORTED
[JUMBO] Request failed: https://dev.visualwebsiteoptimizer.com/j.php?a=642581&u=https%3A%2F%2Fwww.jumbo.cl%2Fpanaderia-y-pasteleria%2Fpasteleria%3Fpage%3D1&f=1&vn=1.5 net::ERR_FAILED
[JUMBO] Request failed: https://securepubads.g.doubleclick.net/tag/js/gpt.js net::ERR_FAILED
[JUMBO] Request failed: https://www.googletagmanager.com/gtm.js?id=GTM-5WWDCL8&gtm_auth=&gtm_preview=&gtm_cookies_win=x net::ERR_FAILED
[JUMBO] Request failed: https://js-agent.newrelic.com/nr-spa-1.261.1.min.js net::ERR_FAILED
[JUMBO] Request failed: https://js-agent.newrelic.com/nr-spa-1.261.1.min.js net::ERR_FAILED
[JUMBO] Request failed: https://assets.jumbo.cl/json/jumbocl/promotions-v2.json net::ERR_FAILED
[JUMBO] Request failed: https://assets.jumbo.cl/json/jumbocl/promotions-v2.json net::ERR_FAILED
[JUMBO] Request failed: https://assets.jumbo.cl/json/jumbocl/promotions-v2.json net::ERR_FAILED
[JUMBO] Request failed: https://assets.jumbo.cl/json/jumbocl/promotions-v2.json net::ERR_FAILED
[JUMBO] No products found on page, trying next URL pattern
[JUMBO] Attempting to load: https://www.jumbo.cl/panaderia-y-pasteleria/pasteleria?p=1
[JUMBO] Request failed: https://jumbocl.vteximg.com.br/arquivos/ids/325083-250-250/1982391-01_669630.jpg?v=638776428107200000 net::ERR_ABORTED
[JUMBO] Request failed: https://jumbocl.vteximg.com.br/arquivos/ids/301005-250-250/Torta-Discos-de-Merengue-Crema-y-Frambuesa.jpg?v=638776374358500000 net::ERR_ABORTED
[JUMBO] Request failed: https://jumbocl.vteximg.com.br/arquivos/ids/301071-250-250/Cheesecake-Cookies-And-Cream.jpg?v=638776374496330000 net::ERR_ABORTED
[JUMBO] Request failed: https://jumbocl.vteximg.com.br/arquivos/ids/311214-250-250/Torta-Bizcocho-Chocolate-Crema-Chocolate-Mermelada-Frambuesa.jpg?v=638776393153000000 net::ERR_ABORTED
[JUMBO] Request failed: https://jumbocl.vtexassets.com/arquivos/ids/349671-250-250/Principal-1304.jpg?v=638776678002300000 net::ERR_ABORTED
[JUMBO] Request failed: https://jumbocl.vtexassets.com/arquivos/ids/369294-250-250/Marraquetas-grande-kg.jpg?v=638776776504930000 net::ERR_ABORTED
[JUMBO] Request failed: https://jumbocl.vteximg.com.br/arquivos/ids/306583-250-250/Torta-Hoja-Manjar-y-Chocolate-10-Porciones.jpg?v=638776382622470000 net::ERR_ABORTED
[JUMBO] Request failed: https://jumbocl.vteximg.com.br/arquivos/ids/306594-250-250/Torta-Hoja-Crema-Pastelera-y-Manjar-15-Porciones.jpg?v=638776382660170000 net::ERR_ABORTED
[JUMBO] Request failed: https://jumbocl.vteximg.com.br/arquivos/ids/300979-250-250/Tarta-de-Arandano-y-Frambuesa.jpg?v=638776374314100000 net::ERR_ABORTED
[JUMBO] Request failed: https://jumbocl.vteximg.com.br/arquivos/ids/334888-250-250/Torta-Merengue-Nougat-15P-V3.jpg?v=638776435978230000 net::ERR_ABORTED
[JUMBO] Request failed: https://jumbocl.vteximg.com.br/arquivos/ids/306217-250-250/Torta-Bizcocho-Crema-Chantilly-y-Trozos-de-Pi%C3%B1a.jpg?v=638776382136800000 net::ERR_ABORTED
[JUMBO] Request failed: https://jumbocl.vteximg.com.br/arquivos/ids/319708-250-250/Torta-San-Jorge-Chocolate.jpg?v=638776418047000000 net::ERR_ABORTED
[JUMBO] Request failed: https://jumbocl.vteximg.com.br/arquivos/ids/306605-250-250/Torta-Bizcocho-Crema-y-Pure-de-Lucuma.jpg?v=638776382692300000 net::ERR_ABORTED
[JUMBO] Request failed: https://jumbocl.vteximg.com.br/arquivos/ids/319727-250-250/Torta-San-Jorge-Lucuma.jpg?v=638776418084870000 net::ERR_ABORTED
[JUMBO] Request failed: https://jumbocl.vteximg.com.br/arquivos/ids/326929-250-250/Torta-Panqueque-Choco-Manjar-Guinda-15-Porciones.jpg?v=638776429586230000 net::ERR_ABORTED
[JUMBO] Request failed: https://jumbocl.vteximg.com.br/arquivos/ids/331781-250-250/Kuchen-Frambuesa-Jumbo-V3-1-un.jpg?v=638776433460030000 net::ERR_ABORTED
[JUMBO] Request failed: https://jumbocl.vteximg.com.br/arquivos/ids/309985-250-250/Torta-Panqueque-Crema-de-Naranja-y-Coco.jpg?v=638776390508700000 net::ERR_ABORTED
[JUMBO] Request failed: https://jumbocl.vteximg.com.br/arquivos/ids/410733-250-250/Berlin-Pastelera-Jumbo.jpg?v=638790482685100000 net::ERR_ABORTED
[JUMBO] Request failed: https://jumbocl.vteximg.com.br/arquivos/ids/321936-250-250/Torta-Chocolate-Real-8-10-Porciones.jpg?v=638776424419870000 net::ERR_ABORTED
[JUMBO] Request failed: https://jumbocl.vtexassets.com/arquivos/ids/333143-250-250/Pan-Molde-Ideal-Blanco-XL-750-g.jpg?v=638776434632100000 net::ERR_ABORTED
[JUMBO] Request failed: https://jumbocl.vteximg.com.br/arquivos/ids/311188-250-250/Torta-Hoja-Manjar-y-Mermelada-de-Frambuesa.jpg?v=638776393115170000 net::ERR_ABORTED
[JUMBO] Request failed: https://jumbocl.vteximg.com.br/arquivos/ids/319130-250-250/Torta-Merengue-Lucuma.jpg?v=638776416696670000 net::ERR_ABORTED
[JUMBO] Request failed: https://jumbocl.vtexassets.com/arquivos/ids/300988-250-250/Pan-molde-miga-sandwich-sin-borde-440-g.jpg?v=638776374323500000 net::ERR_ABORTED
[JUMBO] Request failed: https://jumbocl.vteximg.com.br/arquivos/ids/453266-250-250/BROWNIE-GALLETA-CHIPS-CASTA%C3%91O-4-UN.jpg?v=638854197956900000 net::ERR_ABORTED
[JUMBO] Request failed: https://jumbocl.vteximg.com.br/arquivos/ids/306255-250-250/Torta-Bizcocho-Chocolate-Crema-Chantilly-y-Mermelada-Guinda.jpg?v=638776382175430000 net::ERR_ABORTED
[JUMBO] Request failed: https://jumbocl.vtexassets.com/arquivos/ids/300959-250-250/Tarta-de-Frambuesa-8-10-Porciones.jpg?v=638776374276430000 net::ERR_ABORTED
[JUMBO] Request failed: https://jumbocl.vteximg.com.br/arquivos/ids/300959-250-250/Tarta-de-Frambuesa-8-10-Porciones.jpg?v=638776374276430000 net::ERR_ABORTED
[JUMBO] Request failed: https://dev.visualwebsiteoptimizer.com/j.php?a=642581&u=https%3A%2F%2Fwww.jumbo.cl%2Fpanaderia-y-pasteleria%2Fpasteleria%3Fp%3D1&f=1&vn=1.5 net::ERR_FAILED
[JUMBO] Request failed: https://securepubads.g.doubleclick.net/tag/js/gpt.js net::ERR_FAILED
[JUMBO] Request failed: https://pwcdauseo-zone.cnstrc.com/v2/behavioral_action/browse_result_load?c=ciojs-2.1237.3&i=ae083a4d-c00e-44c7-b9bf-ccba7b7430f8&s=1&key=key_JopvNXKS61kwGkBe&origin_referrer=www.jumbo.cl%2Fpanaderia-y-pasteleria%2Fpasteleria&_dt=1755076263364 net::ERR_ABORTED
[JUMBO] Request failed: https://www.googletagmanager.com/gtm.js?id=GTM-5WWDCL8&gtm_auth=&gtm_preview=&gtm_cookies_win=x net::ERR_FAILED
[JUMBO] Request failed: https://js-agent.newrelic.com/nr-spa-1.261.1.min.js net::ERR_FAILED
[JUMBO] Request failed: https://js-agent.newrelic.com/nr-spa-1.261.1.min.js net::ERR_FAILED
[JUMBO] Request failed: https://assets.jumbo.cl/json/jumbocl/promotions-v2.json net::ERR_FAILED
[JUMBO] Request failed: https://cm.g.doubleclick.net/pixel?google_nid=groovinads_mexico_sa_de_cv_&google_hm=NTA3NjE5MDI4NDAyODk4 net::ERR_FAILED
[JUMBO] Request failed: https://assets.jumbo.cl/json/jumbocl/promotions-v2.json net::ERR_FAILED
[JUMBO] Request failed: https://assets.jumbo.cl/json/jumbocl/promotions-v2.json net::ERR_FAILED
[JUMBO] Request failed: https://assets.jumbo.cl/json/jumbocl/promotions-v2.json net::ERR_FAILED
[JUMBO] No products found on page, trying next URL pattern
[JUMBO] Attempting to load: https://www.jumbo.cl/panaderia-y-pasteleria/pasteleria/1
[JUMBO] Request failed: https://bff.jumbo.cl/catalog/plp net::ERR_ABORTED
[JUMBO] Request failed: https://dev.visualwebsiteoptimizer.com/j.php?a=642581&u=https%3A%2F%2Fwww.jumbo.cl%2Fpanaderia-y-pasteleria%2Fpasteleria%2F1&f=1&vn=1.5 net::ERR_FAILED
[JUMBO] Request failed: https://securepubads.g.doubleclick.net/tag/js/gpt.js net::ERR_FAILED
[JUMBO] Request failed: https://www.googletagmanager.com/gtm.js?id=GTM-5WWDCL8&gtm_auth=&gtm_preview=&gtm_cookies_win=x net::ERR_FAILED
[JUMBO] Request failed: https://js-agent.newrelic.com/nr-spa-1.261.1.min.js net::ERR_FAILED
[JUMBO] Request failed: https://js-agent.newrelic.com/nr-spa-1.261.1.min.js net::ERR_FAILED
[JUMBO] Request failed: https://assets.jumbo.cl/json/jumbocl/promotions-v2.json net::ERR_FAILED
[JUMBO] Request failed: https://assets.jumbo.cl/json/jumbocl/promotions-v2.json net::ERR_FAILED
[JUMBO] Request failed: https://assets.jumbo.cl/json/jumbocl/promotions-v2.json net::ERR_FAILED
[JUMBO] Request failed: https://assets.jumbo.cl/json/jumbocl/promotions-v2.json net::ERR_FAILED
[JUMBO] No products found on page, trying next URL pattern
[JUMBO] Attempting to load: https://www.jumbo.cl/panaderia-y-pasteleria/pasteleria&page=1
[JUMBO] Request failed: https://dev.visualwebsiteoptimizer.com/j.php?a=642581&u=https%3A%2F%2Fwww.jumbo.cl%2Fpanaderia-y-pasteleria%2Fpasteleria%26page%3D1&f=1&vn=1.5 net::ERR_FAILED
[JUMBO] Request failed: https://securepubads.g.doubleclick.net/tag/js/gpt.js net::ERR_FAILED
[JUMBO] Request failed: https://www.googletagmanager.com/gtm.js?id=GTM-5WWDCL8&gtm_auth=&gtm_preview=&gtm_cookies_win=x net::ERR_FAILED
[JUMBO] Request failed: https://js-agent.newrelic.com/nr-spa-1.261.1.min.js net::ERR_FAILED
[JUMBO] Request failed: https://js-agent.newrelic.com/nr-spa-1.261.1.min.js net::ERR_FAILED
[JUMBO] Request failed: https://assets.jumbo.cl/json/jumbocl/promotions-v2.json net::ERR_FAILED
[JUMBO] Request failed: https://assets.jumbo.cl/json/jumbocl/promotions-v2.json net::ERR_FAILED
[JUMBO] Request failed: https://assets.jumbo.cl/json/jumbocl/promotions-v2.json net::ERR_FAILED
[JUMBO] Request failed: https://assets.jumbo.cl/json/jumbocl/promotions-v2.json net::ERR_FAILED
[JUMBO] No products found on page, trying next URL pattern
[JUMBO] Attempting to load: https://www.jumbo.cl/panaderia-y-pasteleria/pasteleria
[JUMBO] Request failed: https://assets.jumbo.cl/json/cms/page-100823.json net::ERR_ABORTED
[JUMBO] Request failed: https://dev.visualwebsiteoptimizer.com/j.php?a=642581&u=https%3A%2F%2Fwww.jumbo.cl%2Fpanaderia-y-pasteleria%2Fpasteleria&f=1&vn=1.5 net::ERR_FAILED
[JUMBO] Request failed: https://securepubads.g.doubleclick.net/tag/js/gpt.js net::ERR_FAILED
[JUMBO] Request failed: https://www.googletagmanager.com/gtm.js?id=GTM-5WWDCL8&gtm_auth=&gtm_preview=&gtm_cookies_win=x net::ERR_FAILED
[JUMBO] Request failed: https://js-agent.newrelic.com/nr-spa-1.261.1.min.js net::ERR_FAILED
[JUMBO] Request failed: https://js-agent.newrelic.com/nr-spa-1.261.1.min.js net::ERR_FAILED
[JUMBO] Request failed: https://assets.jumbo.cl/json/jumbocl/promotions-v2.json net::ERR_FAILED
[JUMBO] Request failed: https://assets.jumbo.cl/json/jumbocl/promotions-v2.json net::ERR_FAILED
[JUMBO] No products found on page, trying next URL pattern
[JUMBO] No valid URL pattern worked for page 1 of panaderia
[JUMBO] Completed scraping category panaderia: 0 total products
[JUMBO] Category panaderia completed. Estimated remaining time: 0 minutes
[JUMBO] Starting category 6/6: aseo
[JUMBO] Scraping category: aseo with 1 URL patterns
[JUMBO] Navigating to https://www.jumbo.cl
[JUMBO] Request failed: https://assets.jumbo.cl/json/jumbocl/promotions-v2.json net::ERR_FAILED
[JUMBO] Request failed: https://assets.jumbo.cl/json/jumbocl/promotions-v2.json net::ERR_FAILED
[JUMBO] Request failed: https://bff.jumbo.cl/catalog/plp net::ERR_ABORTED
[JUMBO] Request failed: https://dev.visualwebsiteoptimizer.com/j.php?a=642581&u=https%3A%2F%2Fwww.jumbo.cl%2F&f=1&vn=1.5 net::ERR_FAILED
[JUMBO] Request failed: https://securepubads.g.doubleclick.net/tag/js/gpt.js net::ERR_FAILED
[JUMBO] Request failed: https://www.googletagmanager.com/gtm.js?id=GTM-5WWDCL8&gtm_auth=&gtm_preview=&gtm_cookies_win=x net::ERR_FAILED
[JUMBO] Request failed: https://assets.jumbo.cl/json/jumbocl/promotions-v2.json net::ERR_FAILED
[JUMBO] Request failed: https://assets.jumbo.cl/json/jumbocl/promotions-v2.json net::ERR_FAILED
[JUMBO] Request failed: https://assets.jumbo.cl/json/jumbocl/promotions-v2.json net::ERR_FAILED
[JUMBO] Discovered 6 category URLs from homepage navigation
[JUMBO] Discovered 1 URLs for aseo
[JUMBO] Attempting to load: https://www.jumbo.cl/limpieza?page=1
[JUMBO] Request failed: https://assets.jumbo.cl/json/jumbocl/promotions-v2.json net::ERR_FAILED
[JUMBO] Request failed: https://bff.jumbo.cl/catalog/plp net::ERR_ABORTED
[JUMBO] Request failed: https://assets.jumbo.cl/uploads/2025/08/desktop-home-grilla-tesoros-carnes-farmers-s32-05082025.webp net::ERR_ABORTED
[JUMBO] Request failed: https://assets.jumbo.cl/uploads/2025/08/desktop-home-grilla-tesoros-carnes-asado-de-tira-s32-05082025.webp net::ERR_ABORTED
[JUMBO] Request failed: https://bff.jumbo.cl/catalog/plp net::ERR_ABORTED
[JUMBO] Request failed: https://bff.jumbo.cl/catalog/plp net::ERR_ABORTED
[JUMBO] Request failed: https://assets.jumbo.cl/uploads/2025/08/desktop-home-grilla-tesoros-carnes-tartar-de-asiento-s32-05082025.webp net::ERR_ABORTED
[JUMBO] Request failed: https://assets.jumbo.cl/uploads/2025/08/desktop-home-grilla-tesoros-carnes-malaya-de-cerdo-s32-05082025.webp net::ERR_ABORTED
[JUMBO] Request failed: https://assets.jumbo.cl/uploads/2025/08/1-desktop-home-huincha-tesoros-carnes-todas-las-ofertas-s32-05082025.webp net::ERR_ABORTED
[JUMBO] Request failed: https://assets.jumbo.cl/uploads/2025/08/desktop-banner-landing-open-bar-vinos-licores-cervezas-seleccionadas-s33-12082025.webp net::ERR_ABORTED
[JUMBO] Request failed: https://assets.jumbo.cl/uploads/2025/08/desktop-home-huincha-especial-landing-mesa-y-cocina-todas-las-ofetas-s33-12082025.webp net::ERR_ABORTED
[JUMBO] Request failed: https://assets.jumbo.cl/uploads/2025/08/1desktop-home-banner-la-cava.webp net::ERR_ABORTED
[JUMBO] Request failed: https://dev.visualwebsiteoptimizer.com/j.php?a=642581&u=https%3A%2F%2Fwww.jumbo.cl%2Flimpieza%3Fpage%3D1&f=1&vn=1.5 net::ERR_FAILED
[JUMBO] Request failed: https://securepubads.g.doubleclick.net/tag/js/gpt.js net::ERR_FAILED
[JUMBO] Request failed: https://www.googletagmanager.com/gtm.js?id=GTM-5WWDCL8&gtm_auth=&gtm_preview=&gtm_cookies_win=x net::ERR_FAILED
[JUMBO] Request failed: https://js-agent.newrelic.com/nr-spa-1.261.1.min.js net::ERR_FAILED
[JUMBO] Request failed: https://js-agent.newrelic.com/nr-spa-1.261.1.min.js net::ERR_FAILED
[JUMBO] Request failed: https://assets.jumbo.cl/json/jumbocl/promotions-v2.json net::ERR_FAILED
[JUMBO] Request failed: https://assets.jumbo.cl/json/jumbocl/promotions-v2.json net::ERR_FAILED
[JUMBO] No products found on page, trying next URL pattern
[JUMBO] Attempting to load: https://www.jumbo.cl/limpieza?p=1
[JUMBO] Request failed: https://assets.jumbo.cl/json/jumbocl/promotions-v2.json net::ERR_FAILED
[JUMBO] Request failed: https://assets.jumbo.cl/json/jumbocl/promotions-v2.json net::ERR_FAILED
[JUMBO] Request failed: https://bff.jumbo.cl/catalog/plp net::ERR_ABORTED
[JUMBO] Request failed: https://dev.visualwebsiteoptimizer.com/j.php?a=642581&u=https%3A%2F%2Fwww.jumbo.cl%2Flimpieza%3Fp%3D1&f=1&vn=1.5 net::ERR_FAILED
[JUMBO] Request failed: https://securepubads.g.doubleclick.net/tag/js/gpt.js net::ERR_FAILED
[JUMBO] Request failed: https://www.googletagmanager.com/gtm.js?id=GTM-5WWDCL8&gtm_auth=&gtm_preview=&gtm_cookies_win=x net::ERR_FAILED
[JUMBO] Request failed: https://js-agent.newrelic.com/nr-spa-1.261.1.min.js net::ERR_FAILED
[JUMBO] Request failed: https://js-agent.newrelic.com/nr-spa-1.261.1.min.js net::ERR_FAILED
[JUMBO] Request failed: https://assets.jumbo.cl/json/jumbocl/promotions-v2.json net::ERR_FAILED
[JUMBO] Request failed: https://assets.jumbo.cl/json/jumbocl/promotions-v2.json net::ERR_FAILED
[JUMBO] Request failed: https://assets.jumbo.cl/json/jumbocl/promotions-v2.json net::ERR_FAILED
[JUMBO] Request failed: https://assets.jumbo.cl/json/jumbocl/promotions-v2.json net::ERR_FAILED
[JUMBO] No products found on page, trying next URL pattern
[JUMBO] Attempting to load: https://www.jumbo.cl/limpieza/1
[JUMBO] Request failed: https://bff.jumbo.cl/catalog/plp net::ERR_ABORTED
[JUMBO] Request failed: https://dev.visualwebsiteoptimizer.com/j.php?a=642581&u=https%3A%2F%2Fwww.jumbo.cl%2Flimpieza%2F1&f=1&vn=1.5 net::ERR_FAILED
[JUMBO] Request failed: https://securepubads.g.doubleclick.net/tag/js/gpt.js net::ERR_FAILED
[JUMBO] Request failed: https://www.googletagmanager.com/gtm.js?id=GTM-5WWDCL8&gtm_auth=&gtm_preview=&gtm_cookies_win=x net::ERR_FAILED
[JUMBO] Request failed: https://js-agent.newrelic.com/nr-spa-1.261.1.min.js net::ERR_FAILED
[JUMBO] Request failed: https://js-agent.newrelic.com/nr-spa-1.261.1.min.js net::ERR_FAILED
[JUMBO] Request failed: https://assets.jumbo.cl/json/jumbocl/promotions-v2.json net::ERR_FAILED
[JUMBO] Request failed: https://assets.jumbo.cl/json/jumbocl/promotions-v2.json net::ERR_FAILED
[JUMBO] Request failed: https://assets.jumbo.cl/json/jumbocl/promotions-v2.json net::ERR_FAILED
[JUMBO] Request failed: https://assets.jumbo.cl/json/jumbocl/promotions-v2.json net::ERR_FAILED
[JUMBO] No products found on page, trying next URL pattern
[JUMBO] Attempting to load: https://www.jumbo.cl/limpieza&page=1
[JUMBO] Request failed: https://sm-web-api.ecomm.cencosud.com/catalog/api/v1/jumboclj512/products/recommended?sc=1&campaign=poc-jumbo-cart&filter=filter-cart-items net::ERR_ABORTED
[JUMBO] Request failed: https://dev.visualwebsiteoptimizer.com/j.php?a=642581&u=https%3A%2F%2Fwww.jumbo.cl%2Flimpieza%26page%3D1&f=1&vn=1.5 net::ERR_FAILED
[JUMBO] Request failed: https://securepubads.g.doubleclick.net/tag/js/gpt.js net::ERR_FAILED
[JUMBO] Request failed: https://www.googletagmanager.com/gtm.js?id=GTM-5WWDCL8&gtm_auth=&gtm_preview=&gtm_cookies_win=x net::ERR_FAILED
[JUMBO] Request failed: https://js-agent.newrelic.com/nr-spa-1.261.1.min.js net::ERR_FAILED
[JUMBO] Request failed: https://js-agent.newrelic.com/nr-spa-1.261.1.min.js net::ERR_FAILED
[JUMBO] Request failed: https://assets.jumbo.cl/json/jumbocl/promotions-v2.json net::ERR_FAILED
[JUMBO] Request failed: https://assets.jumbo.cl/json/jumbocl/promotions-v2.json net::ERR_FAILED
[JUMBO] Request failed: https://assets.jumbo.cl/json/jumbocl/promotions-v2.json net::ERR_FAILED
[JUMBO] Request failed: https://assets.jumbo.cl/json/jumbocl/promotions-v2.json net::ERR_FAILED
[JUMBO] No products found on page, trying next URL pattern
[JUMBO] Attempting to load: https://www.jumbo.cl/limpieza
[JUMBO] Request failed: https://dev.visualwebsiteoptimizer.com/j.php?a=642581&u=https%3A%2F%2Fwww.jumbo.cl%2Flimpieza&f=1&vn=1.5 net::ERR_FAILED
[JUMBO] Request failed: https://securepubads.g.doubleclick.net/tag/js/gpt.js net::ERR_FAILED
[JUMBO] Request failed: https://www.googletagmanager.com/gtm.js?id=GTM-5WWDCL8&gtm_auth=&gtm_preview=&gtm_cookies_win=x net::ERR_FAILED
[JUMBO] Request failed: https://js-agent.newrelic.com/nr-spa-1.261.1.min.js net::ERR_FAILED
[JUMBO] Request failed: https://js-agent.newrelic.com/nr-spa-1.261.1.min.js net::ERR_FAILED
[JUMBO] Request failed: https://assets.jumbo.cl/json/jumbocl/promotions-v2.json net::ERR_FAILED
[JUMBO] Request failed: https://assets.jumbo.cl/json/jumbocl/promotions-v2.json net::ERR_FAILED
[JUMBO] Request failed: https://assets.jumbo.cl/json/jumbocl/promotions-v2.json net::ERR_FAILED
[JUMBO] Request failed: https://assets.jumbo.cl/json/jumbocl/promotions-v2.json net::ERR_FAILED
[JUMBO] No products found on page, trying next URL pattern
[JUMBO] No valid URL pattern worked for page 1 of aseo
[JUMBO] Completed scraping category aseo: 0 total products
[JUMBO] Category aseo completed. Estimated remaining time: 0 minutes
[JUMBO] Updated global products: 0 total products across 0 stores
[JUMBO] Removed old backup: products-backup-1755073755698.json
[JUMBO] Saved 0 products to /home/kuromatsu/Documents/RMC/Websites/Minimarket/data/products/jumbo/products.json
[JUMBO] Scraping duration: 2 minutes
[JUMBO] ============================================================
[JUMBO] MASS SCRAPING COMPLETE
[JUMBO] Store: jumbo
[JUMBO] Total Duration: 2 minutes (147 seconds)
[JUMBO] Categories scraped: 6/6
[JUMBO] Pages visited: 0
[JUMBO] Products found: 0
[JUMBO] Images downloaded: 0
[JUMBO] Retries: 0
[JUMBO] Errors: 0
[JUMBO] Success rate: 0%
[JUMBO] Average products per page: 0
[JUMBO] Products per minute: 0
[JUMBO] ============================================================
