[LIDER] Starting Enhanced Universal Product Scraper
[LIDER] Store: lider
[LIDER] Categories: bebidas, snacks, lacteos, carnes, panaderia, aseo
[LIDER] Max products: 999999
[LIDER] Max pages per category: 100000
[LIDER] Dry run: false
[LIDER] Navigating to https://www.lider.cl
[LIDER] Request failed: https://tzm.px-cloud.net/ns?c=3e8df860-7825-11f0-b938-31425f987470 net::ERR_FAILED
[LIDER] Request failed: https://collector-pxwysh5ekd.px-cloud.net/api/v2/collector net::ERR_FAILED
[LIDER] Request failed: https://collector-pxwysh5ekd.px-cloud.net/b/s net::ERR_FAILED
[LIDER] Request failed: https://b.px-cdn.net/api/v1/PXwySh5eKD/d/p net::ERR_FAILED
[LIDER] Request failed: https://captcha.px-cloud.net/PXwySh5eKD/captcha.js?a=c&u=3e8df860-7825-11f0-b938-31425f987470&v=3ed4b8cd-7825-11f0-b95f-c6f547caa993&m=0 net::ERR_FAILED
[LIDER] Request failed: https://captcha.px-cdn.net/PXwySh5eKD/captcha.js?a=c&u=3e8df860-7825-11f0-b938-31425f987470&v=3ed4b8cd-7825-11f0-b95f-c6f547caa993&m=0 net::ERR_FAILED
[LIDER] Request failed: https://us.creativecdn.com/tags?id=pr_lS9LK36HboMAqiKS7wJm_aid_ZWC8jaQosmPibyBP2TFTgc&tc=1 net::ERR_BLOCKED_BY_ORB
[LIDER] Discovered 1 category URLs from homepage navigation
[LIDER] Starting category 1/6: bebidas
[LIDER] Scraping category: bebidas with 1 URL patterns
[LIDER] Attempting to load: https://www.lider.cl/browse/bebidas-y-licores/45297969?ContentZone13&co_ty=Hubspokes&co_nm=Nuevo_en_Lider_W32&co_id=07082025_Bebestibles&co_or=1?page=1
[LIDER] Request failed: https://beacon.www.lider.cl/rum.gif net::ERR_ABORTED
[LIDER] Request failed: https://www.lider.cl/px/PXwySh5eKD/xhr/api/v2/collector/beacon net::ERR_ABORTED
[LIDER] Request failed: https://resources.digital-cloud-west.medallia.com/wdcsea/133415/forms/38664/formDataV2_1750351783926_es-cl.json net::ERR_ABORTED
[LIDER] Request failed: https://www.lider.cl/px/PXwySh5eKD/xhr/api/v2/collector net::ERR_ABORTED
[LIDER] Request failed: https://client.px-cloud.net/PXwySh5eKD/main.min.js net::ERR_FAILED
[LIDER] Request failed: https://client.px-cdn.net/PXwySh5eKD/main.min.js net::ERR_FAILED
[LIDER] No products found on page, trying next URL pattern
[LIDER] Attempting to load: https://www.lider.cl/browse/bebidas-y-licores/45297969?ContentZone13&co_ty=Hubspokes&co_nm=Nuevo_en_Lider_W32&co_id=07082025_Bebestibles&co_or=1?p=1
[LIDER] Request failed: https://client.px-cloud.net/PXwySh5eKD/main.min.js net::ERR_FAILED
[LIDER] Request failed: https://client.px-cdn.net/PXwySh5eKD/main.min.js net::ERR_FAILED
[LIDER] Request failed: https://client.px-cloud.net/PXwySh5eKD/main.min.js net::ERR_FAILED
[LIDER] Request failed: https://client.px-cdn.net/PXwySh5eKD/main.min.js net::ERR_FAILED
[LIDER] Request failed: https://client.px-cloud.net/PXwySh5eKD/main.min.js net::ERR_FAILED
[LIDER] Request failed: https://client.px-cdn.net/PXwySh5eKD/main.min.js net::ERR_FAILED
[LIDER] No products found on page, trying next URL pattern
[LIDER] Attempting to load: https://www.lider.cl/browse/bebidas-y-licores/45297969?ContentZone13&co_ty=Hubspokes&co_nm=Nuevo_en_Lider_W32&co_id=07082025_Bebestibles&co_or=1/1
[LIDER] Request failed: https://client.px-cloud.net/PXwySh5eKD/main.min.js net::ERR_FAILED
[LIDER] Request failed: https://client.px-cdn.net/PXwySh5eKD/main.min.js net::ERR_FAILED
[LIDER] Request failed: https://client.px-cloud.net/PXwySh5eKD/main.min.js net::ERR_ABORTED
[LIDER] Request failed: https://client.px-cloud.net/PXwySh5eKD/main.min.js net::ERR_FAILED
[LIDER] Request failed: https://client.px-cdn.net/PXwySh5eKD/main.min.js net::ERR_FAILED
[LIDER] No products found on page, trying next URL pattern
[LIDER] Attempting to load: https://www.lider.cl/browse/bebidas-y-licores/45297969?ContentZone13&co_ty=Hubspokes&co_nm=Nuevo_en_Lider_W32&co_id=07082025_Bebestibles&co_or=1&page=1
[LIDER] Request failed: https://client.px-cloud.net/PXwySh5eKD/main.min.js net::ERR_FAILED
[LIDER] Request failed: https://client.px-cdn.net/PXwySh5eKD/main.min.js net::ERR_FAILED
[LIDER] Request failed: https://client.px-cloud.net/PXwySh5eKD/main.min.js net::ERR_FAILED
[LIDER] Request failed: https://client.px-cdn.net/PXwySh5eKD/main.min.js net::ERR_FAILED
[LIDER] No products found on page, trying next URL pattern
[LIDER] Attempting to load: https://www.lider.cl/browse/bebidas-y-licores/45297969?ContentZone13&co_ty=Hubspokes&co_nm=Nuevo_en_Lider_W32&co_id=07082025_Bebestibles&co_or=1
[LIDER] Request failed: https://client.px-cloud.net/PXwySh5eKD/main.min.js net::ERR_FAILED
[LIDER] Request failed: https://client.px-cdn.net/PXwySh5eKD/main.min.js net::ERR_FAILED
[LIDER] Request failed: https://client.px-cloud.net/PXwySh5eKD/main.min.js net::ERR_FAILED
[LIDER] Request failed: https://client.px-cdn.net/PXwySh5eKD/main.min.js net::ERR_FAILED
[LIDER] Request failed: https://client.px-cloud.net/PXwySh5eKD/main.min.js net::ERR_FAILED
[LIDER] Request failed: https://client.px-cdn.net/PXwySh5eKD/main.min.js net::ERR_FAILED
[LIDER] No products found on page, trying next URL pattern
[LIDER] No valid URL pattern worked for page 1 of bebidas
[LIDER] Completed scraping category bebidas: 0 total products
[LIDER] Category bebidas completed. Estimated remaining time: 3 minutes
[LIDER] Starting category 2/6: snacks
[LIDER] Scraping category: snacks with 1 URL patterns
[LIDER] Navigating to https://www.lider.cl
[LIDER] Request failed: https://client.px-cloud.net/PXwySh5eKD/main.min.js net::ERR_ABORTED
[LIDER] Request failed: https://client.px-cloud.net/PXwySh5eKD/main.min.js net::ERR_FAILED
[LIDER] Request failed: https://client.px-cdn.net/PXwySh5eKD/main.min.js net::ERR_FAILED
[LIDER] Discovered 1 category URLs from homepage navigation
[LIDER] Attempting to load: https://www.lider.cl?page=1
[LIDER] Request failed: https://client.px-cloud.net/PXwySh5eKD/main.min.js net::ERR_FAILED
[LIDER] Request failed: https://client.px-cdn.net/PXwySh5eKD/main.min.js net::ERR_FAILED
[LIDER] Request failed: https://client.px-cloud.net/PXwySh5eKD/main.min.js net::ERR_FAILED
[LIDER] Request failed: https://client.px-cdn.net/PXwySh5eKD/main.min.js net::ERR_FAILED
[LIDER] No products found on page, trying next URL pattern
[LIDER] Attempting to load: https://www.lider.cl?p=1
[LIDER] Request failed: https://client.px-cloud.net/PXwySh5eKD/main.min.js net::ERR_FAILED
[LIDER] Request failed: https://client.px-cdn.net/PXwySh5eKD/main.min.js net::ERR_FAILED
[LIDER] Request failed: https://client.px-cloud.net/PXwySh5eKD/main.min.js net::ERR_FAILED
[LIDER] Request failed: https://client.px-cdn.net/PXwySh5eKD/main.min.js net::ERR_FAILED
[LIDER] No products found on page, trying next URL pattern
[LIDER] Attempting to load: https://www.lider.cl/1
[LIDER] Request failed: https://client.px-cloud.net/PXwySh5eKD/main.min.js net::ERR_FAILED
[LIDER] Request failed: https://client.px-cdn.net/PXwySh5eKD/main.min.js net::ERR_FAILED
[LIDER] Request failed: https://b.px-cdn.net/api/v1/PXwySh5eKD/d/p net::ERR_FAILED
[LIDER] Request failed: https://tzm.px-cloud.net/ns?c=587e4a40-7825-11f0-a8b1-83c1aeae66ea net::ERR_FAILED
[LIDER] Request failed: https://collector-pxwysh5ekd.px-cloud.net/api/v2/collector net::ERR_FAILED
[LIDER] Request failed: https://collector-pxwysh5ekd.px-cloud.net/b/s net::ERR_FAILED
[LIDER] Page returned 404: https://www.lider.cl/1
[LIDER] Attempting to load: https://www.lider.cl&page=1
[LIDER] Request failed: https://www.lider.cl&page=1/ net::ERR_NAME_NOT_RESOLVED
[LIDER] Failed to load https://www.lider.cl&page=1: page.goto: net::ERR_NAME_NOT_RESOLVED at https://www.lider.cl&page=1/
Call log:
[2m  - navigating to "https://www.lider.cl&page=1/", waiting until "domcontentloaded"[22m

[LIDER] Attempting to load: https://www.lider.cl
[LIDER] Failed to load https://www.lider.cl: page.goto: Navigation to "https://www.lider.cl/" is interrupted by another navigation to "chrome-error://chromewebdata/"
Call log:
[2m  - navigating to "https://www.lider.cl/", waiting until "domcontentloaded"[22m

[LIDER] No valid URL pattern worked for page 1 of snacks
[LIDER] Completed scraping category snacks: 0 total products
[LIDER] Category snacks completed. Estimated remaining time: 2 minutes
[LIDER] Starting category 3/6: lacteos
[LIDER] Scraping category: lacteos with 1 URL patterns
[LIDER] Navigating to https://www.lider.cl
[LIDER] Category discovery failed: page.goto: Navigation to "https://www.lider.cl/" is interrupted by another navigation to "https://www.lider.cl/blocked?url=Lw==&uuid=587e4a40-7825-11f0-a8b1-83c1aeae66ea&vid=3ed4b8cd-7825-11f0-b95f-c6f547caa993&g=b"
Call log:
[2m  - navigating to "https://www.lider.cl/", waiting until "domcontentloaded"[22m

[LIDER] Attempting to load: https://www.lider.cl?page=1
[LIDER] Failed to load https://www.lider.cl?page=1: page.goto: Navigation to "https://www.lider.cl/?page=1" is interrupted by another navigation to "https://www.lider.cl/blocked?url=Lw==&uuid=587e4a40-7825-11f0-a8b1-83c1aeae66ea&vid=3ed4b8cd-7825-11f0-b95f-c6f547caa993&g=b"
Call log:
[2m  - navigating to "https://www.lider.cl/?page=1", waiting until "domcontentloaded"[22m

[LIDER] Attempting to load: https://www.lider.cl?p=1
[LIDER] Failed to load https://www.lider.cl?p=1: page.goto: Navigation to "https://www.lider.cl/?p=1" is interrupted by another navigation to "https://www.lider.cl/blocked?url=Lz9wYWdlPTE=&uuid=587e4a40-7825-11f0-a8b1-83c1aeae66ea&vid=3ed4b8cd-7825-11f0-b95f-c6f547caa993&g=b"
Call log:
[2m  - navigating to "https://www.lider.cl/?p=1", waiting until "domcontentloaded"[22m

[LIDER] Attempting to load: https://www.lider.cl/1
[LIDER] Request failed: https://www.lider.cl/px/PXwySh5eKD/captcha/captcha.js?a=c&m=0&g=b net::ERR_ABORTED
[LIDER] Request failed: https://i5.wal.co/dfw/63fd9f59-161f/f0d7612f-54fb-4910-a9c7-20c65d03f878/v1/fd827841624904d4b8f51d20174fa3a4.woff2 net::ERR_ABORTED
[LIDER] Failed to load https://www.lider.cl/1: page.goto: Navigation to "https://www.lider.cl/1" is interrupted by another navigation to "https://www.lider.cl/blocked?url=Lz9wPTE=&uuid=587e4a40-7825-11f0-a8b1-83c1aeae66ea&vid=3ed4b8cd-7825-11f0-b95f-c6f547caa993&g=b"
Call log:
[2m  - navigating to "https://www.lider.cl/1", waiting until "domcontentloaded"[22m

[LIDER] Attempting to load: https://www.lider.cl&page=1
[LIDER] Request failed: https://client.px-cloud.net/PXwySh5eKD/main.min.js net::ERR_ABORTED
[LIDER] Request failed: https://www.lider.cl&page=1/ net::ERR_NAME_NOT_RESOLVED
[LIDER] Failed to load https://www.lider.cl&page=1: page.goto: net::ERR_NAME_NOT_RESOLVED at https://www.lider.cl&page=1/
Call log:
[2m  - navigating to "https://www.lider.cl&page=1/", waiting until "domcontentloaded"[22m

[LIDER] Attempting to load: https://www.lider.cl
[LIDER] Failed to load https://www.lider.cl: page.goto: Navigation to "https://www.lider.cl/" is interrupted by another navigation to "chrome-error://chromewebdata/"
Call log:
[2m  - navigating to "https://www.lider.cl/", waiting until "domcontentloaded"[22m

[LIDER] No valid URL pattern worked for page 1 of lacteos
[LIDER] Completed scraping category lacteos: 0 total products
[LIDER] Category lacteos completed. Estimated remaining time: 1 minutes
[LIDER] Starting category 4/6: carnes
[LIDER] Scraping category: carnes with 1 URL patterns
[LIDER] Navigating to https://www.lider.cl
[LIDER] Category discovery failed: page.goto: Navigation to "https://www.lider.cl/" is interrupted by another navigation to "https://www.lider.cl/blocked?url=Lw==&uuid=587e4a40-7825-11f0-a8b1-83c1aeae66ea&vid=3ed4b8cd-7825-11f0-b95f-c6f547caa993&g=b"
Call log:
[2m  - navigating to "https://www.lider.cl/", waiting until "domcontentloaded"[22m

[LIDER] Attempting to load: https://www.lider.cl?page=1
[LIDER] Failed to load https://www.lider.cl?page=1: page.goto: Navigation to "https://www.lider.cl/?page=1" is interrupted by another navigation to "https://www.lider.cl/blocked?url=Lw==&uuid=587e4a40-7825-11f0-a8b1-83c1aeae66ea&vid=3ed4b8cd-7825-11f0-b95f-c6f547caa993&g=b"
Call log:
[2m  - navigating to "https://www.lider.cl/?page=1", waiting until "domcontentloaded"[22m

[LIDER] Attempting to load: https://www.lider.cl?p=1
[LIDER] Failed to load https://www.lider.cl?p=1: page.goto: Navigation to "https://www.lider.cl/?p=1" is interrupted by another navigation to "https://www.lider.cl/blocked?url=Lz9wYWdlPTE=&uuid=587e4a40-7825-11f0-a8b1-83c1aeae66ea&vid=3ed4b8cd-7825-11f0-b95f-c6f547caa993&g=b"
Call log:
[2m  - navigating to "https://www.lider.cl/?p=1", waiting until "domcontentloaded"[22m

[LIDER] Attempting to load: https://www.lider.cl/1
[LIDER] Failed to load https://www.lider.cl/1: page.goto: Navigation to "https://www.lider.cl/1" is interrupted by another navigation to "https://www.lider.cl/blocked?url=Lz9wPTE=&uuid=587e4a40-7825-11f0-a8b1-83c1aeae66ea&vid=3ed4b8cd-7825-11f0-b95f-c6f547caa993&g=b"
Call log:
[2m  - navigating to "https://www.lider.cl/1", waiting until "domcontentloaded"[22m

[LIDER] Attempting to load: https://www.lider.cl&page=1
[LIDER] Request failed: https://www.lider.cl/px/PXwySh5eKD/captcha/captcha.js?a=c&m=0&g=b net::ERR_ABORTED
[LIDER] Request failed: https://www.lider.cl&page=1/ net::ERR_NAME_NOT_RESOLVED
[LIDER] Failed to load https://www.lider.cl&page=1: page.goto: net::ERR_NAME_NOT_RESOLVED at https://www.lider.cl&page=1/
Call log:
[2m  - navigating to "https://www.lider.cl&page=1/", waiting until "domcontentloaded"[22m

[LIDER] Attempting to load: https://www.lider.cl
[LIDER] Failed to load https://www.lider.cl: page.goto: Navigation to "https://www.lider.cl/" is interrupted by another navigation to "chrome-error://chromewebdata/"
Call log:
[2m  - navigating to "https://www.lider.cl/", waiting until "domcontentloaded"[22m

[LIDER] No valid URL pattern worked for page 1 of carnes
[LIDER] Completed scraping category carnes: 0 total products
[LIDER] Category carnes completed. Estimated remaining time: 1 minutes
[LIDER] Starting category 5/6: panaderia
[LIDER] Scraping category: panaderia with 1 URL patterns
[LIDER] Navigating to https://www.lider.cl
[LIDER] Category discovery failed: page.goto: Navigation to "https://www.lider.cl/" is interrupted by another navigation to "https://www.lider.cl/blocked?url=Lw==&uuid=587e4a40-7825-11f0-a8b1-83c1aeae66ea&vid=3ed4b8cd-7825-11f0-b95f-c6f547caa993&g=b"
Call log:
[2m  - navigating to "https://www.lider.cl/", waiting until "domcontentloaded"[22m

[LIDER] Attempting to load: https://www.lider.cl?page=1
[LIDER] Request failed: https://client.px-cloud.net/PXwySh5eKD/main.min.js net::ERR_FAILED
[LIDER] Request failed: https://client.px-cdn.net/PXwySh5eKD/main.min.js net::ERR_FAILED
[LIDER] Failed to load https://www.lider.cl?page=1: page.goto: Navigation to "https://www.lider.cl/?page=1" is interrupted by another navigation to "https://www.lider.cl/blocked?url=Lw==&uuid=587e4a40-7825-11f0-a8b1-83c1aeae66ea&vid=3ed4b8cd-7825-11f0-b95f-c6f547caa993&g=b"
Call log:
[2m  - navigating to "https://www.lider.cl/?page=1", waiting until "domcontentloaded"[22m

[LIDER] Attempting to load: https://www.lider.cl?p=1
[LIDER] Failed to load https://www.lider.cl?p=1: page.goto: Navigation to "https://www.lider.cl/?p=1" is interrupted by another navigation to "https://www.lider.cl/blocked?url=Lz9wYWdlPTE=&uuid=587e4a40-7825-11f0-a8b1-83c1aeae66ea&vid=3ed4b8cd-7825-11f0-b95f-c6f547caa993&g=b"
Call log:
[2m  - navigating to "https://www.lider.cl/?p=1", waiting until "domcontentloaded"[22m

[LIDER] Attempting to load: https://www.lider.cl/1
[LIDER] Request failed: https://www.lider.cl/px/PXwySh5eKD/captcha/captcha.js?a=c&m=0&g=b net::ERR_ABORTED
[LIDER] Request failed: https://client.px-cloud.net/PXwySh5eKD/main.min.js net::ERR_FAILED
[LIDER] Request failed: https://client.px-cdn.net/PXwySh5eKD/main.min.js net::ERR_FAILED
[LIDER] Failed to load https://www.lider.cl/1: page.goto: Navigation to "https://www.lider.cl/1" is interrupted by another navigation to "https://www.lider.cl/blocked?url=Lz9wPTE=&uuid=587e4a40-7825-11f0-a8b1-83c1aeae66ea&vid=3ed4b8cd-7825-11f0-b95f-c6f547caa993&g=b"
Call log:
[2m  - navigating to "https://www.lider.cl/1", waiting until "domcontentloaded"[22m

[LIDER] Attempting to load: https://www.lider.cl&page=1
[LIDER] Request failed: https://www.lider.cl&page=1/ net::ERR_NAME_NOT_RESOLVED
[LIDER] Failed to load https://www.lider.cl&page=1: page.goto: net::ERR_NAME_NOT_RESOLVED at https://www.lider.cl&page=1/
Call log:
[2m  - navigating to "https://www.lider.cl&page=1/", waiting until "domcontentloaded"[22m

[LIDER] Attempting to load: https://www.lider.cl
[LIDER] Request failed: https://www.lider.cl/1 net::ERR_ABORTED
[LIDER] Failed to load https://www.lider.cl: page.goto: Navigation to "https://www.lider.cl/" is interrupted by another navigation to "chrome-error://chromewebdata/"
Call log:
[2m  - navigating to "https://www.lider.cl/", waiting until "domcontentloaded"[22m

[LIDER] No valid URL pattern worked for page 1 of panaderia
[LIDER] Completed scraping category panaderia: 0 total products
[LIDER] Category panaderia completed. Estimated remaining time: 0 minutes
[LIDER] Starting category 6/6: aseo
[LIDER] Scraping category: aseo with 1 URL patterns
[LIDER] Navigating to https://www.lider.cl
[LIDER] Category discovery failed: page.goto: Navigation to "https://www.lider.cl/" is interrupted by another navigation to "https://www.lider.cl/blocked?url=Lw==&uuid=587e4a40-7825-11f0-a8b1-83c1aeae66ea&vid=3ed4b8cd-7825-11f0-b95f-c6f547caa993&g=b"
Call log:
[2m  - navigating to "https://www.lider.cl/", waiting until "domcontentloaded"[22m

[LIDER] Attempting to load: https://www.lider.cl?page=1
[LIDER] Failed to load https://www.lider.cl?page=1: page.goto: Navigation to "https://www.lider.cl/?page=1" is interrupted by another navigation to "https://www.lider.cl/blocked?url=Lw==&uuid=587e4a40-7825-11f0-a8b1-83c1aeae66ea&vid=3ed4b8cd-7825-11f0-b95f-c6f547caa993&g=b"
Call log:
[2m  - navigating to "https://www.lider.cl/?page=1", waiting until "domcontentloaded"[22m

[LIDER] Attempting to load: https://www.lider.cl?p=1
[LIDER] Failed to load https://www.lider.cl?p=1: page.goto: Navigation to "https://www.lider.cl/?p=1" is interrupted by another navigation to "https://www.lider.cl/blocked?url=Lz9wYWdlPTE=&uuid=587e4a40-7825-11f0-a8b1-83c1aeae66ea&vid=3ed4b8cd-7825-11f0-b95f-c6f547caa993&g=b"
Call log:
[2m  - navigating to "https://www.lider.cl/?p=1", waiting until "domcontentloaded"[22m

[LIDER] Attempting to load: https://www.lider.cl/1
[LIDER] Failed to load https://www.lider.cl/1: page.goto: Navigation to "https://www.lider.cl/1" is interrupted by another navigation to "https://www.lider.cl/blocked?url=Lz9wPTE=&uuid=587e4a40-7825-11f0-a8b1-83c1aeae66ea&vid=3ed4b8cd-7825-11f0-b95f-c6f547caa993&g=b"
Call log:
[2m  - navigating to "https://www.lider.cl/1", waiting until "domcontentloaded"[22m

[LIDER] Attempting to load: https://www.lider.cl&page=1
[LIDER] Request failed: https://www.lider.cl/px/PXwySh5eKD/captcha/captcha.js?a=c&m=0&g=b net::ERR_ABORTED
[LIDER] Request failed: https://www.lider.cl&page=1/ net::ERR_NAME_NOT_RESOLVED
[LIDER] Failed to load https://www.lider.cl&page=1: page.goto: net::ERR_NAME_NOT_RESOLVED at https://www.lider.cl&page=1/
Call log:
[2m  - navigating to "https://www.lider.cl&page=1/", waiting until "domcontentloaded"[22m

[LIDER] Attempting to load: https://www.lider.cl
[LIDER] Failed to load https://www.lider.cl: page.goto: Navigation to "https://www.lider.cl/" is interrupted by another navigation to "chrome-error://chromewebdata/"
Call log:
[2m  - navigating to "https://www.lider.cl/", waiting until "domcontentloaded"[22m

[LIDER] No valid URL pattern worked for page 1 of aseo
[LIDER] Completed scraping category aseo: 0 total products
[LIDER] Category aseo completed. Estimated remaining time: 0 minutes
[LIDER] Updated global products: 0 total products across 0 stores
[LIDER] Saved 0 products to /home/kuromatsu/Documents/ΛRΛMΛC/Websites/Minimarket/data/products/lider/products.json
[LIDER] Scraping duration: 1 minutes
[LIDER] ============================================================
[LIDER] MASS SCRAPING COMPLETE
[LIDER] Store: lider
[LIDER] Total Duration: 1 minutes (77 seconds)
[LIDER] Categories scraped: 6/6
[LIDER] Pages visited: 0
[LIDER] Products found: 0
[LIDER] Images downloaded: 0
[LIDER] Retries: 0
[LIDER] Errors: 0
[LIDER] Success rate: 0%
[LIDER] Average products per page: 0
[LIDER] Products per minute: 0
[LIDER] ============================================================
