[SANTA_ISABEL] Starting Enhanced Universal Product Scraper
[SANTA_ISABEL] Store: santa_isabel
[SANTA_ISABEL] Categories: bebidas, snacks, lacteos, carnes, panaderia, aseo
[SANTA_ISABEL] Max products: 999999
[SANTA_ISABEL] Max pages per category: 100000
[SANTA_ISABEL] Dry run: false
[SANTA_ISABEL] Navigating to https://www.santaisabel.cl
[SANTA_ISABEL] Request failed: https://dev.visualwebsiteoptimizer.com/j.php?a=642581&u=https%3A%2F%2Fwww.santaisabel.cl%2F&vn=2.1&x=true net::ERR_FAILED
[SANTA_ISABEL] Request failed: https://securepubads.g.doubleclick.net/tag/js/gpt.js net::ERR_FAILED
[SANTA_ISABEL] Request failed: https://dev.visualwebsiteoptimizer.com/ee.gif?a=642581&e=loading_failure:https://dev.visualwebsiteoptimizer.com/j.php?a=642581&u=https%3A%2F%2Fwww.santaisabel.cl%2F&vn=2.1&x=true net::ERR_FAILED
[SANTA_ISABEL] Request failed: https://www.googletagmanager.com/gtm.js?id=GTM-WGHSBMT&gtm_auth=&gtm_preview=&gtm_cookies_win=x net::ERR_FAILED
[SANTA_ISABEL] No category URLs discovered from homepage
[SANTA_ISABEL] Starting category 1/6: bebidas
[SANTA_ISABEL] Scraping category: bebidas with 1 URL patterns
[SANTA_ISABEL] Navigating to https://www.santaisabel.cl
[SANTA_ISABEL] Request failed: https://sm-web-api.ecomm.cencosud.com/user/api/v1/user/profile net::ERR_ABORTED
[SANTA_ISABEL] Request failed: https://assets.jumbo.cl/json/santaisabel/promotions-v2.json net::ERR_ABORTED
[SANTA_ISABEL] Request failed: https://assets.santaisabel.cl/uploads/2025/08/desktop-home-grilla-grande-bombazo-excl-pastas-lucchetti-400g-variedades-s33-12082025.webp net::ERR_ABORTED
[SANTA_ISABEL] Request failed: https://assets.santaisabel.cl/uploads/2025/06/desktop-front-vitrina-SuperOfertas-s26-24062025.webp net::ERR_ABORTED
[SANTA_ISABEL] Request failed: https://assets.santaisabel.cl/0308a84dca0c4b0d609d-popularcategoriessection-v2.bundle.js net::ERR_ABORTED
[SANTA_ISABEL] Request failed: https://assets.santaisabel.cl/uploads/2025/08/desktop-home-grilla-grande-bombazo-excl-cafe-gold-tentaciones-s33-12082025.webp net::ERR_ABORTED
[SANTA_ISABEL] Request failed: https://api.storyly.io/web/v3.3/eyJhbGciOiJIUzI1NiIsInR5cCI6IkpXVCJ9.eyJhY2NfaWQiOjEzNjEzLCJhcHBfaWQiOjIxMTMzLCJpbnNfaWQiOjIzNzcxfQ.siMz0wCKml0O03_Bvz-cpq8kJBMCd3707UY6PG3bFUc net::ERR_ABORTED
[SANTA_ISABEL] Request failed: https://assets.santaisabel.cl/uploads/2025/07/desktop-home-vitrina-santas-ofertas-30-22072025.webp net::ERR_ABORTED
[SANTA_ISABEL] Request failed: https://assets.santaisabel.cl/json/cms/page-8292.json net::ERR_ABORTED
[SANTA_ISABEL] Request failed: https://sm-web-api.ecomm.cencosud.com/catalog/api/v1/pedrofontova/best-seller net::ERR_ABORTED
[SANTA_ISABEL] Request failed: https://assets.santaisabel.cl/127c7f45a4a4897bbfad-408.css net::ERR_ABORTED
[SANTA_ISABEL] Request failed: https://assets.santaisabel.cl/uploads/2025/08/desktop-home-banner-santas-ofertas-helados-san-francisco-s33-12082025.webp net::ERR_ABORTED
[SANTA_ISABEL] Request failed: https://assets.santaisabel.cl/uploads/2025/07/desktop-home-banner-dulces-ofertas-generico-s31-29072025.webp net::ERR_ABORTED
[SANTA_ISABEL] Request failed: https://assets.santaisabel.cl/uploads/2025/07/desktop-home-huincha-despacho-gratis-por-compras-sobre-s31-01082025.webp net::ERR_ABORTED
[SANTA_ISABEL] Request failed: https://assets.santaisabel.cl/uploads/2025/08/desktop-home-banner-santas-ofertas-carne-molida-cuisine-co-s33-12082025.webp net::ERR_ABORTED
[SANTA_ISABEL] Request failed: https://assets.santaisabel.cl/uploads/2025/07/1-desktop-home-banner-santa-botilleria-generico-s31-29072025.webp net::ERR_ABORTED
[SANTA_ISABEL] Request failed: https://assets.santaisabel.cl/uploads/2025/06/desktop-front-banner-SuperOfertas-s27-01072025.webp net::ERR_ABORTED
[SANTA_ISABEL] Request failed: https://assets.santaisabel.cl/uploads/2025/07/desktop-home-banner-torta-del-mes-cookies-and-cream-cuisineandco-s31-01082025.webp net::ERR_ABORTED
[SANTA_ISABEL] Request failed: https://assets.santaisabel.cl/uploads/2025/08/desktop-home-banner-2x-acumulacion-puntos-s32-08082025.webp net::ERR_ABORTED
[SANTA_ISABEL] Request failed: https://assets.santaisabel.cl/uploads/2025/08/desktop-home-banner-especial-marcas-propias-cuisineandco-todas-las-ofertas-s33-12082025.webp net::ERR_ABORTED
[SANTA_ISABEL] Request failed: https://assets.santaisabel.cl/uploads/2025/08/desktop-home-banner-super-ofertas-ravioli-carozzi-s33-12082025.webp net::ERR_ABORTED
[SANTA_ISABEL] Request failed: https://assets.santaisabel.cl/uploads/2025/08/desktop-home-banner-super-ofertas-galleta-club-social-s33-12082025.webp net::ERR_ABORTED
[SANTA_ISABEL] Request failed: https://assets.santaisabel.cl/uploads/2025/07/2-desktop-home-huincha-salsas-y-snacks-s31-29072025.webp net::ERR_ABORTED
[SANTA_ISABEL] Request failed: https://dev.visualwebsiteoptimizer.com/j.php?a=642581&u=https%3A%2F%2Fwww.santaisabel.cl%2F&vn=2.1&x=true net::ERR_FAILED
[SANTA_ISABEL] Request failed: https://dev.visualwebsiteoptimizer.com/ee.gif?a=642581&e=loading_failure:https://dev.visualwebsiteoptimizer.com/j.php?a=642581&u=https%3A%2F%2Fwww.santaisabel.cl%2F&vn=2.1&x=true net::ERR_FAILED
[SANTA_ISABEL] Request failed: https://securepubads.g.doubleclick.net/tag/js/gpt.js net::ERR_FAILED
[SANTA_ISABEL] No category URLs discovered from homepage
[SANTA_ISABEL] Attempting to load: https://www.santaisabel.cl?page=1
[SANTA_ISABEL] Request failed: https://assets.santaisabel.cl/7216e8939e32df637e89-6907-v2.bundle.js net::ERR_ABORTED
[SANTA_ISABEL] Request failed: https://assets.santaisabel.cl/e81370b9d7ebbe5e0005-5620-v2.bundle.js net::ERR_ABORTED
[SANTA_ISABEL] Request failed: https://sm-web-api.ecomm.cencosud.com/orderform/api/v1/orderform/f20a21eb791d468a944bb23d7bd9b562 net::ERR_ABORTED
[SANTA_ISABEL] Request failed: https://assets.santaisabel.cl/c46d8108c38d0dc199f9-3126-v2.bundle.js net::ERR_ABORTED
[SANTA_ISABEL] Request failed: https://sp.vtex.com/event-api/v1/santaisabel/event net::ERR_ABORTED
[SANTA_ISABEL] Request failed: https://assets.santaisabel.cl/3b56660351f52e9b0fd0-search-v2.bundle.js net::ERR_ABORTED
[SANTA_ISABEL] Request failed: https://assets.santaisabel.cl/json/cms/page-538.json net::ERR_ABORTED
[SANTA_ISABEL] Request failed: https://assets.santaisabel.cl/6e7ea070f179239d48d7-catalog-v2.bundle.js net::ERR_ABORTED
[SANTA_ISABEL] Request failed: https://assets.santaisabel.cl/json/cms/page-14035.json net::ERR_ABORTED
[SANTA_ISABEL] Request failed: https://assets.santaisabel.cl/json/cms/page-547.json net::ERR_ABORTED
[SANTA_ISABEL] Request failed: https://www.googletagmanager.com/gtm.js?id=GTM-WGHSBMT&gtm_auth=&gtm_preview=&gtm_cookies_win=x net::ERR_ABORTED
[SANTA_ISABEL] Request failed: https://assets.santaisabel.cl/a9e30cd3c34d0123be87-3770-v2.bundle.js net::ERR_ABORTED
[SANTA_ISABEL] Request failed: https://securepubads.g.doubleclick.net/tag/js/gpt.js net::ERR_FAILED
[SANTA_ISABEL] Request failed: https://dev.visualwebsiteoptimizer.com/j.php?a=642581&u=https%3A%2F%2Fwww.santaisabel.cl%2F%3Fpage%3D1&vn=2.1&x=true net::ERR_FAILED
[SANTA_ISABEL] Request failed: https://dev.visualwebsiteoptimizer.com/ee.gif?a=642581&e=loading_failure:https://dev.visualwebsiteoptimizer.com/j.php?a=642581&u=https%3A%2F%2Fwww.santaisabel.cl%2F%3Fpage%3D1&vn=2.1&x=true net::ERR_FAILED
[SANTA_ISABEL] No products found on page, trying next URL pattern
[SANTA_ISABEL] Attempting to load: https://www.santaisabel.cl?p=1
[SANTA_ISABEL] Request failed: https://assets.santaisabel.cl/6c3ca00988d4f98c5a08-99-v2.bundle.js net::ERR_ABORTED
[SANTA_ISABEL] Request failed: https://assets.santaisabel.cl/69fa6c14c6ad12795808-1413-v2.bundle.js net::ERR_ABORTED
[SANTA_ISABEL] Request failed: https://assets.santaisabel.cl/8d60492f3a149587ab8a-99.css net::ERR_ABORTED
[SANTA_ISABEL] Request failed: https://dev.visualwebsiteoptimizer.com/j.php?a=642581&u=https%3A%2F%2Fwww.santaisabel.cl%2F%3Fp%3D1&vn=2.1&x=true net::ERR_FAILED
[SANTA_ISABEL] Request failed: https://securepubads.g.doubleclick.net/tag/js/gpt.js net::ERR_FAILED
[SANTA_ISABEL] Request failed: https://dev.visualwebsiteoptimizer.com/ee.gif?a=642581&e=loading_failure:https://dev.visualwebsiteoptimizer.com/j.php?a=642581&u=https%3A%2F%2Fwww.santaisabel.cl%2F%3Fp%3D1&vn=2.1&x=true net::ERR_FAILED
[SANTA_ISABEL] No products found on page, trying next URL pattern
[SANTA_ISABEL] Attempting to load: https://www.santaisabel.cl/1
[SANTA_ISABEL] Request failed: https://www.googletagmanager.com/gtm.js?id=GTM-WGHSBMT&gtm_auth=&gtm_preview=&gtm_cookies_win=x net::ERR_FAILED
[SANTA_ISABEL] Request failed: https://assets.santaisabel.cl/json/cms/page-547.json net::ERR_ABORTED
[SANTA_ISABEL] Request failed: https://sm-web-api.ecomm.cencosud.com/orderform/api/v1/orderform/f20a21eb791d468a944bb23d7bd9b562 net::ERR_ABORTED
[SANTA_ISABEL] Request failed: https://assets.santaisabel.cl/6e7ea070f179239d48d7-catalog-v2.bundle.js net::ERR_ABORTED
[SANTA_ISABEL] Request failed: https://sp.vtex.com/event-api/v1/santaisabel/event net::ERR_ABORTED
[SANTA_ISABEL] Request failed: https://assets.santaisabel.cl/e81370b9d7ebbe5e0005-5620-v2.bundle.js net::ERR_ABORTED
[SANTA_ISABEL] Request failed: https://assets.santaisabel.cl/3b56660351f52e9b0fd0-search-v2.bundle.js net::ERR_ABORTED
[SANTA_ISABEL] Request failed: https://assets.santaisabel.cl/c46d8108c38d0dc199f9-3126-v2.bundle.js net::ERR_ABORTED
[SANTA_ISABEL] Request failed: https://dev.visualwebsiteoptimizer.com/j.php?a=642581&u=https%3A%2F%2Fwww.santaisabel.cl%2F1&vn=2.1&x=true net::ERR_FAILED
[SANTA_ISABEL] Request failed: https://dev.visualwebsiteoptimizer.com/ee.gif?a=642581&e=loading_failure:https://dev.visualwebsiteoptimizer.com/j.php?a=642581&u=https%3A%2F%2Fwww.santaisabel.cl%2F1&vn=2.1&x=true net::ERR_FAILED
[SANTA_ISABEL] Request failed: https://securepubads.g.doubleclick.net/tag/js/gpt.js net::ERR_FAILED
[SANTA_ISABEL] No products found on page, trying next URL pattern
[SANTA_ISABEL] Attempting to load: https://www.santaisabel.cl&page=1
[SANTA_ISABEL] Request failed: https://www.santaisabel.cl&page=1/ net::ERR_NAME_NOT_RESOLVED
[SANTA_ISABEL] Failed to load https://www.santaisabel.cl&page=1: page.goto: net::ERR_NAME_NOT_RESOLVED at https://www.santaisabel.cl&page=1/
Call log:
[2m  - navigating to "https://www.santaisabel.cl&page=1/", waiting until "domcontentloaded"[22m

[SANTA_ISABEL] Attempting to load: https://www.santaisabel.cl
[SANTA_ISABEL] Failed to load https://www.santaisabel.cl: page.goto: Navigation to "https://www.santaisabel.cl/" is interrupted by another navigation to "chrome-error://chromewebdata/"
Call log:
[2m  - navigating to "https://www.santaisabel.cl/", waiting until "domcontentloaded"[22m

[SANTA_ISABEL] No valid URL pattern worked for page 1 of bebidas
[SANTA_ISABEL] Completed scraping category bebidas: 0 total products
[SANTA_ISABEL] Category bebidas completed. Estimated remaining time: 3 minutes
[SANTA_ISABEL] Starting category 2/6: snacks
[SANTA_ISABEL] Scraping category: snacks with 1 URL patterns
[SANTA_ISABEL] Navigating to https://www.santaisabel.cl
[SANTA_ISABEL] Request failed: https://dev.visualwebsiteoptimizer.com/j.php?a=642581&u=https%3A%2F%2Fwww.santaisabel.cl%2F&vn=2.1&x=true net::ERR_FAILED
[SANTA_ISABEL] Request failed: https://securepubads.g.doubleclick.net/tag/js/gpt.js net::ERR_FAILED
[SANTA_ISABEL] Request failed: https://dev.visualwebsiteoptimizer.com/ee.gif?a=642581&e=loading_failure:https://dev.visualwebsiteoptimizer.com/j.php?a=642581&u=https%3A%2F%2Fwww.santaisabel.cl%2F&vn=2.1&x=true net::ERR_FAILED
[SANTA_ISABEL] Category discovery failed: page.goto: Navigation to "https://www.santaisabel.cl/" is interrupted by another navigation to "https://www.santaisabel.cl/"
Call log:
[2m  - navigating to "https://www.santaisabel.cl/", waiting until "domcontentloaded"[22m

[SANTA_ISABEL] Attempting to load: https://www.santaisabel.cl?page=1
[SANTA_ISABEL] Request failed: https://assets.santaisabel.cl/1e9a394d05917c386d31-utils-v2.bundle.js net::ERR_ABORTED
[SANTA_ISABEL] Request failed: https://assets.santaisabel.cl/69fa6c14c6ad12795808-1413-v2.bundle.js net::ERR_ABORTED
[SANTA_ISABEL] Request failed: https://assets.santaisabel.cl/d92ef33961bb48a4cf76-react-v2.bundle.js net::ERR_ABORTED
[SANTA_ISABEL] Request failed: https://assets.santaisabel.cl/6c3ca00988d4f98c5a08-99-v2.bundle.js net::ERR_ABORTED
[SANTA_ISABEL] Request failed: https://snippet.maze.co/static/4c589540481b79bdf88eee0c25ec9afafc93a0e9/contextualScaffold.js net::ERR_ABORTED
[SANTA_ISABEL] Request failed: https://assets.santaisabel.cl/9e9992539c88daa61ded-1413.css net::ERR_ABORTED
[SANTA_ISABEL] Request failed: https://assets.santaisabel.cl/8d60492f3a149587ab8a-99.css net::ERR_ABORTED
[SANTA_ISABEL] Request failed: https://dev.visualwebsiteoptimizer.com/j.php?a=642581&u=https%3A%2F%2Fwww.santaisabel.cl%2F&vn=2.1&x=true net::ERR_FAILED
[SANTA_ISABEL] Failed to load https://www.santaisabel.cl?page=1: page.goto: Navigation to "https://www.santaisabel.cl/?page=1" is interrupted by another navigation to "https://www.santaisabel.cl/"
Call log:
[2m  - navigating to "https://www.santaisabel.cl/?page=1", waiting until "domcontentloaded"[22m

[SANTA_ISABEL] Attempting to load: https://www.santaisabel.cl?p=1
[SANTA_ISABEL] Request failed: https://securepubads.g.doubleclick.net/tag/js/gpt.js net::ERR_ABORTED
[SANTA_ISABEL] Request failed: https://snippet.maze.co/maze-universal-loader.js?t=1755076163347&apiKey=99b600a9-662c-4555-b9e7-6ffe36b594f4 net::ERR_ABORTED
[SANTA_ISABEL] Request failed: https://assets.santaisabel.cl/new-relic.js net::ERR_ABORTED
[SANTA_ISABEL] Request failed: https://assets.santaisabel.cl/237f39a9e9cad4dc70fe-bundle-v2.js net::ERR_ABORTED
[SANTA_ISABEL] Request failed: https://dev.visualwebsiteoptimizer.com/ee.gif?a=642581&e=loading_failure:https://dev.visualwebsiteoptimizer.com/j.php?a=642581&u=https%3A%2F%2Fwww.santaisabel.cl%2F&vn=2.1&x=true net::ERR_ABORTED
[SANTA_ISABEL] Request failed: https://dev.visualwebsiteoptimizer.com/j.php?a=642581&u=https%3A%2F%2Fwww.santaisabel.cl%2F%3Fpage%3D1&vn=2.1&x=true net::ERR_FAILED
[SANTA_ISABEL] Request failed: https://securepubads.g.doubleclick.net/tag/js/gpt.js net::ERR_FAILED
[SANTA_ISABEL] Request failed: https://dev.visualwebsiteoptimizer.com/ee.gif?a=642581&e=loading_failure:https://dev.visualwebsiteoptimizer.com/j.php?a=642581&u=https%3A%2F%2Fwww.santaisabel.cl%2F%3Fpage%3D1&vn=2.1&x=true net::ERR_FAILED
[SANTA_ISABEL] Failed to load https://www.santaisabel.cl?p=1: page.goto: Navigation to "https://www.santaisabel.cl/?p=1" is interrupted by another navigation to "https://www.santaisabel.cl/?page=1"
Call log:
[2m  - navigating to "https://www.santaisabel.cl/?p=1", waiting until "domcontentloaded"[22m

[SANTA_ISABEL] Attempting to load: https://www.santaisabel.cl/1
[SANTA_ISABEL] Request failed: https://assets.santaisabel.cl/1e9a394d05917c386d31-utils-v2.bundle.js net::ERR_ABORTED
[SANTA_ISABEL] Request failed: https://snippet.maze.co/static/4c589540481b79bdf88eee0c25ec9afafc93a0e9/contextualScaffold.js net::ERR_ABORTED
[SANTA_ISABEL] Request failed: https://assets.santaisabel.cl/6c3ca00988d4f98c5a08-99-v2.bundle.js net::ERR_ABORTED
[SANTA_ISABEL] Request failed: https://assets.santaisabel.cl/d92ef33961bb48a4cf76-react-v2.bundle.js net::ERR_ABORTED
[SANTA_ISABEL] Request failed: https://assets.santaisabel.cl/69fa6c14c6ad12795808-1413-v2.bundle.js net::ERR_ABORTED
[SANTA_ISABEL] Request failed: https://assets.santaisabel.cl/9e9992539c88daa61ded-1413.css net::ERR_ABORTED
[SANTA_ISABEL] Request failed: https://assets.santaisabel.cl/8d60492f3a149587ab8a-99.css net::ERR_ABORTED
[SANTA_ISABEL] Request failed: https://dev.visualwebsiteoptimizer.com/j.php?a=642581&u=https%3A%2F%2Fwww.santaisabel.cl%2F%3Fp%3D1&vn=2.1&x=true net::ERR_FAILED
[SANTA_ISABEL] Request failed: https://securepubads.g.doubleclick.net/tag/js/gpt.js net::ERR_FAILED
[SANTA_ISABEL] Request failed: https://dev.visualwebsiteoptimizer.com/ee.gif?a=642581&e=loading_failure:https://dev.visualwebsiteoptimizer.com/j.php?a=642581&u=https%3A%2F%2Fwww.santaisabel.cl%2F%3Fp%3D1&vn=2.1&x=true net::ERR_FAILED
[SANTA_ISABEL] Failed to load https://www.santaisabel.cl/1: page.goto: Navigation to "https://www.santaisabel.cl/1" is interrupted by another navigation to "https://www.santaisabel.cl/?p=1"
Call log:
[2m  - navigating to "https://www.santaisabel.cl/1", waiting until "domcontentloaded"[22m

[SANTA_ISABEL] Attempting to load: https://www.santaisabel.cl&page=1
[SANTA_ISABEL] Request failed: https://assets.santaisabel.cl/6c3ca00988d4f98c5a08-99-v2.bundle.js net::ERR_ABORTED
[SANTA_ISABEL] Request failed: https://assets.santaisabel.cl/69fa6c14c6ad12795808-1413-v2.bundle.js net::ERR_ABORTED
[SANTA_ISABEL] Request failed: https://assets.santaisabel.cl/1e9a394d05917c386d31-utils-v2.bundle.js net::ERR_ABORTED
[SANTA_ISABEL] Request failed: https://snippet.maze.co/maze-universal-loader.js?t=1755076163347&apiKey=99b600a9-662c-4555-b9e7-6ffe36b594f4 net::ERR_ABORTED
[SANTA_ISABEL] Request failed: https://assets.santaisabel.cl/d92ef33961bb48a4cf76-react-v2.bundle.js net::ERR_ABORTED
[SANTA_ISABEL] Request failed: https://assets.santaisabel.cl/9e9992539c88daa61ded-1413.css net::ERR_ABORTED
[SANTA_ISABEL] Request failed: https://assets.santaisabel.cl/8d60492f3a149587ab8a-99.css net::ERR_ABORTED
[SANTA_ISABEL] Request failed: https://www.santaisabel.cl&page=1/ net::ERR_NAME_NOT_RESOLVED
[SANTA_ISABEL] Failed to load https://www.santaisabel.cl&page=1: page.goto: net::ERR_NAME_NOT_RESOLVED at https://www.santaisabel.cl&page=1/
Call log:
[2m  - navigating to "https://www.santaisabel.cl&page=1/", waiting until "domcontentloaded"[22m

[SANTA_ISABEL] Attempting to load: https://www.santaisabel.cl
[SANTA_ISABEL] Failed to load https://www.santaisabel.cl: page.goto: Navigation to "https://www.santaisabel.cl/" is interrupted by another navigation to "chrome-error://chromewebdata/"
Call log:
[2m  - navigating to "https://www.santaisabel.cl/", waiting until "domcontentloaded"[22m

[SANTA_ISABEL] No valid URL pattern worked for page 1 of snacks
[SANTA_ISABEL] Completed scraping category snacks: 0 total products
[SANTA_ISABEL] Category snacks completed. Estimated remaining time: 2 minutes
[SANTA_ISABEL] Starting category 3/6: lacteos
[SANTA_ISABEL] Scraping category: lacteos with 1 URL patterns
[SANTA_ISABEL] Navigating to https://www.santaisabel.cl
[SANTA_ISABEL] Request failed: https://securepubads.g.doubleclick.net/tag/js/gpt.js net::ERR_FAILED
[SANTA_ISABEL] Request failed: https://dev.visualwebsiteoptimizer.com/j.php?a=642581&u=https%3A%2F%2Fwww.santaisabel.cl%2F&vn=2.1&x=true net::ERR_FAILED
[SANTA_ISABEL] Request failed: https://dev.visualwebsiteoptimizer.com/ee.gif?a=642581&e=loading_failure:https://dev.visualwebsiteoptimizer.com/j.php?a=642581&u=https%3A%2F%2Fwww.santaisabel.cl%2F&vn=2.1&x=true net::ERR_FAILED
[SANTA_ISABEL] Category discovery failed: page.goto: Navigation to "https://www.santaisabel.cl/" is interrupted by another navigation to "https://www.santaisabel.cl/"
Call log:
[2m  - navigating to "https://www.santaisabel.cl/", waiting until "domcontentloaded"[22m

[SANTA_ISABEL] Attempting to load: https://www.santaisabel.cl?page=1
[SANTA_ISABEL] Request failed: https://assets.santaisabel.cl/6c3ca00988d4f98c5a08-99-v2.bundle.js net::ERR_ABORTED
[SANTA_ISABEL] Request failed: https://assets.santaisabel.cl/1e9a394d05917c386d31-utils-v2.bundle.js net::ERR_ABORTED
[SANTA_ISABEL] Request failed: https://assets.santaisabel.cl/d92ef33961bb48a4cf76-react-v2.bundle.js net::ERR_ABORTED
[SANTA_ISABEL] Request failed: https://assets.santaisabel.cl/69fa6c14c6ad12795808-1413-v2.bundle.js net::ERR_ABORTED
[SANTA_ISABEL] Request failed: https://assets.santaisabel.cl/8d60492f3a149587ab8a-99.css net::ERR_ABORTED
[SANTA_ISABEL] Request failed: https://dev.visualwebsiteoptimizer.com/j.php?a=642581&u=https%3A%2F%2Fwww.santaisabel.cl%2F&vn=2.1&x=true net::ERR_FAILED
[SANTA_ISABEL] Request failed: https://securepubads.g.doubleclick.net/tag/js/gpt.js net::ERR_FAILED
[SANTA_ISABEL] Request failed: https://dev.visualwebsiteoptimizer.com/ee.gif?a=642581&e=loading_failure:https://dev.visualwebsiteoptimizer.com/j.php?a=642581&u=https%3A%2F%2Fwww.santaisabel.cl%2F&vn=2.1&x=true net::ERR_FAILED
[SANTA_ISABEL] Failed to load https://www.santaisabel.cl?page=1: page.goto: Navigation to "https://www.santaisabel.cl/?page=1" is interrupted by another navigation to "https://www.santaisabel.cl/"
Call log:
[2m  - navigating to "https://www.santaisabel.cl/?page=1", waiting until "domcontentloaded"[22m

[SANTA_ISABEL] Attempting to load: https://www.santaisabel.cl?p=1
[SANTA_ISABEL] Request failed: https://assets.santaisabel.cl/69fa6c14c6ad12795808-1413-v2.bundle.js net::ERR_ABORTED
[SANTA_ISABEL] Request failed: https://assets.santaisabel.cl/d92ef33961bb48a4cf76-react-v2.bundle.js net::ERR_ABORTED
[SANTA_ISABEL] Request failed: https://assets.santaisabel.cl/6c3ca00988d4f98c5a08-99-v2.bundle.js net::ERR_ABORTED
[SANTA_ISABEL] Request failed: https://assets.santaisabel.cl/9e9992539c88daa61ded-1413.css net::ERR_ABORTED
[SANTA_ISABEL] Request failed: https://assets.santaisabel.cl/8d60492f3a149587ab8a-99.css net::ERR_ABORTED
[SANTA_ISABEL] Request failed: https://dev.visualwebsiteoptimizer.com/j.php?a=642581&u=https%3A%2F%2Fwww.santaisabel.cl%2F%3Fpage%3D1&vn=2.1&x=true net::ERR_FAILED
[SANTA_ISABEL] Request failed: https://securepubads.g.doubleclick.net/tag/js/gpt.js net::ERR_FAILED
[SANTA_ISABEL] Request failed: https://dev.visualwebsiteoptimizer.com/ee.gif?a=642581&e=loading_failure:https://dev.visualwebsiteoptimizer.com/j.php?a=642581&u=https%3A%2F%2Fwww.santaisabel.cl%2F%3Fpage%3D1&vn=2.1&x=true net::ERR_FAILED
[SANTA_ISABEL] Failed to load https://www.santaisabel.cl?p=1: page.goto: Navigation to "https://www.santaisabel.cl/?p=1" is interrupted by another navigation to "https://www.santaisabel.cl/?page=1"
Call log:
[2m  - navigating to "https://www.santaisabel.cl/?p=1", waiting until "domcontentloaded"[22m

[SANTA_ISABEL] Attempting to load: https://www.santaisabel.cl/1
[SANTA_ISABEL] Request failed: https://assets.santaisabel.cl/6c3ca00988d4f98c5a08-99-v2.bundle.js net::ERR_ABORTED
[SANTA_ISABEL] Request failed: https://assets.santaisabel.cl/d92ef33961bb48a4cf76-react-v2.bundle.js net::ERR_ABORTED
[SANTA_ISABEL] Request failed: https://snippet.maze.co/static/4c589540481b79bdf88eee0c25ec9afafc93a0e9/contextualScaffold.js net::ERR_ABORTED
[SANTA_ISABEL] Request failed: https://assets.santaisabel.cl/1e9a394d05917c386d31-utils-v2.bundle.js net::ERR_ABORTED
[SANTA_ISABEL] Request failed: https://assets.santaisabel.cl/69fa6c14c6ad12795808-1413-v2.bundle.js net::ERR_ABORTED
[SANTA_ISABEL] Request failed: https://assets.santaisabel.cl/9e9992539c88daa61ded-1413.css net::ERR_ABORTED
[SANTA_ISABEL] Request failed: https://assets.santaisabel.cl/8d60492f3a149587ab8a-99.css net::ERR_ABORTED
[SANTA_ISABEL] Request failed: https://securepubads.g.doubleclick.net/tag/js/gpt.js net::ERR_FAILED
[SANTA_ISABEL] Request failed: https://dev.visualwebsiteoptimizer.com/j.php?a=642581&u=https%3A%2F%2Fwww.santaisabel.cl%2F%3Fp%3D1&vn=2.1&x=true net::ERR_FAILED
[SANTA_ISABEL] Failed to load https://www.santaisabel.cl/1: page.goto: Navigation to "https://www.santaisabel.cl/1" is interrupted by another navigation to "https://www.santaisabel.cl/?p=1"
Call log:
[2m  - navigating to "https://www.santaisabel.cl/1", waiting until "domcontentloaded"[22m

[SANTA_ISABEL] Attempting to load: https://www.santaisabel.cl&page=1
[SANTA_ISABEL] Request failed: https://dev.visualwebsiteoptimizer.com/ee.gif?a=642581&e=loading_failure:https://dev.visualwebsiteoptimizer.com/j.php?a=642581&u=https%3A%2F%2Fwww.santaisabel.cl%2F%3Fp%3D1&vn=2.1&x=true net::ERR_FAILED
[SANTA_ISABEL] Request failed: https://snippet.maze.co/maze-universal-loader.js?t=1755076163347&apiKey=99b600a9-662c-4555-b9e7-6ffe36b594f4 net::ERR_ABORTED
[SANTA_ISABEL] Request failed: https://www.santaisabel.cl&page=1/ net::ERR_NAME_NOT_RESOLVED
[SANTA_ISABEL] Failed to load https://www.santaisabel.cl&page=1: page.goto: net::ERR_NAME_NOT_RESOLVED at https://www.santaisabel.cl&page=1/
Call log:
[2m  - navigating to "https://www.santaisabel.cl&page=1/", waiting until "domcontentloaded"[22m

[SANTA_ISABEL] Attempting to load: https://www.santaisabel.cl
[SANTA_ISABEL] Failed to load https://www.santaisabel.cl: page.goto: Navigation to "https://www.santaisabel.cl/" is interrupted by another navigation to "chrome-error://chromewebdata/"
Call log:
[2m  - navigating to "https://www.santaisabel.cl/", waiting until "domcontentloaded"[22m

[SANTA_ISABEL] No valid URL pattern worked for page 1 of lacteos
[SANTA_ISABEL] Completed scraping category lacteos: 0 total products
[SANTA_ISABEL] Category lacteos completed. Estimated remaining time: 1 minutes
[SANTA_ISABEL] Starting category 4/6: carnes
[SANTA_ISABEL] Scraping category: carnes with 1 URL patterns
[SANTA_ISABEL] Navigating to https://www.santaisabel.cl
[SANTA_ISABEL] Category discovery failed: page.goto: Navigation to "https://www.santaisabel.cl/" is interrupted by another navigation to "https://www.santaisabel.cl/"
Call log:
[2m  - navigating to "https://www.santaisabel.cl/", waiting until "domcontentloaded"[22m

[SANTA_ISABEL] Attempting to load: https://www.santaisabel.cl?page=1
[SANTA_ISABEL] Request failed: https://securepubads.g.doubleclick.net/tag/js/gpt.js net::ERR_ABORTED
[SANTA_ISABEL] Request failed: https://snippet.maze.co/maze-universal-loader.js?t=1755076163347&apiKey=99b600a9-662c-4555-b9e7-6ffe36b594f4 net::ERR_ABORTED
[SANTA_ISABEL] Request failed: https://dev.visualwebsiteoptimizer.com/j.php?a=642581&u=https%3A%2F%2Fwww.santaisabel.cl%2F&vn=2.1&x=true net::ERR_ABORTED
[SANTA_ISABEL] Failed to load https://www.santaisabel.cl?page=1: page.goto: Navigation to "https://www.santaisabel.cl/?page=1" is interrupted by another navigation to "https://www.santaisabel.cl/"
Call log:
[2m  - navigating to "https://www.santaisabel.cl/?page=1", waiting until "domcontentloaded"[22m

[SANTA_ISABEL] Attempting to load: https://www.santaisabel.cl?p=1
[SANTA_ISABEL] Request failed: https://assets.santaisabel.cl/new-relic.js net::ERR_ABORTED
[SANTA_ISABEL] Request failed: https://assets.santaisabel.cl/237f39a9e9cad4dc70fe-bundle-v2.js net::ERR_ABORTED
[SANTA_ISABEL] Request failed: https://fonts.googleapis.com/css?family=Source+Sans+Pro:300,300i,400,400i,600,600i,700,700i net::ERR_ABORTED
[SANTA_ISABEL] Request failed: https://securepubads.g.doubleclick.net/tag/js/gpt.js net::ERR_FAILED
[SANTA_ISABEL] Request failed: https://dev.visualwebsiteoptimizer.com/j.php?a=642581&u=https%3A%2F%2Fwww.santaisabel.cl%2F%3Fpage%3D1&vn=2.1&x=true net::ERR_FAILED
[SANTA_ISABEL] Request failed: https://dev.visualwebsiteoptimizer.com/ee.gif?a=642581&e=loading_failure:https://dev.visualwebsiteoptimizer.com/j.php?a=642581&u=https%3A%2F%2Fwww.santaisabel.cl%2F%3Fpage%3D1&vn=2.1&x=true net::ERR_FAILED
[SANTA_ISABEL] Failed to load https://www.santaisabel.cl?p=1: page.goto: Navigation to "https://www.santaisabel.cl/?p=1" is interrupted by another navigation to "https://www.santaisabel.cl/?page=1"
Call log:
[2m  - navigating to "https://www.santaisabel.cl/?p=1", waiting until "domcontentloaded"[22m

[SANTA_ISABEL] Attempting to load: https://www.santaisabel.cl/1
[SANTA_ISABEL] Request failed: https://assets.santaisabel.cl/6c3ca00988d4f98c5a08-99-v2.bundle.js net::ERR_ABORTED
[SANTA_ISABEL] Request failed: https://snippet.maze.co/maze-universal-loader.js?t=1755076163347&apiKey=99b600a9-662c-4555-b9e7-6ffe36b594f4 net::ERR_ABORTED
[SANTA_ISABEL] Request failed: https://assets.santaisabel.cl/69fa6c14c6ad12795808-1413-v2.bundle.js net::ERR_ABORTED
[SANTA_ISABEL] Request failed: https://assets.santaisabel.cl/d92ef33961bb48a4cf76-react-v2.bundle.js net::ERR_ABORTED
[SANTA_ISABEL] Request failed: https://assets.santaisabel.cl/1e9a394d05917c386d31-utils-v2.bundle.js net::ERR_ABORTED
[SANTA_ISABEL] Request failed: https://assets.santaisabel.cl/8d60492f3a149587ab8a-99.css net::ERR_ABORTED
[SANTA_ISABEL] Request failed: https://assets.santaisabel.cl/9e9992539c88daa61ded-1413.css net::ERR_ABORTED
[SANTA_ISABEL] Request failed: https://dev.visualwebsiteoptimizer.com/j.php?a=642581&u=https%3A%2F%2Fwww.santaisabel.cl%2F%3Fp%3D1&vn=2.1&x=true net::ERR_FAILED
[SANTA_ISABEL] Failed to load https://www.santaisabel.cl/1: page.goto: Navigation to "https://www.santaisabel.cl/1" is interrupted by another navigation to "https://www.santaisabel.cl/?p=1"
Call log:
[2m  - navigating to "https://www.santaisabel.cl/1", waiting until "domcontentloaded"[22m

[SANTA_ISABEL] Attempting to load: https://www.santaisabel.cl&page=1
[SANTA_ISABEL] Request failed: https://snippet.maze.co/maze-universal-loader.js?t=1755076163347&apiKey=99b600a9-662c-4555-b9e7-6ffe36b594f4 net::ERR_ABORTED
[SANTA_ISABEL] Request failed: https://assets.santaisabel.cl/237f39a9e9cad4dc70fe-bundle-v2.js net::ERR_ABORTED
[SANTA_ISABEL] Request failed: https://assets.santaisabel.cl/new-relic.js net::ERR_ABORTED
[SANTA_ISABEL] Request failed: https://securepubads.g.doubleclick.net/tag/js/gpt.js net::ERR_ABORTED
[SANTA_ISABEL] Request failed: https://dev.visualwebsiteoptimizer.com/ee.gif?a=642581&e=loading_failure:https://dev.visualwebsiteoptimizer.com/j.php?a=642581&u=https%3A%2F%2Fwww.santaisabel.cl%2F%3Fp%3D1&vn=2.1&x=true net::ERR_ABORTED
[SANTA_ISABEL] Request failed: https://www.santaisabel.cl&page=1/ net::ERR_NAME_NOT_RESOLVED
[SANTA_ISABEL] Failed to load https://www.santaisabel.cl&page=1: page.goto: net::ERR_NAME_NOT_RESOLVED at https://www.santaisabel.cl&page=1/
Call log:
[2m  - navigating to "https://www.santaisabel.cl&page=1/", waiting until "domcontentloaded"[22m

[SANTA_ISABEL] Attempting to load: https://www.santaisabel.cl
[SANTA_ISABEL] Failed to load https://www.santaisabel.cl: page.goto: Navigation to "https://www.santaisabel.cl/" is interrupted by another navigation to "chrome-error://chromewebdata/"
Call log:
[2m  - navigating to "https://www.santaisabel.cl/", waiting until "domcontentloaded"[22m

[SANTA_ISABEL] No valid URL pattern worked for page 1 of carnes
[SANTA_ISABEL] Completed scraping category carnes: 0 total products
[SANTA_ISABEL] Category carnes completed. Estimated remaining time: 0 minutes
[SANTA_ISABEL] Starting category 5/6: panaderia
[SANTA_ISABEL] Scraping category: panaderia with 1 URL patterns
[SANTA_ISABEL] Navigating to https://www.santaisabel.cl
[SANTA_ISABEL] Request failed: https://dev.visualwebsiteoptimizer.com/j.php?a=642581&u=https%3A%2F%2Fwww.santaisabel.cl%2F&vn=2.1&x=true net::ERR_FAILED
[SANTA_ISABEL] Request failed: https://securepubads.g.doubleclick.net/tag/js/gpt.js net::ERR_FAILED
[SANTA_ISABEL] Request failed: https://dev.visualwebsiteoptimizer.com/ee.gif?a=642581&e=loading_failure:https://dev.visualwebsiteoptimizer.com/j.php?a=642581&u=https%3A%2F%2Fwww.santaisabel.cl%2F&vn=2.1&x=true net::ERR_FAILED
[SANTA_ISABEL] Category discovery failed: page.goto: Navigation to "https://www.santaisabel.cl/" is interrupted by another navigation to "https://www.santaisabel.cl/"
Call log:
[2m  - navigating to "https://www.santaisabel.cl/", waiting until "domcontentloaded"[22m

[SANTA_ISABEL] Attempting to load: https://www.santaisabel.cl?page=1
[SANTA_ISABEL] Request failed: https://snippet.maze.co/static/4c589540481b79bdf88eee0c25ec9afafc93a0e9/contextualScaffold.js net::ERR_ABORTED
[SANTA_ISABEL] Request failed: https://assets.santaisabel.cl/d92ef33961bb48a4cf76-react-v2.bundle.js net::ERR_ABORTED
[SANTA_ISABEL] Request failed: https://assets.santaisabel.cl/1e9a394d05917c386d31-utils-v2.bundle.js net::ERR_ABORTED
[SANTA_ISABEL] Request failed: https://assets.santaisabel.cl/69fa6c14c6ad12795808-1413-v2.bundle.js net::ERR_ABORTED
[SANTA_ISABEL] Request failed: https://assets.santaisabel.cl/6c3ca00988d4f98c5a08-99-v2.bundle.js net::ERR_ABORTED
[SANTA_ISABEL] Request failed: https://assets.santaisabel.cl/9e9992539c88daa61ded-1413.css net::ERR_ABORTED
[SANTA_ISABEL] Request failed: https://assets.santaisabel.cl/8d60492f3a149587ab8a-99.css net::ERR_ABORTED
[SANTA_ISABEL] Request failed: https://dev.visualwebsiteoptimizer.com/j.php?a=642581&u=https%3A%2F%2Fwww.santaisabel.cl%2F&vn=2.1&x=true net::ERR_FAILED
[SANTA_ISABEL] Failed to load https://www.santaisabel.cl?page=1: page.goto: Navigation to "https://www.santaisabel.cl/?page=1" is interrupted by another navigation to "https://www.santaisabel.cl/"
Call log:
[2m  - navigating to "https://www.santaisabel.cl/?page=1", waiting until "domcontentloaded"[22m

[SANTA_ISABEL] Attempting to load: https://www.santaisabel.cl?p=1
[SANTA_ISABEL] Request failed: https://securepubads.g.doubleclick.net/tag/js/gpt.js net::ERR_ABORTED
[SANTA_ISABEL] Request failed: https://assets.santaisabel.cl/new-relic.js net::ERR_ABORTED
[SANTA_ISABEL] Request failed: https://assets.santaisabel.cl/237f39a9e9cad4dc70fe-bundle-v2.js net::ERR_ABORTED
[SANTA_ISABEL] Request failed: https://snippet.maze.co/maze-universal-loader.js?t=1755076163347&apiKey=99b600a9-662c-4555-b9e7-6ffe36b594f4 net::ERR_ABORTED
[SANTA_ISABEL] Request failed: https://dev.visualwebsiteoptimizer.com/ee.gif?a=642581&e=loading_failure:https://dev.visualwebsiteoptimizer.com/j.php?a=642581&u=https%3A%2F%2Fwww.santaisabel.cl%2F&vn=2.1&x=true net::ERR_ABORTED
[SANTA_ISABEL] Request failed: https://securepubads.g.doubleclick.net/tag/js/gpt.js net::ERR_FAILED
[SANTA_ISABEL] Request failed: https://dev.visualwebsiteoptimizer.com/j.php?a=642581&u=https%3A%2F%2Fwww.santaisabel.cl%2F%3Fpage%3D1&vn=2.1&x=true net::ERR_FAILED
[SANTA_ISABEL] Request failed: https://dev.visualwebsiteoptimizer.com/ee.gif?a=642581&e=loading_failure:https://dev.visualwebsiteoptimizer.com/j.php?a=642581&u=https%3A%2F%2Fwww.santaisabel.cl%2F%3Fpage%3D1&vn=2.1&x=true net::ERR_FAILED
[SANTA_ISABEL] Failed to load https://www.santaisabel.cl?p=1: page.goto: Navigation to "https://www.santaisabel.cl/?p=1" is interrupted by another navigation to "https://www.santaisabel.cl/?page=1"
Call log:
[2m  - navigating to "https://www.santaisabel.cl/?p=1", waiting until "domcontentloaded"[22m

[SANTA_ISABEL] Attempting to load: https://www.santaisabel.cl/1
[SANTA_ISABEL] Request failed: https://assets.santaisabel.cl/6c3ca00988d4f98c5a08-99-v2.bundle.js net::ERR_ABORTED
[SANTA_ISABEL] Request failed: https://assets.santaisabel.cl/1e9a394d05917c386d31-utils-v2.bundle.js net::ERR_ABORTED
[SANTA_ISABEL] Request failed: https://assets.santaisabel.cl/69fa6c14c6ad12795808-1413-v2.bundle.js net::ERR_ABORTED
[SANTA_ISABEL] Request failed: https://assets.santaisabel.cl/8d60492f3a149587ab8a-99.css net::ERR_ABORTED
[SANTA_ISABEL] Request failed: https://dev.visualwebsiteoptimizer.com/j.php?a=642581&u=https%3A%2F%2Fwww.santaisabel.cl%2F%3Fp%3D1&vn=2.1&x=true net::ERR_FAILED
[SANTA_ISABEL] Failed to load https://www.santaisabel.cl/1: page.goto: Navigation to "https://www.santaisabel.cl/1" is interrupted by another navigation to "https://www.santaisabel.cl/?p=1"
Call log:
[2m  - navigating to "https://www.santaisabel.cl/1", waiting until "domcontentloaded"[22m

[SANTA_ISABEL] Attempting to load: https://www.santaisabel.cl&page=1
[SANTA_ISABEL] Request failed: https://assets.santaisabel.cl/new-relic.js net::ERR_ABORTED
[SANTA_ISABEL] Request failed: https://snippet.maze.co/maze-universal-loader.js?t=1755076163347&apiKey=99b600a9-662c-4555-b9e7-6ffe36b594f4 net::ERR_ABORTED
[SANTA_ISABEL] Request failed: https://securepubads.g.doubleclick.net/tag/js/gpt.js net::ERR_ABORTED
[SANTA_ISABEL] Request failed: https://assets.santaisabel.cl/237f39a9e9cad4dc70fe-bundle-v2.js net::ERR_ABORTED
[SANTA_ISABEL] Request failed: https://dev.visualwebsiteoptimizer.com/ee.gif?a=642581&e=loading_failure:https://dev.visualwebsiteoptimizer.com/j.php?a=642581&u=https%3A%2F%2Fwww.santaisabel.cl%2F%3Fp%3D1&vn=2.1&x=true net::ERR_ABORTED
[SANTA_ISABEL] Request failed: https://www.santaisabel.cl&page=1/ net::ERR_NAME_NOT_RESOLVED
[SANTA_ISABEL] Failed to load https://www.santaisabel.cl&page=1: page.goto: net::ERR_NAME_NOT_RESOLVED at https://www.santaisabel.cl&page=1/
Call log:
[2m  - navigating to "https://www.santaisabel.cl&page=1/", waiting until "domcontentloaded"[22m

[SANTA_ISABEL] Attempting to load: https://www.santaisabel.cl
[SANTA_ISABEL] Failed to load https://www.santaisabel.cl: page.goto: Navigation to "https://www.santaisabel.cl/" is interrupted by another navigation to "chrome-error://chromewebdata/"
Call log:
[2m  - navigating to "https://www.santaisabel.cl/", waiting until "domcontentloaded"[22m

[SANTA_ISABEL] No valid URL pattern worked for page 1 of panaderia
[SANTA_ISABEL] Completed scraping category panaderia: 0 total products
[SANTA_ISABEL] Category panaderia completed. Estimated remaining time: 0 minutes
[SANTA_ISABEL] Starting category 6/6: aseo
[SANTA_ISABEL] Scraping category: aseo with 1 URL patterns
[SANTA_ISABEL] Navigating to https://www.santaisabel.cl
[SANTA_ISABEL] Category discovery failed: page.goto: Navigation to "https://www.santaisabel.cl/" is interrupted by another navigation to "https://www.santaisabel.cl/"
Call log:
[2m  - navigating to "https://www.santaisabel.cl/", waiting until "domcontentloaded"[22m

[SANTA_ISABEL] Attempting to load: https://www.santaisabel.cl?page=1
[SANTA_ISABEL] Request failed: https://assets.santaisabel.cl/new-relic.js net::ERR_ABORTED
[SANTA_ISABEL] Request failed: https://fonts.googleapis.com/css?family=Source+Sans+Pro:300,300i,400,400i,600,600i,700,700i net::ERR_ABORTED
[SANTA_ISABEL] Request failed: https://securepubads.g.doubleclick.net/tag/js/gpt.js net::ERR_FAILED
[SANTA_ISABEL] Request failed: https://dev.visualwebsiteoptimizer.com/j.php?a=642581&u=https%3A%2F%2Fwww.santaisabel.cl%2F&vn=2.1&x=true net::ERR_FAILED
[SANTA_ISABEL] Request failed: https://dev.visualwebsiteoptimizer.com/ee.gif?a=642581&e=loading_failure:https://dev.visualwebsiteoptimizer.com/j.php?a=642581&u=https%3A%2F%2Fwww.santaisabel.cl%2F&vn=2.1&x=true net::ERR_FAILED
[SANTA_ISABEL] Failed to load https://www.santaisabel.cl?page=1: page.goto: Navigation to "https://www.santaisabel.cl/?page=1" is interrupted by another navigation to "https://www.santaisabel.cl/"
Call log:
[2m  - navigating to "https://www.santaisabel.cl/?page=1", waiting until "domcontentloaded"[22m

[SANTA_ISABEL] Attempting to load: https://www.santaisabel.cl?p=1
[SANTA_ISABEL] Request failed: https://assets.santaisabel.cl/69fa6c14c6ad12795808-1413-v2.bundle.js net::ERR_ABORTED
[SANTA_ISABEL] Request failed: https://assets.santaisabel.cl/6c3ca00988d4f98c5a08-99-v2.bundle.js net::ERR_ABORTED
[SANTA_ISABEL] Request failed: https://assets.santaisabel.cl/9e9992539c88daa61ded-1413.css net::ERR_ABORTED
[SANTA_ISABEL] Request failed: https://assets.santaisabel.cl/8d60492f3a149587ab8a-99.css net::ERR_ABORTED
[SANTA_ISABEL] Request failed: https://dev.visualwebsiteoptimizer.com/j.php?a=642581&u=https%3A%2F%2Fwww.santaisabel.cl%2F%3Fpage%3D1&vn=2.1&x=true net::ERR_FAILED
[SANTA_ISABEL] Failed to load https://www.santaisabel.cl?p=1: page.goto: Navigation to "https://www.santaisabel.cl/?p=1" is interrupted by another navigation to "https://www.santaisabel.cl/?page=1"
Call log:
[2m  - navigating to "https://www.santaisabel.cl/?p=1", waiting until "domcontentloaded"[22m

[SANTA_ISABEL] Attempting to load: https://www.santaisabel.cl/1
[SANTA_ISABEL] Request failed: https://securepubads.g.doubleclick.net/tag/js/gpt.js net::ERR_ABORTED
[SANTA_ISABEL] Request failed: https://assets.santaisabel.cl/new-relic.js net::ERR_ABORTED
[SANTA_ISABEL] Request failed: https://snippet.maze.co/maze-universal-loader.js?t=1755076163347&apiKey=99b600a9-662c-4555-b9e7-6ffe36b594f4 net::ERR_ABORTED
[SANTA_ISABEL] Request failed: https://assets.santaisabel.cl/237f39a9e9cad4dc70fe-bundle-v2.js net::ERR_ABORTED
[SANTA_ISABEL] Request failed: https://dev.visualwebsiteoptimizer.com/ee.gif?a=642581&e=loading_failure:https://dev.visualwebsiteoptimizer.com/j.php?a=642581&u=https%3A%2F%2Fwww.santaisabel.cl%2F%3Fpage%3D1&vn=2.1&x=true net::ERR_ABORTED
[SANTA_ISABEL] Request failed: https://dev.visualwebsiteoptimizer.com/j.php?a=642581&u=https%3A%2F%2Fwww.santaisabel.cl%2F%3Fp%3D1&vn=2.1&x=true net::ERR_FAILED
[SANTA_ISABEL] Request failed: https://securepubads.g.doubleclick.net/tag/js/gpt.js net::ERR_FAILED
[SANTA_ISABEL] Request failed: https://dev.visualwebsiteoptimizer.com/ee.gif?a=642581&e=loading_failure:https://dev.visualwebsiteoptimizer.com/j.php?a=642581&u=https%3A%2F%2Fwww.santaisabel.cl%2F%3Fp%3D1&vn=2.1&x=true net::ERR_FAILED
[SANTA_ISABEL] Failed to load https://www.santaisabel.cl/1: page.goto: Navigation to "https://www.santaisabel.cl/1" is interrupted by another navigation to "https://www.santaisabel.cl/?p=1"
Call log:
[2m  - navigating to "https://www.santaisabel.cl/1", waiting until "domcontentloaded"[22m

[SANTA_ISABEL] Attempting to load: https://www.santaisabel.cl&page=1
[SANTA_ISABEL] Request failed: https://assets.santaisabel.cl/6c3ca00988d4f98c5a08-99-v2.bundle.js net::ERR_ABORTED
[SANTA_ISABEL] Request failed: https://assets.santaisabel.cl/1e9a394d05917c386d31-utils-v2.bundle.js net::ERR_ABORTED
[SANTA_ISABEL] Request failed: https://snippet.maze.co/static/4c589540481b79bdf88eee0c25ec9afafc93a0e9/contextualScaffold.js net::ERR_ABORTED
[SANTA_ISABEL] Request failed: https://assets.santaisabel.cl/69fa6c14c6ad12795808-1413-v2.bundle.js net::ERR_ABORTED
[SANTA_ISABEL] Request failed: https://assets.santaisabel.cl/d92ef33961bb48a4cf76-react-v2.bundle.js net::ERR_ABORTED
[SANTA_ISABEL] Request failed: https://assets.santaisabel.cl/8d60492f3a149587ab8a-99.css net::ERR_ABORTED
[SANTA_ISABEL] Request failed: https://assets.santaisabel.cl/9e9992539c88daa61ded-1413.css net::ERR_ABORTED
[SANTA_ISABEL] Request failed: https://www.santaisabel.cl&page=1/ net::ERR_NAME_NOT_RESOLVED
[SANTA_ISABEL] Failed to load https://www.santaisabel.cl&page=1: page.goto: net::ERR_NAME_NOT_RESOLVED at https://www.santaisabel.cl&page=1/
Call log:
[2m  - navigating to "https://www.santaisabel.cl&page=1/", waiting until "domcontentloaded"[22m

[SANTA_ISABEL] Attempting to load: https://www.santaisabel.cl
[SANTA_ISABEL] Failed to load https://www.santaisabel.cl: page.goto: Navigation to "https://www.santaisabel.cl/" is interrupted by another navigation to "chrome-error://chromewebdata/"
Call log:
[2m  - navigating to "https://www.santaisabel.cl/", waiting until "domcontentloaded"[22m

[SANTA_ISABEL] No valid URL pattern worked for page 1 of aseo
[SANTA_ISABEL] Completed scraping category aseo: 0 total products
[SANTA_ISABEL] Category aseo completed. Estimated remaining time: 0 minutes
[SANTA_ISABEL] Updated global products: 0 total products across 0 stores
[SANTA_ISABEL] Saved 0 products to /home/kuromatsu/Documents/ΛRΛMΛC/Websites/Minimarket/data/products/santa_isabel/products.json
[SANTA_ISABEL] Scraping duration: 1 minutes
[SANTA_ISABEL] ============================================================
[SANTA_ISABEL] MASS SCRAPING COMPLETE
[SANTA_ISABEL] Store: santa_isabel
[SANTA_ISABEL] Total Duration: 1 minutes (67 seconds)
[SANTA_ISABEL] Categories scraped: 6/6
[SANTA_ISABEL] Pages visited: 0
[SANTA_ISABEL] Products found: 0
[SANTA_ISABEL] Images downloaded: 0
[SANTA_ISABEL] Retries: 0
[SANTA_ISABEL] Errors: 0
[SANTA_ISABEL] Success rate: 0%
[SANTA_ISABEL] Average products per page: 0
[SANTA_ISABEL] Products per minute: 0
[SANTA_ISABEL] ============================================================
